2025-07-15 15:44:01,340   INFO  **********************Start logging**********************
2025-07-15 15:44:01,340   INFO  CUDA_VISIBLE_DEVICES=1
2025-07-15 15:44:01,340   INFO  Training with a single process
2025-07-15 15:44:01,340   INFO  cfg_file         cfgs/kitti_models/pillarfocus_ablation_no_dynamic.yaml
2025-07-15 15:44:01,340   INFO  batch_size       8
2025-07-15 15:44:01,340   INFO  epochs           80
2025-07-15 15:44:01,340   INFO  workers          6
2025-07-15 15:44:01,340   INFO  extra_tag        ablation_no_dynamic
2025-07-15 15:44:01,340   INFO  ckpt             None
2025-07-15 15:44:01,340   INFO  pretrained_model None
2025-07-15 15:44:01,340   INFO  launcher         none
2025-07-15 15:44:01,340   INFO  tcp_port         18888
2025-07-15 15:44:01,340   INFO  sync_bn          False
2025-07-15 15:44:01,340   INFO  fix_random_seed  False
2025-07-15 15:44:01,340   INFO  ckpt_save_interval 1
2025-07-15 15:44:01,340   INFO  local_rank       None
2025-07-15 15:44:01,340   INFO  max_ckpt_save_num 30
2025-07-15 15:44:01,340   INFO  merge_all_iters_to_one_epoch False
2025-07-15 15:44:01,340   INFO  set_cfgs         None
2025-07-15 15:44:01,340   INFO  max_waiting_mins 0
2025-07-15 15:44:01,340   INFO  start_epoch      0
2025-07-15 15:44:01,340   INFO  num_epochs_to_eval 0
2025-07-15 15:44:01,340   INFO  save_to_file     False
2025-07-15 15:44:01,340   INFO  use_tqdm_to_record False
2025-07-15 15:44:01,340   INFO  logger_iter_interval 50
2025-07-15 15:44:01,340   INFO  ckpt_save_time_interval 300
2025-07-15 15:44:01,341   INFO  wo_gpu_stat      False
2025-07-15 15:44:01,341   INFO  use_amp          False
2025-07-15 15:44:01,341   INFO  cfg.ROOT_DIR: /det/OpenPCDet
2025-07-15 15:44:01,341   INFO  cfg.LOCAL_RANK: 0
2025-07-15 15:44:01,341   INFO  cfg.CLASS_NAMES: ['Car', 'Pedestrian', 'Cyclist']
2025-07-15 15:44:01,341   INFO  ----------- DATA_CONFIG -----------
2025-07-15 15:44:01,341   INFO  cfg.DATA_CONFIG.DATASET: KittiDataset
2025-07-15 15:44:01,341   INFO  cfg.DATA_CONFIG.DATA_PATH: ../data/kitti
2025-07-15 15:44:01,341   INFO  cfg.DATA_CONFIG.POINT_CLOUD_RANGE: [0, -39.68, -3, 69.12, 39.68, 1]
2025-07-15 15:44:01,341   INFO  ----------- DATA_SPLIT -----------
2025-07-15 15:44:01,341   INFO  cfg.DATA_CONFIG.DATA_SPLIT.train: train
2025-07-15 15:44:01,341   INFO  cfg.DATA_CONFIG.DATA_SPLIT.test: val
2025-07-15 15:44:01,341   INFO  ----------- INFO_PATH -----------
2025-07-15 15:44:01,341   INFO  cfg.DATA_CONFIG.INFO_PATH.train: ['kitti_infos_train.pkl']
2025-07-15 15:44:01,341   INFO  cfg.DATA_CONFIG.INFO_PATH.test: ['kitti_infos_val.pkl']
2025-07-15 15:44:01,341   INFO  cfg.DATA_CONFIG.GET_ITEM_LIST: ['points']
2025-07-15 15:44:01,341   INFO  cfg.DATA_CONFIG.FOV_POINTS_ONLY: True
2025-07-15 15:44:01,341   INFO  ----------- DATA_AUGMENTOR -----------
2025-07-15 15:44:01,341   INFO  cfg.DATA_CONFIG.DATA_AUGMENTOR.DISABLE_AUG_LIST: ['placeholder']
2025-07-15 15:44:01,341   INFO  cfg.DATA_CONFIG.DATA_AUGMENTOR.AUG_CONFIG_LIST: [{'NAME': 'gt_sampling', 'USE_ROAD_PLANE': False, 'DB_INFO_PATH': ['kitti_dbinfos_train.pkl'], 'PREPARE': {'filter_by_min_points': ['Car:5', 'Pedestrian:5', 'Cyclist:5'], 'filter_by_difficulty': [-1]}, 'SAMPLE_GROUPS': ['Car:20', 'Pedestrian:15', 'Cyclist:15'], 'NUM_POINT_FEATURES': 4, 'DATABASE_WITH_FAKELIDAR': False, 'REMOVE_EXTRA_WIDTH': [0.0, 0.0, 0.0], 'LIMIT_WHOLE_SCENE': True}, {'NAME': 'random_world_flip', 'ALONG_AXIS_LIST': ['x']}, {'NAME': 'random_world_rotation', 'WORLD_ROT_ANGLE': [-0.78539816, 0.78539816]}, {'NAME': 'random_world_scaling', 'WORLD_SCALE_RANGE': [0.95, 1.05]}]
2025-07-15 15:44:01,341   INFO  ----------- POINT_FEATURE_ENCODING -----------
2025-07-15 15:44:01,341   INFO  cfg.DATA_CONFIG.POINT_FEATURE_ENCODING.encoding_type: absolute_coordinates_encoding
2025-07-15 15:44:01,341   INFO  cfg.DATA_CONFIG.POINT_FEATURE_ENCODING.used_feature_list: ['x', 'y', 'z', 'intensity']
2025-07-15 15:44:01,341   INFO  cfg.DATA_CONFIG.POINT_FEATURE_ENCODING.src_feature_list: ['x', 'y', 'z', 'intensity']
2025-07-15 15:44:01,341   INFO  cfg.DATA_CONFIG.DATA_PROCESSOR: [{'NAME': 'mask_points_and_boxes_outside_range', 'REMOVE_OUTSIDE_BOXES': True}, {'NAME': 'shuffle_points', 'SHUFFLE_ENABLED': {'train': True, 'test': False}}, {'NAME': 'transform_points_to_voxels', 'VOXEL_SIZE': [0.16, 0.16, 4], 'MAX_POINTS_PER_VOXEL': 32, 'MAX_NUMBER_OF_VOXELS': {'train': 16000, 'test': 40000}}]
2025-07-15 15:44:01,341   INFO  cfg.DATA_CONFIG._BASE_CONFIG_: cfgs/dataset_configs/kitti_dataset.yaml
2025-07-15 15:44:01,341   INFO  ----------- MODEL -----------
2025-07-15 15:44:01,341   INFO  cfg.MODEL.NAME: PillarFocusRCNN
2025-07-15 15:44:01,341   INFO  ----------- VFE -----------
2025-07-15 15:44:01,341   INFO  cfg.MODEL.VFE.NAME: PillarFocusVFE
2025-07-15 15:44:01,341   INFO  cfg.MODEL.VFE.WITH_DISTANCE: False
2025-07-15 15:44:01,341   INFO  cfg.MODEL.VFE.USE_ABSLUTE_XYZ: True
2025-07-15 15:44:01,342   INFO  cfg.MODEL.VFE.USE_NORM: True
2025-07-15 15:44:01,342   INFO  cfg.MODEL.VFE.NUM_FILTERS: [64]
2025-07-15 15:44:01,342   INFO  cfg.MODEL.VFE.DYNAMIC_PILLAR: False
2025-07-15 15:44:01,342   INFO  cfg.MODEL.VFE.MIN_POINTS_THRESHOLD: 10
2025-07-15 15:44:01,342   INFO  cfg.MODEL.VFE.EXPANSION_RATIO: 0.25
2025-07-15 15:44:01,342   INFO  ----------- MAP_TO_BEV -----------
2025-07-15 15:44:01,342   INFO  cfg.MODEL.MAP_TO_BEV.NAME: PillarFocusScatter
2025-07-15 15:44:01,342   INFO  cfg.MODEL.MAP_TO_BEV.NUM_BEV_FEATURES: 64
2025-07-15 15:44:01,342   INFO  cfg.MODEL.MAP_TO_BEV.FOCUS_ENHANCEMENT: False
2025-07-15 15:44:01,342   INFO  ----------- BACKBONE_2D -----------
2025-07-15 15:44:01,342   INFO  cfg.MODEL.BACKBONE_2D.NAME: BaseBEVBackbone
2025-07-15 15:44:01,342   INFO  cfg.MODEL.BACKBONE_2D.LAYER_NUMS: [3, 5, 5]
2025-07-15 15:44:01,342   INFO  cfg.MODEL.BACKBONE_2D.LAYER_STRIDES: [2, 2, 2]
2025-07-15 15:44:01,342   INFO  cfg.MODEL.BACKBONE_2D.NUM_FILTERS: [64, 128, 256]
2025-07-15 15:44:01,342   INFO  cfg.MODEL.BACKBONE_2D.UPSAMPLE_STRIDES: [1, 2, 4]
2025-07-15 15:44:01,342   INFO  cfg.MODEL.BACKBONE_2D.NUM_UPSAMPLE_FILTERS: [128, 128, 128]
2025-07-15 15:44:01,342   INFO  ----------- DENSE_HEAD -----------
2025-07-15 15:44:01,342   INFO  cfg.MODEL.DENSE_HEAD.NAME: AnchorHeadSingle
2025-07-15 15:44:01,342   INFO  cfg.MODEL.DENSE_HEAD.CLASS_AGNOSTIC: False
2025-07-15 15:44:01,342   INFO  cfg.MODEL.DENSE_HEAD.USE_DIRECTION_CLASSIFIER: True
2025-07-15 15:44:01,342   INFO  cfg.MODEL.DENSE_HEAD.DIR_OFFSET: 0.78539
2025-07-15 15:44:01,342   INFO  cfg.MODEL.DENSE_HEAD.DIR_LIMIT_OFFSET: 0.0
2025-07-15 15:44:01,342   INFO  cfg.MODEL.DENSE_HEAD.NUM_DIR_BINS: 2
2025-07-15 15:44:01,342   INFO  cfg.MODEL.DENSE_HEAD.ANCHOR_GENERATOR_CONFIG: [{'class_name': 'Car', 'anchor_sizes': [[3.9, 1.6, 1.56]], 'anchor_rotations': [0, 1.57], 'anchor_bottom_heights': [-1.78], 'align_center': False, 'feature_map_stride': 2, 'matched_threshold': 0.6, 'unmatched_threshold': 0.45}, {'class_name': 'Pedestrian', 'anchor_sizes': [[0.8, 0.6, 1.73]], 'anchor_rotations': [0, 1.57], 'anchor_bottom_heights': [-0.6], 'align_center': False, 'feature_map_stride': 2, 'matched_threshold': 0.5, 'unmatched_threshold': 0.35}, {'class_name': 'Cyclist', 'anchor_sizes': [[1.76, 0.6, 1.73]], 'anchor_rotations': [0, 1.57], 'anchor_bottom_heights': [-0.6], 'align_center': False, 'feature_map_stride': 2, 'matched_threshold': 0.5, 'unmatched_threshold': 0.35}]
2025-07-15 15:44:01,342   INFO  ----------- TARGET_ASSIGNER_CONFIG -----------
2025-07-15 15:44:01,342   INFO  cfg.MODEL.DENSE_HEAD.TARGET_ASSIGNER_CONFIG.NAME: AxisAlignedTargetAssigner
2025-07-15 15:44:01,342   INFO  cfg.MODEL.DENSE_HEAD.TARGET_ASSIGNER_CONFIG.POS_FRACTION: -1.0
2025-07-15 15:44:01,342   INFO  cfg.MODEL.DENSE_HEAD.TARGET_ASSIGNER_CONFIG.SAMPLE_SIZE: 512
2025-07-15 15:44:01,342   INFO  cfg.MODEL.DENSE_HEAD.TARGET_ASSIGNER_CONFIG.NORM_BY_NUM_EXAMPLES: False
2025-07-15 15:44:01,342   INFO  cfg.MODEL.DENSE_HEAD.TARGET_ASSIGNER_CONFIG.MATCH_HEIGHT: False
2025-07-15 15:44:01,342   INFO  cfg.MODEL.DENSE_HEAD.TARGET_ASSIGNER_CONFIG.BOX_CODER: ResidualCoder
2025-07-15 15:44:01,342   INFO  ----------- LOSS_CONFIG -----------
2025-07-15 15:44:01,342   INFO  ----------- LOSS_WEIGHTS -----------
2025-07-15 15:44:01,342   INFO  cfg.MODEL.DENSE_HEAD.LOSS_CONFIG.LOSS_WEIGHTS.cls_weight: 1.0
2025-07-15 15:44:01,343   INFO  cfg.MODEL.DENSE_HEAD.LOSS_CONFIG.LOSS_WEIGHTS.loc_weight: 2.0
2025-07-15 15:44:01,343   INFO  cfg.MODEL.DENSE_HEAD.LOSS_CONFIG.LOSS_WEIGHTS.dir_weight: 0.2
2025-07-15 15:44:01,343   INFO  cfg.MODEL.DENSE_HEAD.LOSS_CONFIG.LOSS_WEIGHTS.code_weights: [1.0, 1.0, 1.0, 1.0, 1.0, 1.0, 1.0]
2025-07-15 15:44:01,343   INFO  ----------- POST_PROCESSING -----------
2025-07-15 15:44:01,343   INFO  cfg.MODEL.POST_PROCESSING.RECALL_THRESH_LIST: [0.3, 0.5, 0.7]
2025-07-15 15:44:01,343   INFO  cfg.MODEL.POST_PROCESSING.SCORE_THRESH: 0.1
2025-07-15 15:44:01,343   INFO  cfg.MODEL.POST_PROCESSING.OUTPUT_RAW_SCORE: False
2025-07-15 15:44:01,343   INFO  cfg.MODEL.POST_PROCESSING.EVAL_METRIC: kitti
2025-07-15 15:44:01,343   INFO  ----------- NMS_CONFIG -----------
2025-07-15 15:44:01,343   INFO  cfg.MODEL.POST_PROCESSING.NMS_CONFIG.MULTI_CLASSES_NMS: False
2025-07-15 15:44:01,343   INFO  cfg.MODEL.POST_PROCESSING.NMS_CONFIG.NMS_TYPE: nms_gpu
2025-07-15 15:44:01,343   INFO  cfg.MODEL.POST_PROCESSING.NMS_CONFIG.NMS_THRESH: 0.01
2025-07-15 15:44:01,343   INFO  cfg.MODEL.POST_PROCESSING.NMS_CONFIG.NMS_PRE_MAXSIZE: 4096
2025-07-15 15:44:01,343   INFO  cfg.MODEL.POST_PROCESSING.NMS_CONFIG.NMS_POST_MAXSIZE: 500
2025-07-15 15:44:01,343   INFO  ----------- OPTIMIZATION -----------
2025-07-15 15:44:01,343   INFO  cfg.OPTIMIZATION.BATCH_SIZE_PER_GPU: 2
2025-07-15 15:44:01,343   INFO  cfg.OPTIMIZATION.NUM_EPOCHS: 80
2025-07-15 15:44:01,343   INFO  cfg.OPTIMIZATION.OPTIMIZER: adam_onecycle
2025-07-15 15:44:01,343   INFO  cfg.OPTIMIZATION.LR: 0.012
2025-07-15 15:44:01,343   INFO  cfg.OPTIMIZATION.WEIGHT_DECAY: 0.01
2025-07-15 15:44:01,343   INFO  cfg.OPTIMIZATION.MOMENTUM: 0.9
2025-07-15 15:44:01,343   INFO  cfg.OPTIMIZATION.MOMS: [0.95, 0.85]
2025-07-15 15:44:01,343   INFO  cfg.OPTIMIZATION.PCT_START: 0.4
2025-07-15 15:44:01,343   INFO  cfg.OPTIMIZATION.DIV_FACTOR: 10
2025-07-15 15:44:01,343   INFO  cfg.OPTIMIZATION.DECAY_STEP_LIST: [35, 45]
2025-07-15 15:44:01,343   INFO  cfg.OPTIMIZATION.LR_DECAY: 0.1
2025-07-15 15:44:01,343   INFO  cfg.OPTIMIZATION.LR_CLIP: 1e-07
2025-07-15 15:44:01,343   INFO  cfg.OPTIMIZATION.LR_WARMUP: False
2025-07-15 15:44:01,343   INFO  cfg.OPTIMIZATION.WARMUP_EPOCH: 1
2025-07-15 15:44:01,343   INFO  cfg.OPTIMIZATION.GRAD_NORM_CLIP: 10
2025-07-15 15:44:01,343   INFO  cfg.TAG: pillarfocus_ablation_no_dynamic
2025-07-15 15:44:01,343   INFO  cfg.EXP_GROUP_PATH: kitti_models
2025-07-15 15:44:01,348   INFO  ----------- Create dataloader & network & optimizer -----------
2025-07-15 15:44:01,447   INFO  Database filter by min points Car: 14357 => 13532
2025-07-15 15:44:01,447   INFO  Database filter by min points Pedestrian: 2207 => 2168
2025-07-15 15:44:01,447   INFO  Database filter by min points Cyclist: 734 => 705
2025-07-15 15:44:01,463   INFO  Database filter by difficulty Car: 13532 => 10759
2025-07-15 15:44:01,465   INFO  Database filter by difficulty Pedestrian: 2168 => 2075
2025-07-15 15:44:01,466   INFO  Database filter by difficulty Cyclist: 705 => 581
2025-07-15 15:44:01,471   INFO  Loading KITTI dataset
2025-07-15 15:44:01,546   INFO  Total samples for KITTI dataset: 3712
/root/anaconda3/envs/open1/lib/python3.9/site-packages/torch/functional.py:504: UserWarning: torch.meshgrid: in an upcoming release, it will be required to pass the indexing argument. (Triggered internally at ../aten/src/ATen/native/TensorShape.cpp:3483.)
  return _VF.meshgrid(tensors, **kwargs)  # type: ignore[attr-defined]
2025-07-15 15:44:01,780   INFO  ==> Loading parameters from checkpoint /det/OpenPCDet/output/kitti_models/pillarfocus_ablation_no_dynamic/ablation_no_dynamic/ckpt/latest_model.pth to GPU
2025-07-15 15:44:01,849   INFO  ==> Loading optimizer parameters from checkpoint /det/OpenPCDet/output/kitti_models/pillarfocus_ablation_no_dynamic/ablation_no_dynamic/ckpt/latest_model.pth to GPU
2025-07-15 15:44:01,859   INFO  ==> Done
2025-07-15 15:44:01,861   INFO  ----------- Model PillarFocusRCNN created, param count: 4835945 -----------
2025-07-15 15:44:01,861   INFO  PillarFocusRCNN(
  (vfe): PillarFocusVFE(
    (pfn_layers): ModuleList(
      (0): PFNLayer(
        (linear): Linear(in_features=10, out_features=64, bias=False)
        (norm): BatchNorm1d(64, eps=0.001, momentum=0.01, affine=True, track_running_stats=True)
      )
    )
  )
  (backbone_3d): None
  (map_to_bev_module): PillarFocusScatter(
    (spatial_conv): Sequential(
      (0): Conv2d(64, 16, kernel_size=(1, 1), stride=(1, 1))
      (1): ReLU(inplace=True)
      (2): Conv2d(16, 1, kernel_size=(1, 1), stride=(1, 1))
      (3): Sigmoid()
    )
  )
  (pfe): None
  (backbone_2d): BaseBEVBackbone(
    (blocks): ModuleList(
      (0): Sequential(
        (0): ZeroPad2d((1, 1, 1, 1))
        (1): Conv2d(64, 64, kernel_size=(3, 3), stride=(2, 2), bias=False)
        (2): BatchNorm2d(64, eps=0.001, momentum=0.01, affine=True, track_running_stats=True)
        (3): ReLU()
        (4): Conv2d(64, 64, kernel_size=(3, 3), stride=(1, 1), padding=(1, 1), bias=False)
        (5): BatchNorm2d(64, eps=0.001, momentum=0.01, affine=True, track_running_stats=True)
        (6): ReLU()
        (7): Conv2d(64, 64, kernel_size=(3, 3), stride=(1, 1), padding=(1, 1), bias=False)
        (8): BatchNorm2d(64, eps=0.001, momentum=0.01, affine=True, track_running_stats=True)
        (9): ReLU()
        (10): Conv2d(64, 64, kernel_size=(3, 3), stride=(1, 1), padding=(1, 1), bias=False)
        (11): BatchNorm2d(64, eps=0.001, momentum=0.01, affine=True, track_running_stats=True)
        (12): ReLU()
      )
      (1): Sequential(
        (0): ZeroPad2d((1, 1, 1, 1))
        (1): Conv2d(64, 128, kernel_size=(3, 3), stride=(2, 2), bias=False)
        (2): BatchNorm2d(128, eps=0.001, momentum=0.01, affine=True, track_running_stats=True)
        (3): ReLU()
        (4): Conv2d(128, 128, kernel_size=(3, 3), stride=(1, 1), padding=(1, 1), bias=False)
        (5): BatchNorm2d(128, eps=0.001, momentum=0.01, affine=True, track_running_stats=True)
        (6): ReLU()
        (7): Conv2d(128, 128, kernel_size=(3, 3), stride=(1, 1), padding=(1, 1), bias=False)
        (8): BatchNorm2d(128, eps=0.001, momentum=0.01, affine=True, track_running_stats=True)
        (9): ReLU()
        (10): Conv2d(128, 128, kernel_size=(3, 3), stride=(1, 1), padding=(1, 1), bias=False)
        (11): BatchNorm2d(128, eps=0.001, momentum=0.01, affine=True, track_running_stats=True)
        (12): ReLU()
        (13): Conv2d(128, 128, kernel_size=(3, 3), stride=(1, 1), padding=(1, 1), bias=False)
        (14): BatchNorm2d(128, eps=0.001, momentum=0.01, affine=True, track_running_stats=True)
        (15): ReLU()
        (16): Conv2d(128, 128, kernel_size=(3, 3), stride=(1, 1), padding=(1, 1), bias=False)
        (17): BatchNorm2d(128, eps=0.001, momentum=0.01, affine=True, track_running_stats=True)
        (18): ReLU()
      )
      (2): Sequential(
        (0): ZeroPad2d((1, 1, 1, 1))
        (1): Conv2d(128, 256, kernel_size=(3, 3), stride=(2, 2), bias=False)
        (2): BatchNorm2d(256, eps=0.001, momentum=0.01, affine=True, track_running_stats=True)
        (3): ReLU()
        (4): Conv2d(256, 256, kernel_size=(3, 3), stride=(1, 1), padding=(1, 1), bias=False)
        (5): BatchNorm2d(256, eps=0.001, momentum=0.01, affine=True, track_running_stats=True)
        (6): ReLU()
        (7): Conv2d(256, 256, kernel_size=(3, 3), stride=(1, 1), padding=(1, 1), bias=False)
        (8): BatchNorm2d(256, eps=0.001, momentum=0.01, affine=True, track_running_stats=True)
        (9): ReLU()
        (10): Conv2d(256, 256, kernel_size=(3, 3), stride=(1, 1), padding=(1, 1), bias=False)
        (11): BatchNorm2d(256, eps=0.001, momentum=0.01, affine=True, track_running_stats=True)
        (12): ReLU()
        (13): Conv2d(256, 256, kernel_size=(3, 3), stride=(1, 1), padding=(1, 1), bias=False)
        (14): BatchNorm2d(256, eps=0.001, momentum=0.01, affine=True, track_running_stats=True)
        (15): ReLU()
        (16): Conv2d(256, 256, kernel_size=(3, 3), stride=(1, 1), padding=(1, 1), bias=False)
        (17): BatchNorm2d(256, eps=0.001, momentum=0.01, affine=True, track_running_stats=True)
        (18): ReLU()
      )
    )
    (deblocks): ModuleList(
      (0): Sequential(
        (0): ConvTranspose2d(64, 128, kernel_size=(1, 1), stride=(1, 1), bias=False)
        (1): BatchNorm2d(128, eps=0.001, momentum=0.01, affine=True, track_running_stats=True)
        (2): ReLU()
      )
      (1): Sequential(
        (0): ConvTranspose2d(128, 128, kernel_size=(2, 2), stride=(2, 2), bias=False)
        (1): BatchNorm2d(128, eps=0.001, momentum=0.01, affine=True, track_running_stats=True)
        (2): ReLU()
      )
      (2): Sequential(
        (0): ConvTranspose2d(256, 128, kernel_size=(4, 4), stride=(4, 4), bias=False)
        (1): BatchNorm2d(128, eps=0.001, momentum=0.01, affine=True, track_running_stats=True)
        (2): ReLU()
      )
    )
  )
  (dense_head): AnchorHeadSingle(
    (cls_loss_func): SigmoidFocalClassificationLoss()
    (reg_loss_func): WeightedSmoothL1Loss()
    (dir_loss_func): WeightedCrossEntropyLoss()
    (conv_cls): Conv2d(384, 18, kernel_size=(1, 1), stride=(1, 1))
    (conv_box): Conv2d(384, 42, kernel_size=(1, 1), stride=(1, 1))
    (conv_dir_cls): Conv2d(384, 12, kernel_size=(1, 1), stride=(1, 1))
  )
  (point_head): None
  (roi_head): None
)
2025-07-15 15:44:01,862   INFO  **********************Start training kitti_models/pillarfocus_ablation_no_dynamic(ablation_no_dynamic)**********************
==> Checkpoint trained from version: pcdet+0.6.0+8caccce
epochs:   0%|          | 0/80 [00:00<?, ?it/s]
train:   0%|          | 0/464 [00:00<?, ?it/s][A2025-07-15 15:44:15,150   INFO  Train:    1/80 (  1%) [ 321/464 ( 69%)]  Loss: 1.134 (1.13)  LR: 1.212e-03  Time cost: 00:12/28:59 [00:13/124:20:53]  Acc_iter 322         Data time: 8.48(8.48)  Forward time: 3.69(3.69)  Batch time: 12.16(12.16)
2025-07-15 15:44:37,788   INFO  Train:    1/80 (  1%) [ 349/464 ( 75%)]  Loss: 1.175 (1.15)  LR: 1.215e-03  Time cost: 00:34/02:18 [00:35/12:15:28]  Acc_iter 350         Data time: 0.00(0.50)  Forward time: 0.48(0.70)  Batch time: 0.48(1.20)
2025-07-15 15:45:20,988   INFO  Train:    1/80 (  1%) [ 399/464 ( 86%)]  Loss: 1.164 (1.13)  LR: 1.219e-03  Time cost: 01:18/01:04 [01:19/10:04:17]  Acc_iter 400         Data time: 2.13(0.40)  Forward time: 0.81(0.59)  Batch time: 2.94(0.99)
2025-07-15 15:46:06,568   INFO  Train:    1/80 (  1%) [ 449/464 ( 97%)]  Loss: 1.045 (1.11)  LR: 1.224e-03  Time cost: 02:03/00:14 [02:04/9:45:30]  Acc_iter 450         Data time: 0.00(0.40)  Forward time: 0.39(0.56)  Batch time: 0.39(0.96)
2025-07-15 15:46:07,376   INFO  42b910279906                Tue Jul 15 15:46:07 2025  535.247.01
[0] NVIDIA GeForce RTX 4090 | 67Â°C,  47 % | 18521 / 24564 MB |
[1] NVIDIA GeForce RTX 4090 | 68Â°C,  26 % | 21235 / 24564 MB |
[2] NVIDIA GeForce RTX 4090 | 59Â°C,   8 % |   730 / 24564 MB |
[3] NVIDIA GeForce RTX 4090 | 85Â°C,  91 % | 19883 / 24564 MB |

2025-07-15 15:46:19,450   INFO  Train:    1/80 (  1%) [ 463/464 (100%)]  Loss: 0.9678 (1.11)  LR: 1.226e-03  Time cost: 02:16/00:00 [02:17/9:43:01]  Acc_iter 464         Data time: 2.05(0.40)  Forward time: 0.41(0.56)  Batch time: 2.46(0.95)

                                              [Aepochs:   1%|â–         | 1/80 [02:17<3:01:34, 137.90s/it]
train:   0%|          | 0/464 [00:00<?, ?it/s][A2025-07-15 15:46:25,521   INFO  Train:    2/80 (  2%) [   0/464 (  0%)]  Loss: 0.9891 (0.989)  LR: 1.226e-03  Time cost: 00:05/40:25 [02:23/53:13:09]  Acc_iter 465         Data time: 4.73(4.73)  Forward time: 0.49(0.49)  Batch time: 5.23(5.23)
2025-07-15 15:46:56,594   INFO  Train:    2/80 (  2%) [  35/464 (  8%)]  Loss: 0.9874 (1.05)  LR: 1.230e-03  Time cost: 00:36/07:12 [02:54/10:15:25]  Acc_iter 500         Data time: 0.00(0.48)  Forward time: 0.86(0.53)  Batch time: 0.86(1.01)
2025-07-15 15:47:32,634   INFO  Train:    2/80 (  2%) [  85/464 ( 18%)]  Loss: 1.025 (1.02)  LR: 1.236e-03  Time cost: 01:12/05:18 [03:30/8:32:41]  Acc_iter 550         Data time: 0.00(0.30)  Forward time: 0.72(0.54)  Batch time: 0.72(0.84)
2025-07-15 15:48:12,635   INFO  Train:    2/80 (  2%) [ 135/464 ( 29%)]  Loss: 0.9745 (1.01)  LR: 1.243e-03  Time cost: 01:52/04:31 [04:10/8:22:47]  Acc_iter 600         Data time: 2.88(0.29)  Forward time: 0.55(0.53)  Batch time: 3.43(0.83)
2025-07-15 15:48:13,383   INFO  42b910279906                Tue Jul 15 15:48:13 2025  535.247.01
[0] NVIDIA GeForce RTX 4090 | 68Â°C,  70 % | 18521 / 24564 MB |
[1] NVIDIA GeForce RTX 4090 | 74Â°C,  41 % | 21235 / 24564 MB |
[2] NVIDIA GeForce RTX 4090 | 61Â°C,   8 % |   730 / 24564 MB |
[3] NVIDIA GeForce RTX 4090 | 72Â°C,   0 % | 19883 / 24564 MB |

2025-07-15 15:48:51,517   INFO  Train:    2/80 (  2%) [ 185/464 ( 40%)]  Loss: 1.102 (1.00)  LR: 1.251e-03  Time cost: 02:31/03:46 [04:49/8:14:11]  Acc_iter 650         Data time: 0.00(0.28)  Forward time: 0.88(0.53)  Batch time: 0.88(0.81)
2025-07-15 15:49:34,611   INFO  Train:    2/80 (  2%) [ 235/464 ( 51%)]  Loss: 0.9090 (0.989)  LR: 1.259e-03  Time cost: 03:14/03:08 [05:32/8:19:48]  Acc_iter 700         Data time: 0.04(0.29)  Forward time: 0.56(0.54)  Batch time: 0.60(0.82)
2025-07-15 15:50:19,140   INFO  Train:    2/80 (  2%) [ 285/464 ( 61%)]  Loss: 0.8298 (0.977)  LR: 1.268e-03  Time cost: 03:58/02:29 [06:17/8:26:14]  Acc_iter 750         Data time: 0.00(0.30)  Forward time: 0.50(0.53)  Batch time: 0.50(0.84)
2025-07-15 15:50:20,416   INFO  42b910279906                Tue Jul 15 15:50:20 2025  535.247.01
[0] NVIDIA GeForce RTX 4090 | 68Â°C,  29 % | 18521 / 24564 MB |
[1] NVIDIA GeForce RTX 4090 | 70Â°C,  42 % | 21235 / 24564 MB |
[2] NVIDIA GeForce RTX 4090 | 61Â°C,   8 % |   730 / 24564 MB |
[3] NVIDIA GeForce RTX 4090 | 79Â°C,  96 % | 19883 / 24564 MB |

2025-07-15 15:51:00,661   INFO  Train:    2/80 (  2%) [ 335/464 ( 72%)]  Loss: 0.9288 (0.969)  LR: 1.277e-03  Time cost: 04:40/01:47 [06:58/8:25:06]  Acc_iter 800         Data time: 0.01(0.30)  Forward time: 0.38(0.54)  Batch time: 0.39(0.83)
2025-07-15 15:51:21,130   INFO  Save latest model to /det/OpenPCDet/output/kitti_models/pillarfocus_ablation_no_dynamic/ablation_no_dynamic/ckpt/latest_model
2025-07-15 15:51:43,000   INFO  Train:    2/80 (  2%) [ 385/464 ( 83%)]  Loss: 0.8606 (0.962)  LR: 1.287e-03  Time cost: 05:22/01:06 [07:41/8:25:23]  Acc_iter 850         Data time: 0.00(0.30)  Forward time: 0.50(0.53)  Batch time: 0.50(0.84)
2025-07-15 15:52:21,774   INFO  Train:    2/80 (  2%) [ 435/464 ( 94%)]  Loss: 0.9283 (0.955)  LR: 1.297e-03  Time cost: 06:01/00:24 [08:19/8:20:30]  Acc_iter 900         Data time: 0.00(0.30)  Forward time: 0.66(0.53)  Batch time: 0.66(0.83)
2025-07-15 15:52:22,772   INFO  42b910279906                Tue Jul 15 15:52:22 2025  535.247.01
[0] NVIDIA GeForce RTX 4090 | 71Â°C,  66 % | 18521 / 24564 MB |
[1] NVIDIA GeForce RTX 4090 | 69Â°C,   1 % | 21235 / 24564 MB |
[2] NVIDIA GeForce RTX 4090 | 62Â°C,   9 % |   730 / 24564 MB |
[3] NVIDIA GeForce RTX 4090 | 75Â°C,  58 % | 19883 / 24564 MB |

2025-07-15 15:52:41,377   INFO  Train:    2/80 (  2%) [ 463/464 (100%)]  Loss: 0.9319 (0.950)  LR: 1.304e-03  Time cost: 06:21/00:00 [08:39/8:15:25]  Acc_iter 928         Data time: 0.00(0.30)  Forward time: 0.29(0.52)  Batch time: 0.29(0.82)

                                              [Aepochs:   2%|â–Ž         | 2/80 [08:40<6:06:07, 281.63s/it]
train:   0%|          | 0/464 [00:00<?, ?it/s][A2025-07-15 15:52:49,154   INFO  Train:    3/80 (  4%) [   0/464 (  0%)]  Loss: 0.9275 (0.927)  LR: 1.304e-03  Time cost: 00:06/49:20 [08:47/64:08:57]  Acc_iter 929         Data time: 5.94(5.94)  Forward time: 0.45(0.45)  Batch time: 6.38(6.38)
2025-07-15 15:53:03,175   INFO  Train:    3/80 (  4%) [  21/464 (  5%)]  Loss: 0.8428 (0.877)  LR: 1.308e-03  Time cost: 00:20/06:50 [09:01/9:19:03]  Acc_iter 950         Data time: 0.00(0.41)  Forward time: 0.58(0.52)  Batch time: 0.58(0.93)
2025-07-15 15:53:45,515   INFO  Train:    3/80 (  4%) [  71/464 ( 15%)]  Loss: 0.8653 (0.870)  LR: 1.320e-03  Time cost: 01:02/05:42 [09:43/8:44:36]  Acc_iter 1000        Data time: 0.14(0.31)  Forward time: 0.60(0.56)  Batch time: 0.74(0.87)
2025-07-15 15:54:23,670   INFO  Train:    3/80 (  4%) [ 121/464 ( 26%)]  Loss: 0.8427 (0.859)  LR: 1.332e-03  Time cost: 01:40/04:43 [10:21/8:17:11]  Acc_iter 1050        Data time: 0.02(0.25)  Forward time: 0.74(0.58)  Batch time: 0.77(0.83)
2025-07-15 15:54:24,566   INFO  42b910279906                Tue Jul 15 15:54:24 2025  535.247.01
[0] NVIDIA GeForce RTX 4090 | 67Â°C,  51 % | 18521 / 24564 MB |
[1] NVIDIA GeForce RTX 4090 | 69Â°C,  43 % | 21235 / 24564 MB |
[2] NVIDIA GeForce RTX 4090 | 62Â°C,   8 % |   730 / 24564 MB |
[3] NVIDIA GeForce RTX 4090 | 80Â°C, 100 % | 19883 / 24564 MB |

2025-07-15 15:55:03,879   INFO  Train:    3/80 (  4%) [ 171/464 ( 37%)]  Loss: 0.7988 (0.856)  LR: 1.345e-03  Time cost: 02:21/04:00 [11:02/8:12:31]  Acc_iter 1100        Data time: 0.42(0.25)  Forward time: 0.82(0.57)  Batch time: 1.24(0.82)
2025-07-15 15:55:41,580   INFO  Train:    3/80 (  4%) [ 221/464 ( 48%)]  Loss: 0.8544 (0.848)  LR: 1.359e-03  Time cost: 02:58/03:15 [11:39/8:02:52]  Acc_iter 1150        Data time: 0.40(0.23)  Forward time: 0.65(0.58)  Batch time: 1.05(0.81)
2025-07-15 15:56:27,782   INFO  Train:    3/80 (  4%) [ 271/464 ( 58%)]  Loss: 0.8799 (0.844)  LR: 1.373e-03  Time cost: 03:45/02:39 [12:25/8:15:15]  Acc_iter 1200        Data time: 0.00(0.25)  Forward time: 0.48(0.58)  Batch time: 0.48(0.83)
2025-07-15 15:56:28,521   INFO  42b910279906                Tue Jul 15 15:56:28 2025  535.247.01
[0] NVIDIA GeForce RTX 4090 | 73Â°C,  10 % | 18521 / 24564 MB |
[1] NVIDIA GeForce RTX 4090 | 69Â°C,   0 % | 21235 / 24564 MB |
[2] NVIDIA GeForce RTX 4090 | 62Â°C,   8 % |   730 / 24564 MB |
[3] NVIDIA GeForce RTX 4090 | 85Â°C,  81 % | 19883 / 24564 MB |

2025-07-15 15:57:11,048   INFO  Train:    3/80 (  4%) [ 321/464 ( 69%)]  Loss: 0.7880 (0.842)  LR: 1.387e-03  Time cost: 04:28/01:59 [13:09/8:18:06]  Acc_iter 1250        Data time: 2.04(0.26)  Forward time: 0.73(0.58)  Batch time: 2.77(0.83)
2025-07-15 15:57:43,043   INFO  Save latest model to /det/OpenPCDet/output/kitti_models/pillarfocus_ablation_no_dynamic/ablation_no_dynamic/ckpt/latest_model
2025-07-15 15:58:03,314   INFO  Train:    3/80 (  4%) [ 371/464 ( 80%)]  Loss: 0.7743 (0.839)  LR: 1.403e-03  Time cost: 05:20/01:20 [14:01/8:34:25]  Acc_iter 1300        Data time: 0.00(0.29)  Forward time: 0.67(0.57)  Batch time: 0.67(0.86)
2025-07-15 15:58:58,034   INFO  Train:    3/80 (  4%) [ 421/464 ( 91%)]  Loss: 0.8337 (0.833)  LR: 1.418e-03  Time cost: 06:15/00:38 [14:56/8:50:09]  Acc_iter 1350        Data time: 0.14(0.30)  Forward time: 0.63(0.59)  Batch time: 0.77(0.89)
2025-07-15 15:58:58,776   INFO  42b910279906                Tue Jul 15 15:58:58 2025  535.247.01
[0] NVIDIA GeForce RTX 4090 | 73Â°C,  61 % | 18521 / 24564 MB |
[1] NVIDIA GeForce RTX 4090 | 68Â°C,  45 % | 21237 / 24564 MB |
[2] NVIDIA GeForce RTX 4090 | 67Â°C,   8 % | 12414 / 24564 MB |
[3] NVIDIA GeForce RTX 4090 | 83Â°C,  47 % | 19883 / 24564 MB |

2025-07-15 15:59:36,517   INFO  Train:    3/80 (  4%) [ 463/464 (100%)]  Loss: 0.7975 (0.830)  LR: 1.432e-03  Time cost: 06:53/00:00 [15:34/8:50:59]  Acc_iter 1392        Data time: 0.00(0.30)  Forward time: 0.40(0.59)  Batch time: 0.41(0.89)

                                              [Aepochs:   4%|â–         | 3/80 [15:35<7:19:33, 342.52s/it]
train:   0%|          | 0/464 [00:00<?, ?it/s][A2025-07-15 15:59:43,728   INFO  Train:    4/80 (  5%) [   0/464 (  0%)]  Loss: 0.7838 (0.784)  LR: 1.433e-03  Time cost: 00:06/47:35 [15:41/61:04:52]  Acc_iter 1393        Data time: 5.77(5.77)  Forward time: 0.38(0.38)  Batch time: 6.15(6.15)
2025-07-15 15:59:51,462   INFO  Train:    4/80 (  5%) [   7/464 (  2%)]  Loss: 0.7649 (0.793)  LR: 1.435e-03  Time cost: 00:13/13:13 [15:49/17:13:34]  Acc_iter 1400        Data time: 2.08(1.15)  Forward time: 0.48(0.59)  Batch time: 2.56(1.74)
2025-07-15 16:00:42,023   INFO  Train:    4/80 (  5%) [  57/464 ( 12%)]  Loss: 0.7682 (0.781)  LR: 1.452e-03  Time cost: 01:04/07:32 [16:40/11:00:37]  Acc_iter 1450        Data time: 0.01(0.46)  Forward time: 0.65(0.66)  Batch time: 0.66(1.11)
2025-07-15 16:01:38,420   INFO  Train:    4/80 (  5%) [ 107/464 ( 23%)]  Loss: 0.7986 (0.782)  LR: 1.469e-03  Time cost: 02:00/06:39 [17:36/11:04:17]  Acc_iter 1500        Data time: 0.00(0.47)  Forward time: 0.38(0.65)  Batch time: 0.38(1.12)
2025-07-15 16:01:39,382   INFO  42b910279906                Tue Jul 15 16:01:39 2025  535.247.01
[0] NVIDIA GeForce RTX 4090 | 73Â°C,  13 % | 18521 / 24564 MB |
[1] NVIDIA GeForce RTX 4090 | 69Â°C,  15 % | 21865 / 24564 MB |
[2] NVIDIA GeForce RTX 4090 | 72Â°C,  52 % | 12416 / 24564 MB |
[3] NVIDIA GeForce RTX 4090 | 75Â°C,  92 % | 19883 / 24564 MB |

2025-07-15 16:02:33,394   INFO  Train:    4/80 (  5%) [ 157/464 ( 34%)]  Loss: 0.6930 (0.778)  LR: 1.487e-03  Time cost: 02:55/05:41 [18:31/10:59:42]  Acc_iter 1550        Data time: 4.85(0.47)  Forward time: 0.73(0.64)  Batch time: 5.58(1.11)
2025-07-15 16:03:24,359   INFO  Train:    4/80 (  5%) [ 207/464 ( 45%)]  Loss: 0.8242 (0.776)  LR: 1.506e-03  Time cost: 03:46/04:40 [19:22/10:45:29]  Acc_iter 1600        Data time: 0.01(0.45)  Forward time: 0.57(0.64)  Batch time: 0.58(1.09)
2025-07-15 16:04:13,386   INFO  Train:    4/80 (  5%) [ 257/464 ( 55%)]  Loss: 0.7681 (0.772)  LR: 1.525e-03  Time cost: 04:35/03:41 [20:11/10:31:59]  Acc_iter 1650        Data time: 1.02(0.43)  Forward time: 0.42(0.64)  Batch time: 1.44(1.07)
2025-07-15 16:04:14,336   INFO  42b910279906                Tue Jul 15 16:04:14 2025  535.247.01
[0] NVIDIA GeForce RTX 4090 | 67Â°C,  24 % | 18521 / 24564 MB |
[1] NVIDIA GeForce RTX 4090 | 69Â°C,  38 % | 21865 / 24564 MB |
[2] NVIDIA GeForce RTX 4090 | 67Â°C,  18 % | 12416 / 24564 MB |
[3] NVIDIA GeForce RTX 4090 | 80Â°C,  30 % | 19883 / 24564 MB |

2025-07-15 16:04:38,612   INFO  Save latest model to /det/OpenPCDet/output/kitti_models/pillarfocus_ablation_no_dynamic/ablation_no_dynamic/ckpt/latest_model
2025-07-15 16:05:06,801   INFO  Train:    4/80 (  5%) [ 307/464 ( 66%)]  Loss: 0.7941 (0.770)  LR: 1.545e-03  Time cost: 05:29/02:47 [21:04/10:31:02]  Acc_iter 1700        Data time: 0.03(0.44)  Forward time: 0.83(0.63)  Batch time: 0.85(1.07)
2025-07-15 16:05:53,300   INFO  Train:    4/80 (  5%) [ 357/464 ( 77%)]  Loss: 0.7179 (0.768)  LR: 1.566e-03  Time cost: 06:15/01:52 [21:51/10:18:42]  Acc_iter 1750        Data time: 0.01(0.41)  Forward time: 0.47(0.64)  Batch time: 0.48(1.05)
2025-07-15 16:06:44,850   INFO  Train:    4/80 (  5%) [ 407/464 ( 88%)]  Loss: 0.8130 (0.765)  LR: 1.586e-03  Time cost: 07:07/00:59 [22:42/10:16:29]  Acc_iter 1800        Data time: 0.22(0.41)  Forward time: 0.48(0.64)  Batch time: 0.69(1.05)
2025-07-15 16:06:45,723   INFO  42b910279906                Tue Jul 15 16:06:45 2025  535.247.01
[0] NVIDIA GeForce RTX 4090 | 68Â°C,  50 % | 18521 / 24564 MB |
[1] NVIDIA GeForce RTX 4090 | 68Â°C,  21 % | 21865 / 24564 MB |
[2] NVIDIA GeForce RTX 4090 | 67Â°C,  45 % | 12463 / 24564 MB |
[3] NVIDIA GeForce RTX 4090 | 76Â°C,  34 % | 19883 / 24564 MB |

2025-07-15 16:07:32,199   INFO  Train:    4/80 (  5%) [ 457/464 ( 98%)]  Loss: 0.7186 (0.763)  LR: 1.608e-03  Time cost: 07:54/00:07 [23:30/10:09:11]  Acc_iter 1850        Data time: 0.00(0.39)  Forward time: 0.51(0.64)  Batch time: 0.51(1.04)
2025-07-15 16:07:37,066   INFO  Train:    4/80 (  5%) [ 463/464 (100%)]  Loss: 0.7790 (0.763)  LR: 1.611e-03  Time cost: 07:59/00:01 [23:35/10:07:22]  Acc_iter 1856        Data time: 0.00(0.39)  Forward time: 0.33(0.64)  Batch time: 0.34(1.03)

                                              [Aepochs:   5%|â–Œ         | 4/80 [23:35<8:22:55, 397.05s/it]
train:   0%|          | 0/464 [00:00<?, ?it/s][A2025-07-15 16:07:43,182   INFO  Train:    5/80 (  6%) [   0/464 (  0%)]  Loss: 0.7346 (0.735)  LR: 1.611e-03  Time cost: 00:04/37:10 [23:41/47:05:08]  Acc_iter 1857        Data time: 4.18(4.18)  Forward time: 0.62(0.62)  Batch time: 4.81(4.81)
2025-07-15 16:08:23,706   INFO  Train:    5/80 (  6%) [  43/464 (  9%)]  Loss: 0.7378 (0.728)  LR: 1.630e-03  Time cost: 00:45/07:13 [24:21/10:04:46]  Acc_iter 1900        Data time: 0.02(0.40)  Forward time: 0.30(0.63)  Batch time: 0.32(1.03)
2025-07-15 16:09:12,538   INFO  Train:    5/80 (  6%) [  93/464 ( 20%)]  Loss: 0.7476 (0.737)  LR: 1.653e-03  Time cost: 01:34/06:11 [25:10/9:47:12]  Acc_iter 1950        Data time: 0.02(0.38)  Forward time: 0.86(0.62)  Batch time: 0.88(1.00)
2025-07-15 16:09:14,353   INFO  42b910279906                Tue Jul 15 16:09:14 2025  535.247.01
[0] NVIDIA GeForce RTX 4090 | 70Â°C,  96 % | 18521 / 24564 MB |
[1] NVIDIA GeForce RTX 4090 | 68Â°C,   0 % | 21865 / 24564 MB |
[2] NVIDIA GeForce RTX 4090 | 66Â°C,   8 % | 12463 / 24564 MB |
[3] NVIDIA GeForce RTX 4090 | 80Â°C,  83 % | 19883 / 24564 MB |

2025-07-15 16:10:03,999   INFO  Train:    5/80 (  6%) [ 143/464 ( 31%)]  Loss: 0.7269 (0.744)  LR: 1.676e-03  Time cost: 02:25/05:24 [26:02/9:51:57]  Acc_iter 2000        Data time: 0.01(0.36)  Forward time: 0.73(0.65)  Batch time: 0.74(1.01)
2025-07-15 16:10:52,446   INFO  Train:    5/80 (  6%) [ 193/464 ( 42%)]  Loss: 0.7573 (0.742)  LR: 1.700e-03  Time cost: 03:14/04:31 [26:50/9:44:43]  Acc_iter 2050        Data time: 0.05(0.35)  Forward time: 1.01(0.65)  Batch time: 1.05(1.00)
2025-07-15 16:11:44,320   INFO  Train:    5/80 (  6%) [ 243/464 ( 52%)]  Loss: 0.6928 (0.737)  LR: 1.724e-03  Time cost: 04:05/03:42 [27:42/9:48:20]  Acc_iter 2100        Data time: 1.56(0.37)  Forward time: 0.47(0.64)  Batch time: 2.03(1.01)
2025-07-15 16:11:45,331   INFO  42b910279906                Tue Jul 15 16:11:45 2025  535.247.01
[0] NVIDIA GeForce RTX 4090 | 70Â°C,  54 % | 18521 / 24564 MB |
[1] NVIDIA GeForce RTX 4090 | 73Â°C,   4 % | 21865 / 24564 MB |
[2] NVIDIA GeForce RTX 4090 | 67Â°C,   8 % | 12462 / 24564 MB |
[3] NVIDIA GeForce RTX 4090 | 83Â°C,  81 % | 19883 / 24564 MB |

2025-07-15 16:12:29,029   INFO  Train:    5/80 (  6%) [ 293/464 ( 63%)]  Loss: 0.8329 (0.735)  LR: 1.749e-03  Time cost: 04:50/02:49 [28:27/9:36:13]  Acc_iter 2150        Data time: 0.00(0.36)  Forward time: 0.71(0.62)  Batch time: 0.72(0.99)
2025-07-15 16:12:38,853   INFO  Save latest model to /det/OpenPCDet/output/kitti_models/pillarfocus_ablation_no_dynamic/ablation_no_dynamic/ckpt/latest_model
2025-07-15 16:13:19,799   INFO  Train:    5/80 (  6%) [ 343/464 ( 74%)]  Loss: 0.6795 (0.734)  LR: 1.774e-03  Time cost: 05:41/02:00 [29:17/9:37:39]  Acc_iter 2200        Data time: 0.03(0.37)  Forward time: 0.65(0.63)  Batch time: 0.69(0.99)
2025-07-15 16:14:11,022   INFO  Train:    5/80 (  6%) [ 393/464 ( 85%)]  Loss: 0.7091 (0.731)  LR: 1.800e-03  Time cost: 06:32/01:10 [30:09/9:39:11]  Acc_iter 2250        Data time: 0.00(0.37)  Forward time: 0.33(0.62)  Batch time: 0.33(1.00)
2025-07-15 16:14:11,825   INFO  42b910279906                Tue Jul 15 16:14:11 2025  535.247.01
[0] NVIDIA GeForce RTX 4090 | 74Â°C,  55 % | 18521 / 24564 MB |
[1] NVIDIA GeForce RTX 4090 | 68Â°C,   0 % | 21865 / 24564 MB |
[2] NVIDIA GeForce RTX 4090 | 65Â°C,   8 % | 12435 / 24564 MB |
[3] NVIDIA GeForce RTX 4090 | 77Â°C,  44 % | 19883 / 24564 MB |

2025-07-15 16:15:01,943   INFO  Train:    5/80 (  6%) [ 443/464 ( 95%)]  Loss: 0.7888 (0.729)  LR: 1.826e-03  Time cost: 07:23/00:20 [31:00/9:39:47]  Acc_iter 2300        Data time: 0.00(0.37)  Forward time: 0.49(0.62)  Batch time: 0.49(1.00)
2025-07-15 16:15:21,643   INFO  Train:    5/80 (  6%) [ 463/464 (100%)]  Loss: 0.6865 (0.729)  LR: 1.837e-03  Time cost: 07:43/00:00 [31:19/9:39:06]  Acc_iter 2320        Data time: 0.00(0.37)  Forward time: 0.77(0.62)  Batch time: 0.77(1.00)

                                              [Aepochs:   6%|â–‹         | 5/80 [31:20<8:46:44, 421.39s/it]
train:   0%|          | 0/464 [00:00<?, ?it/s][A2025-07-15 16:15:31,430   INFO  Train:    6/80 (  8%) [   0/464 (  0%)]  Loss: 0.8125 (0.813)  LR: 1.838e-03  Time cost: 00:08/1:05:12 [31:29/81:31:04]  Acc_iter 2321        Data time: 7.88(7.88)  Forward time: 0.56(0.56)  Batch time: 8.43(8.43)
2025-07-15 16:15:55,398   INFO  Train:    6/80 (  8%) [  29/464 (  6%)]  Loss: 0.7005 (0.698)  LR: 1.853e-03  Time cost: 00:32/07:49 [31:53/10:25:54]  Acc_iter 2350        Data time: 0.00(0.35)  Forward time: 0.98(0.73)  Batch time: 0.98(1.08)
2025-07-15 16:16:51,412   INFO  Train:    6/80 (  8%) [  79/464 ( 17%)]  Loss: 0.6593 (0.691)  LR: 1.881e-03  Time cost: 01:28/07:05 [32:49/10:39:27]  Acc_iter 2400        Data time: 0.09(0.44)  Forward time: 0.58(0.67)  Batch time: 0.67(1.11)
2025-07-15 16:16:52,773   INFO  42b910279906                Tue Jul 15 16:16:52 2025  535.247.01
[0] NVIDIA GeForce RTX 4090 | 68Â°C,  88 % | 18521 / 24564 MB |
[1] NVIDIA GeForce RTX 4090 | 68Â°C,  18 % | 21865 / 24564 MB |
[2] NVIDIA GeForce RTX 4090 | 68Â°C,  50 % | 12417 / 24564 MB |
[3] NVIDIA GeForce RTX 4090 | 78Â°C,  95 % | 19883 / 24564 MB |

2025-07-15 16:17:40,958   INFO  Train:    6/80 (  8%) [ 129/464 ( 28%)]  Loss: 0.6906 (0.693)  LR: 1.909e-03  Time cost: 02:17/05:55 [33:39/10:13:14]  Acc_iter 2450        Data time: 3.49(0.41)  Forward time: 0.63(0.65)  Batch time: 4.12(1.06)
2025-07-15 16:18:32,361   INFO  Train:    6/80 (  8%) [ 179/464 ( 39%)]  Loss: 0.6912 (0.696)  LR: 1.937e-03  Time cost: 03:09/04:59 [34:30/10:07:02]  Acc_iter 2500        Data time: 0.00(0.40)  Forward time: 0.45(0.65)  Batch time: 0.45(1.05)
2025-07-15 16:19:20,545   INFO  Train:    6/80 (  8%) [ 229/464 ( 49%)]  Loss: 0.7644 (0.697)  LR: 1.967e-03  Time cost: 03:57/04:02 [35:18/9:55:05]  Acc_iter 2550        Data time: 0.27(0.38)  Forward time: 0.47(0.65)  Batch time: 0.74(1.03)
2025-07-15 16:19:21,425   INFO  42b910279906                Tue Jul 15 16:19:21 2025  535.247.01
[0] NVIDIA GeForce RTX 4090 | 71Â°C,  54 % | 18521 / 24564 MB |
[1] NVIDIA GeForce RTX 4090 | 68Â°C,   1 % | 21865 / 24564 MB |
[2] NVIDIA GeForce RTX 4090 | 67Â°C,   8 % | 12417 / 24564 MB |
[3] NVIDIA GeForce RTX 4090 | 86Â°C,  74 % | 19883 / 24564 MB |

2025-07-15 16:20:10,094   INFO  Train:    6/80 (  8%) [ 279/464 ( 60%)]  Loss: 0.7653 (0.698)  LR: 1.996e-03  Time cost: 04:47/03:09 [36:08/9:49:56]  Acc_iter 2600        Data time: 0.00(0.38)  Forward time: 0.30(0.65)  Batch time: 0.30(1.03)
2025-07-15 16:20:27,710   INFO  Save latest model to /det/OpenPCDet/output/kitti_models/pillarfocus_ablation_no_dynamic/ablation_no_dynamic/ckpt/latest_model
2025-07-15 16:21:02,059   INFO  Train:    6/80 (  8%) [ 329/464 ( 71%)]  Loss: 0.5951 (0.696)  LR: 2.026e-03  Time cost: 05:39/02:18 [37:00/9:50:17]  Acc_iter 2650        Data time: 0.05(0.38)  Forward time: 0.41(0.65)  Batch time: 0.46(1.03)
2025-07-15 16:21:51,819   INFO  Train:    6/80 (  8%) [ 379/464 ( 82%)]  Loss: 0.6336 (0.697)  LR: 2.057e-03  Time cost: 06:28/01:26 [37:49/9:47:00]  Acc_iter 2700        Data time: 0.07(0.38)  Forward time: 0.94(0.64)  Batch time: 1.01(1.02)
2025-07-15 16:21:53,167   INFO  42b910279906                Tue Jul 15 16:21:53 2025  535.247.01
[0] NVIDIA GeForce RTX 4090 | 73Â°C,  13 % | 18521 / 24564 MB |
[1] NVIDIA GeForce RTX 4090 | 68Â°C,   0 % | 21865 / 24564 MB |
[2] NVIDIA GeForce RTX 4090 | 66Â°C,   8 % | 12420 / 24564 MB |
[3] NVIDIA GeForce RTX 4090 | 82Â°C,  81 % | 19883 / 24564 MB |

2025-07-15 16:22:46,063   INFO  Train:    6/80 (  8%) [ 429/464 ( 92%)]  Loss: 0.6475 (0.698)  LR: 2.088e-03  Time cost: 07:23/00:36 [38:44/9:50:15]  Acc_iter 2750        Data time: 0.00(0.40)  Forward time: 0.78(0.63)  Batch time: 0.79(1.03)
2025-07-15 16:23:16,798   INFO  Train:    6/80 (  8%) [ 463/464 (100%)]  Loss: 0.6806 (0.697)  LR: 2.109e-03  Time cost: 07:53/00:01 [39:14/9:44:22]  Acc_iter 2784        Data time: 0.00(0.38)  Forward time: 0.61(0.64)  Batch time: 0.62(1.02)

                                              [Aepochs:   8%|â–Š         | 6/80 [39:15<9:02:21, 439.75s/it]
train:   0%|          | 0/464 [00:00<?, ?it/s][A2025-07-15 16:23:25,073   INFO  Train:    7/80 (  9%) [   0/464 (  0%)]  Loss: 0.6654 (0.665)  LR: 2.110e-03  Time cost: 00:06/53:57 [39:23/66:33:04]  Acc_iter 2785        Data time: 6.45(6.45)  Forward time: 0.53(0.53)  Batch time: 6.98(6.98)
2025-07-15 16:23:40,849   INFO  Train:    7/80 (  9%) [  15/464 (  3%)]  Loss: 0.6142 (0.670)  LR: 2.120e-03  Time cost: 00:22/10:38 [39:38/13:33:27]  Acc_iter 2800        Data time: 0.06(0.78)  Forward time: 1.25(0.65)  Batch time: 1.30(1.42)
2025-07-15 16:24:30,899   INFO  Train:    7/80 (  9%) [  65/464 ( 14%)]  Loss: 0.6736 (0.676)  LR: 2.152e-03  Time cost: 01:12/07:20 [40:29/10:30:04]  Acc_iter 2850        Data time: 0.00(0.42)  Forward time: 0.44(0.69)  Batch time: 0.44(1.10)
2025-07-15 16:24:32,260   INFO  42b910279906                Tue Jul 15 16:24:32 2025  535.247.01
[0] NVIDIA GeForce RTX 4090 | 73Â°C,  13 % | 18521 / 24564 MB |
[1] NVIDIA GeForce RTX 4090 | 69Â°C,  33 % | 21865 / 24564 MB |
[2] NVIDIA GeForce RTX 4090 | 66Â°C,   8 % | 12420 / 24564 MB |
[3] NVIDIA GeForce RTX 4090 | 80Â°C,  78 % | 19883 / 24564 MB |

2025-07-15 16:25:24,467   INFO  Train:    7/80 (  9%) [ 115/464 ( 25%)]  Loss: 0.6314 (0.675)  LR: 2.184e-03  Time cost: 02:06/06:20 [41:22/10:21:20]  Acc_iter 2900        Data time: 1.07(0.42)  Forward time: 0.67(0.67)  Batch time: 1.74(1.09)
2025-07-15 16:26:18,073   INFO  Train:    7/80 (  9%) [ 165/464 ( 36%)]  Loss: 0.7466 (0.676)  LR: 2.218e-03  Time cost: 02:59/05:24 [42:16/10:17:28]  Acc_iter 2950        Data time: 0.00(0.41)  Forward time: 0.94(0.68)  Batch time: 0.94(1.08)
2025-07-15 16:27:07,934   INFO  Train:    7/80 (  9%) [ 215/464 ( 46%)]  Loss: 0.6053 (0.674)  LR: 2.251e-03  Time cost: 03:49/04:24 [43:06/10:05:07]  Acc_iter 3000        Data time: 0.04(0.40)  Forward time: 0.70(0.67)  Batch time: 0.74(1.06)
2025-07-15 16:27:09,960   INFO  42b910279906                Tue Jul 15 16:27:09 2025  535.247.01
[0] NVIDIA GeForce RTX 4090 | 72Â°C,  34 % | 18521 / 24564 MB |
[1] NVIDIA GeForce RTX 4090 | 67Â°C,   0 % | 21865 / 24564 MB |
[2] NVIDIA GeForce RTX 4090 | 69Â°C,  71 % | 12417 / 24564 MB |
[3] NVIDIA GeForce RTX 4090 | 77Â°C,  98 % | 19883 / 24564 MB |

2025-07-15 16:27:54,122   INFO  Train:    7/80 (  9%) [ 265/464 ( 57%)]  Loss: 0.6700 (0.673)  LR: 2.285e-03  Time cost: 04:36/03:26 [43:52/9:49:15]  Acc_iter 3050        Data time: 0.00(0.37)  Forward time: 0.44(0.66)  Batch time: 0.45(1.04)
2025-07-15 16:28:20,193   INFO  Save latest model to /det/OpenPCDet/output/kitti_models/pillarfocus_ablation_no_dynamic/ablation_no_dynamic/ckpt/latest_model
2025-07-15 16:28:40,158   INFO  Train:    7/80 (  9%) [ 315/464 ( 68%)]  Loss: 0.6756 (0.673)  LR: 2.320e-03  Time cost: 05:22/02:31 [44:38/9:37:53]  Acc_iter 3100        Data time: 0.47(0.37)  Forward time: 0.55(0.65)  Batch time: 1.03(1.02)
2025-07-15 16:29:35,487   INFO  Train:    7/80 (  9%) [ 365/464 ( 79%)]  Loss: 0.6668 (0.671)  LR: 2.355e-03  Time cost: 06:17/01:42 [45:33/9:43:48]  Acc_iter 3150        Data time: 0.68(0.38)  Forward time: 0.51(0.65)  Batch time: 1.19(1.03)
2025-07-15 16:29:36,441   INFO  42b910279906                Tue Jul 15 16:29:36 2025  535.247.01
[0] NVIDIA GeForce RTX 4090 | 73Â°C,   5 % | 18521 / 24564 MB |
[1] NVIDIA GeForce RTX 4090 | 68Â°C,  31 % | 21865 / 24564 MB |
[2] NVIDIA GeForce RTX 4090 | 67Â°C,   8 % | 12417 / 24564 MB |
[3] NVIDIA GeForce RTX 4090 | 83Â°C,  77 % | 19883 / 24564 MB |

2025-07-15 16:30:28,729   INFO  Train:    7/80 (  9%) [ 415/464 ( 89%)]  Loss: 0.5529 (0.670)  LR: 2.390e-03  Time cost: 07:10/00:50 [46:26/9:45:14]  Acc_iter 3200        Data time: 0.00(0.38)  Forward time: 0.49(0.65)  Batch time: 0.49(1.04)
2025-07-15 16:31:16,243   INFO  Train:    7/80 (  9%) [ 463/464 (100%)]  Loss: 0.6304 (0.669)  LR: 2.425e-03  Time cost: 07:58/00:01 [47:14/9:41:45]  Acc_iter 3248        Data time: 0.00(0.38)  Forward time: 0.37(0.65)  Batch time: 0.37(1.03)

                                              [Aepochs:   9%|â–‰         | 7/80 [47:14<9:10:42, 452.64s/it]
train:   0%|          | 0/464 [00:00<?, ?it/s][A2025-07-15 16:31:18,833   INFO  Train:    8/80 ( 10%) [   0/464 (  0%)]  Loss: 0.7252 (0.725)  LR: 2.426e-03  Time cost: 00:01/10:39 [47:16/12:57:52]  Acc_iter 3249        Data time: 0.69(0.69)  Forward time: 0.69(0.69)  Batch time: 1.38(1.38)
2025-07-15 16:31:23,601   INFO  Train:    8/80 ( 10%) [   1/464 (  0%)]  Loss: 0.6828 (0.704)  LR: 2.426e-03  Time cost: 00:06/23:42 [47:21/28:54:48]  Acc_iter 3250        Data time: 4.02(2.35)  Forward time: 0.75(0.72)  Batch time: 4.77(3.07)
2025-07-15 16:32:14,247   INFO  Train:    8/80 ( 10%) [  51/464 ( 11%)]  Loss: 0.5918 (0.653)  LR: 2.463e-03  Time cost: 00:56/07:31 [48:12/10:15:37]  Acc_iter 3300        Data time: 0.00(0.43)  Forward time: 0.59(0.67)  Batch time: 0.59(1.09)
2025-07-15 16:32:15,257   INFO  42b910279906                Tue Jul 15 16:32:15 2025  535.247.01
[0] NVIDIA GeForce RTX 4090 | 67Â°C,  52 % | 18521 / 24564 MB |
[1] NVIDIA GeForce RTX 4090 | 68Â°C,   0 % | 21865 / 24564 MB |
[2] NVIDIA GeForce RTX 4090 | 68Â°C,  26 % | 12417 / 24564 MB |
[3] NVIDIA GeForce RTX 4090 | 83Â°C,  42 % | 19883 / 24564 MB |

2025-07-15 16:33:04,482   INFO  Train:    8/80 ( 10%) [ 101/464 ( 22%)]  Loss: 0.6451 (0.662)  LR: 2.500e-03  Time cost: 01:47/06:20 [49:02/9:50:35]  Acc_iter 3350        Data time: 0.00(0.44)  Forward time: 0.45(0.61)  Batch time: 0.45(1.05)
2025-07-15 16:33:54,646   INFO  Train:    8/80 ( 10%) [ 151/464 ( 33%)]  Loss: 0.5760 (0.663)  LR: 2.537e-03  Time cost: 02:37/05:23 [49:52/9:41:12]  Acc_iter 3400        Data time: 0.00(0.43)  Forward time: 0.48(0.61)  Batch time: 0.49(1.03)
2025-07-15 16:34:47,272   INFO  Train:    8/80 ( 10%) [ 201/464 ( 43%)]  Loss: 0.6083 (0.659)  LR: 2.575e-03  Time cost: 03:29/04:33 [50:45/9:42:54]  Acc_iter 3450        Data time: 0.16(0.42)  Forward time: 0.89(0.62)  Batch time: 1.05(1.04)
2025-07-15 16:34:48,632   INFO  42b910279906                Tue Jul 15 16:34:48 2025  535.247.01
[0] NVIDIA GeForce RTX 4090 | 74Â°C,  22 % | 18521 / 24564 MB |
[1] NVIDIA GeForce RTX 4090 | 69Â°C,  18 % | 21865 / 24564 MB |
[2] NVIDIA GeForce RTX 4090 | 67Â°C,   8 % | 12417 / 24564 MB |
[3] NVIDIA GeForce RTX 4090 | 77Â°C,  73 % | 19883 / 24564 MB |

2025-07-15 16:35:36,907   INFO  Train:    8/80 ( 10%) [ 251/464 ( 54%)]  Loss: 0.6934 (0.657)  LR: 2.613e-03  Time cost: 04:19/03:39 [51:35/9:36:55]  Acc_iter 3500        Data time: 0.00(0.41)  Forward time: 0.61(0.62)  Batch time: 0.61(1.03)
2025-07-15 16:36:19,539   INFO  Save latest model to /det/OpenPCDet/output/kitti_models/pillarfocus_ablation_no_dynamic/ablation_no_dynamic/ckpt/latest_model
2025-07-15 16:36:22,226   INFO  Train:    8/80 ( 10%) [ 301/464 ( 65%)]  Loss: 0.6480 (0.656)  LR: 2.652e-03  Time cost: 05:04/02:44 [52:20/9:24:39]  Acc_iter 3550        Data time: 0.81(0.38)  Forward time: 0.68(0.62)  Batch time: 1.49(1.01)
2025-07-15 16:37:10,187   INFO  Train:    8/80 ( 10%) [ 351/464 ( 76%)]  Loss: 0.6178 (0.656)  LR: 2.691e-03  Time cost: 05:52/01:53 [53:08/9:19:50]  Acc_iter 3600        Data time: 0.00(0.38)  Forward time: 0.47(0.62)  Batch time: 0.48(1.00)
2025-07-15 16:37:11,014   INFO  42b910279906                Tue Jul 15 16:37:10 2025  535.247.01
[0] NVIDIA GeForce RTX 4090 | 72Â°C,  80 % | 18521 / 24564 MB |
[1] NVIDIA GeForce RTX 4090 | 71Â°C,  11 % | 21865 / 24564 MB |
[2] NVIDIA GeForce RTX 4090 | 68Â°C,   8 % | 12417 / 24564 MB |
[3] NVIDIA GeForce RTX 4090 | 85Â°C,  75 % | 19883 / 24564 MB |

2025-07-15 16:37:59,582   INFO  Train:    8/80 ( 10%) [ 401/464 ( 86%)]  Loss: 0.6554 (0.654)  LR: 2.731e-03  Time cost: 06:42/01:03 [53:57/9:18:01]  Acc_iter 3650        Data time: 0.07(0.38)  Forward time: 0.74(0.62)  Batch time: 0.80(1.00)
2025-07-15 16:38:50,797   INFO  Train:    8/80 ( 10%) [ 451/464 ( 97%)]  Loss: 0.6780 (0.654)  LR: 2.771e-03  Time cost: 07:33/00:13 [54:48/9:18:40]  Acc_iter 3700        Data time: 0.76(0.38)  Forward time: 1.16(0.63)  Batch time: 1.93(1.00)
2025-07-15 16:39:00,798   INFO  Train:    8/80 ( 10%) [ 463/464 (100%)]  Loss: 0.6853 (0.654)  LR: 2.781e-03  Time cost: 07:43/00:00 [54:58/9:16:01]  Acc_iter 3712        Data time: 0.58(0.37)  Forward time: 0.43(0.62)  Batch time: 1.01(1.00)

                                              [Aepochs:  10%|â–ˆ         | 8/80 [54:59<9:07:50, 456.54s/it]
train:   0%|          | 0/464 [00:00<?, ?it/s][A2025-07-15 16:39:08,336   INFO  Train:    9/80 ( 11%) [   0/464 (  0%)]  Loss: 0.6140 (0.614)  LR: 2.782e-03  Time cost: 00:06/48:48 [55:06/58:33:42]  Acc_iter 3713        Data time: 5.59(5.59)  Forward time: 0.72(0.72)  Batch time: 6.31(6.31)
2025-07-15 16:39:40,710   INFO  Train:    9/80 ( 11%) [  37/464 (  8%)]  Loss: 0.5938 (0.643)  LR: 2.812e-03  Time cost: 00:38/07:14 [55:38/9:26:12]  Acc_iter 3750        Data time: 0.96(0.45)  Forward time: 0.67(0.57)  Batch time: 1.63(1.02)
2025-07-15 16:39:41,602   INFO  42b910279906                Tue Jul 15 16:39:41 2025  535.247.01
[0] NVIDIA GeForce RTX 4090 | 68Â°C,  55 % | 18521 / 24564 MB |
[1] NVIDIA GeForce RTX 4090 | 68Â°C,  14 % | 21865 / 24564 MB |
[2] NVIDIA GeForce RTX 4090 | 66Â°C,   8 % | 12417 / 24564 MB |
[3] NVIDIA GeForce RTX 4090 | 83Â°C, 100 % | 19883 / 24564 MB |

2025-07-15 16:40:32,681   INFO  Train:    9/80 ( 11%) [  87/464 ( 19%)]  Loss: 0.6600 (0.646)  LR: 2.853e-03  Time cost: 01:30/06:28 [56:30/9:32:06]  Acc_iter 3800        Data time: 0.00(0.42)  Forward time: 0.40(0.61)  Batch time: 0.40(1.03)
2025-07-15 16:41:27,804   INFO  Train:    9/80 ( 11%) [ 137/464 ( 30%)]  Loss: 0.6935 (0.646)  LR: 2.894e-03  Time cost: 02:25/05:45 [57:25/9:45:46]  Acc_iter 3850        Data time: 0.11(0.42)  Forward time: 0.60(0.64)  Batch time: 0.71(1.06)
2025-07-15 16:42:15,766   INFO  Train:    9/80 ( 11%) [ 187/464 ( 40%)]  Loss: 0.6005 (0.649)  LR: 2.936e-03  Time cost: 03:13/04:45 [58:13/9:30:35]  Acc_iter 3900        Data time: 0.13(0.41)  Forward time: 0.49(0.62)  Batch time: 0.62(1.03)
2025-07-15 16:42:17,286   INFO  42b910279906                Tue Jul 15 16:42:17 2025  535.247.01
[0] NVIDIA GeForce RTX 4090 | 73Â°C,  65 % | 18521 / 24564 MB |
[1] NVIDIA GeForce RTX 4090 | 67Â°C,   1 % | 21865 / 24564 MB |
[2] NVIDIA GeForce RTX 4090 | 67Â°C,   8 % | 12417 / 24564 MB |
[3] NVIDIA GeForce RTX 4090 | 82Â°C, 100 % | 19883 / 24564 MB |

2025-07-15 16:43:07,065   INFO  Train:    9/80 ( 11%) [ 237/464 ( 51%)]  Loss: 0.6231 (0.647)  LR: 2.978e-03  Time cost: 04:05/03:53 [59:05/9:29:12]  Acc_iter 3950        Data time: 2.60(0.40)  Forward time: 0.86(0.62)  Batch time: 3.46(1.03)
2025-07-15 16:43:50,750   INFO  Train:    9/80 ( 11%) [ 287/464 ( 62%)]  Loss: 0.6715 (0.647)  LR: 3.020e-03  Time cost: 04:48/02:57 [59:48/9:13:24]  Acc_iter 4000        Data time: 0.00(0.37)  Forward time: 0.45(0.63)  Batch time: 0.45(1.00)
2025-07-15 16:44:02,971   INFO  Save latest model to /det/OpenPCDet/output/kitti_models/pillarfocus_ablation_no_dynamic/ablation_no_dynamic/ckpt/latest_model
2025-07-15 16:44:42,323   INFO  Train:    9/80 ( 11%) [ 337/464 ( 73%)]  Loss: 0.6218 (0.648)  LR: 3.063e-03  Time cost: 05:40/02:07 [1:00:40/9:14:55]  Acc_iter 4050        Data time: 0.14(0.38)  Forward time: 0.48(0.63)  Batch time: 0.63(1.01)
2025-07-15 16:44:43,281   INFO  42b910279906                Tue Jul 15 16:44:43 2025  535.247.01
[0] NVIDIA GeForce RTX 4090 | 73Â°C,  18 % | 18521 / 24564 MB |
[1] NVIDIA GeForce RTX 4090 | 68Â°C,  34 % | 21865 / 24564 MB |
[2] NVIDIA GeForce RTX 4090 | 67Â°C,  10 % | 12417 / 24564 MB |
[3] NVIDIA GeForce RTX 4090 | 78Â°C,  27 % | 19883 / 24564 MB |

2025-07-15 16:45:31,369   INFO  Train:    9/80 ( 11%) [ 387/464 ( 83%)]  Loss: 0.7209 (0.648)  LR: 3.107e-03  Time cost: 06:29/01:17 [1:01:29/9:12:15]  Acc_iter 4100        Data time: 1.24(0.38)  Forward time: 0.46(0.63)  Batch time: 1.70(1.00)
2025-07-15 16:46:21,552   INFO  Train:    9/80 ( 11%) [ 437/464 ( 94%)]  Loss: 0.6599 (0.646)  LR: 3.150e-03  Time cost: 07:19/00:27 [1:02:19/9:11:25]  Acc_iter 4150        Data time: 0.06(0.38)  Forward time: 0.88(0.63)  Batch time: 0.93(1.00)
2025-07-15 16:46:45,159   INFO  Train:    9/80 ( 11%) [ 463/464 (100%)]  Loss: 0.6579 (0.645)  LR: 3.173e-03  Time cost: 07:43/00:00 [1:02:43/9:08:03]  Acc_iter 4176        Data time: 0.00(0.37)  Forward time: 0.57(0.63)  Batch time: 0.57(1.00)

                                              [Aepochs:  11%|â–ˆâ–        | 9/80 [1:02:44<9:03:06, 458.96s/it]
train:   0%|          | 0/464 [00:00<?, ?it/s][A2025-07-15 16:46:56,408   INFO  Train:   10/80 ( 12%) [   0/464 (  0%)]  Loss: 0.6242 (0.624)  LR: 3.174e-03  Time cost: 00:10/1:18:00 [1:02:54/92:18:53]  Acc_iter 4177        Data time: 9.47(9.47)  Forward time: 0.61(0.61)  Batch time: 10.09(10.09)
2025-07-15 16:47:15,147   INFO  Train:   10/80 ( 12%) [  23/464 (  5%)]  Loss: 0.6420 (0.614)  LR: 3.195e-03  Time cost: 00:28/08:49 [1:03:13/10:59:01]  Acc_iter 4200        Data time: 0.00(0.55)  Forward time: 0.49(0.65)  Batch time: 0.49(1.20)
2025-07-15 16:47:16,195   INFO  42b910279906                Tue Jul 15 16:47:16 2025  535.247.01
[0] NVIDIA GeForce RTX 4090 | 72Â°C,  58 % | 18521 / 24564 MB |
[1] NVIDIA GeForce RTX 4090 | 68Â°C,   6 % | 21865 / 24564 MB |
[2] NVIDIA GeForce RTX 4090 | 67Â°C,  39 % | 12417 / 24564 MB |
[3] NVIDIA GeForce RTX 4090 | 73Â°C,  27 % | 19883 / 24564 MB |

2025-07-15 16:48:05,003   INFO  Train:   10/80 ( 12%) [  73/464 ( 16%)]  Loss: 0.6453 (0.634)  LR: 3.239e-03  Time cost: 01:18/06:55 [1:04:03/9:42:31]  Acc_iter 4250        Data time: 0.00(0.42)  Forward time: 0.56(0.64)  Batch time: 0.56(1.06)
2025-07-15 16:48:57,254   INFO  Train:   10/80 ( 12%) [ 123/464 ( 27%)]  Loss: 0.6094 (0.634)  LR: 3.284e-03  Time cost: 02:10/06:00 [1:04:55/9:37:36]  Acc_iter 4300        Data time: 0.00(0.42)  Forward time: 0.82(0.64)  Batch time: 0.83(1.06)
2025-07-15 16:49:43,675   INFO  Train:   10/80 ( 12%) [ 173/464 ( 37%)]  Loss: 0.7325 (0.631)  LR: 3.329e-03  Time cost: 02:57/04:56 [1:05:41/9:16:42]  Acc_iter 4350        Data time: 0.00(0.39)  Forward time: 0.38(0.62)  Batch time: 0.38(1.02)
2025-07-15 16:49:44,506   INFO  42b910279906                Tue Jul 15 16:49:44 2025  535.247.01
[0] NVIDIA GeForce RTX 4090 | 75Â°C,  89 % | 18521 / 24564 MB |
[1] NVIDIA GeForce RTX 4090 | 69Â°C,  58 % | 21865 / 24564 MB |
[2] NVIDIA GeForce RTX 4090 | 67Â°C,  27 % | 12417 / 24564 MB |
[3] NVIDIA GeForce RTX 4090 | 83Â°C,  15 % | 19883 / 24564 MB |

2025-07-15 16:50:35,281   INFO  Train:   10/80 ( 12%) [ 223/464 ( 48%)]  Loss: 0.5843 (0.631)  LR: 3.375e-03  Time cost: 03:48/04:06 [1:06:33/9:17:25]  Acc_iter 4400        Data time: 0.00(0.39)  Forward time: 0.78(0.63)  Batch time: 0.78(1.02)
2025-07-15 16:51:32,549   INFO  Train:   10/80 ( 12%) [ 273/464 ( 59%)]  Loss: 0.6081 (0.631)  LR: 3.421e-03  Time cost: 04:46/03:19 [1:07:30/9:28:49]  Acc_iter 4450        Data time: 0.29(0.41)  Forward time: 0.52(0.63)  Batch time: 0.81(1.04)
2025-07-15 16:51:51,336   INFO  Save latest model to /det/OpenPCDet/output/kitti_models/pillarfocus_ablation_no_dynamic/ablation_no_dynamic/ckpt/latest_model
2025-07-15 16:52:19,178   INFO  Train:   10/80 ( 12%) [ 323/464 ( 70%)]  Loss: 0.6231 (0.630)  LR: 3.467e-03  Time cost: 05:32/02:24 [1:08:17/9:18:32]  Acc_iter 4500        Data time: 0.01(0.39)  Forward time: 0.49(0.63)  Batch time: 0.50(1.03)
2025-07-15 16:52:20,089   INFO  42b910279906                Tue Jul 15 16:52:20 2025  535.247.01
[0] NVIDIA GeForce RTX 4090 | 69Â°C,  94 % | 18521 / 24564 MB |
[1] NVIDIA GeForce RTX 4090 | 68Â°C,   0 % | 21865 / 24564 MB |
[2] NVIDIA GeForce RTX 4090 | 67Â°C,   8 % | 12417 / 24564 MB |
[3] NVIDIA GeForce RTX 4090 | 83Â°C,  72 % | 19883 / 24564 MB |

2025-07-15 16:53:09,594   INFO  Train:   10/80 ( 12%) [ 373/464 ( 80%)]  Loss: 0.6335 (0.629)  LR: 3.514e-03  Time cost: 06:23/01:33 [1:09:07/9:16:18]  Acc_iter 4550        Data time: 2.20(0.40)  Forward time: 0.40(0.63)  Batch time: 2.60(1.02)
2025-07-15 16:53:55,293   INFO  Train:   10/80 ( 12%) [ 423/464 ( 91%)]  Loss: 0.6001 (0.628)  LR: 3.561e-03  Time cost: 07:08/00:41 [1:09:53/9:08:22]  Acc_iter 4600        Data time: 0.22(0.38)  Forward time: 0.43(0.63)  Batch time: 0.66(1.01)
2025-07-15 16:54:34,908   INFO  Train:   10/80 ( 12%) [ 463/464 (100%)]  Loss: 0.5928 (0.627)  LR: 3.599e-03  Time cost: 07:48/00:01 [1:10:33/9:06:42]  Acc_iter 4640        Data time: 1.63(0.38)  Forward time: 0.59(0.63)  Batch time: 2.22(1.01)

                                              [Aepochs:  12%|â–ˆâ–Ž        | 10/80 [1:10:33<8:59:19, 462.28s/it]
train:   0%|          | 0/464 [00:00<?, ?it/s][A2025-07-15 16:54:41,826   INFO  Train:   11/80 ( 14%) [   0/464 (  0%)]  Loss: 0.5781 (0.578)  LR: 3.600e-03  Time cost: 00:05/44:14 [1:10:39/51:37:27]  Acc_iter 4641        Data time: 5.24(5.24)  Forward time: 0.48(0.48)  Batch time: 5.72(5.72)
2025-07-15 16:54:51,496   INFO  Train:   11/80 ( 14%) [   9/464 (  2%)]  Loss: 0.5246 (0.590)  LR: 3.608e-03  Time cost: 00:15/11:40 [1:10:49/13:52:59]  Acc_iter 4650        Data time: 0.00(0.98)  Forward time: 0.49(0.56)  Batch time: 0.49(1.54)
2025-07-15 16:54:52,429   INFO  42b910279906                Tue Jul 15 16:54:52 2025  535.247.01
[0] NVIDIA GeForce RTX 4090 | 67Â°C,  13 % | 18521 / 24564 MB |
[1] NVIDIA GeForce RTX 4090 | 71Â°C,  35 % | 21865 / 24564 MB |
[2] NVIDIA GeForce RTX 4090 | 67Â°C,  53 % | 12417 / 24564 MB |
[3] NVIDIA GeForce RTX 4090 | 82Â°C,  66 % | 19883 / 24564 MB |

2025-07-15 16:55:41,422   INFO  Train:   11/80 ( 14%) [  59/464 ( 13%)]  Loss: 0.6058 (0.610)  LR: 3.656e-03  Time cost: 01:05/07:20 [1:11:39/9:48:14]  Acc_iter 4700        Data time: 0.00(0.50)  Forward time: 0.97(0.59)  Batch time: 0.97(1.09)
2025-07-15 16:56:31,114   INFO  Train:   11/80 ( 14%) [ 109/464 ( 23%)]  Loss: 0.5677 (0.611)  LR: 3.704e-03  Time cost: 01:55/06:11 [1:12:29/9:24:05]  Acc_iter 4750        Data time: 0.00(0.42)  Forward time: 0.49(0.63)  Batch time: 0.49(1.05)
2025-07-15 16:57:25,020   INFO  Train:   11/80 ( 14%) [ 159/464 ( 34%)]  Loss: 0.5968 (0.610)  LR: 3.753e-03  Time cost: 02:48/05:21 [1:13:23/9:28:42]  Acc_iter 4800        Data time: 4.74(0.42)  Forward time: 0.46(0.64)  Batch time: 5.20(1.06)
2025-07-15 16:57:26,035   INFO  42b910279906                Tue Jul 15 16:57:25 2025  535.247.01
[0] NVIDIA GeForce RTX 4090 | 68Â°C,  40 % | 18521 / 24564 MB |
[1] NVIDIA GeForce RTX 4090 | 73Â°C,  18 % | 21865 / 24564 MB |
[2] NVIDIA GeForce RTX 4090 | 68Â°C,  42 % | 12417 / 24564 MB |
[3] NVIDIA GeForce RTX 4090 | 80Â°C,  61 % | 19883 / 24564 MB |

2025-07-15 16:58:16,925   INFO  Train:   11/80 ( 14%) [ 209/464 ( 45%)]  Loss: 0.6236 (0.611)  LR: 3.801e-03  Time cost: 03:40/04:28 [1:14:15/9:25:33]  Acc_iter 4850        Data time: 0.00(0.40)  Forward time: 0.60(0.66)  Batch time: 0.60(1.05)
2025-07-15 16:59:05,548   INFO  Train:   11/80 ( 14%) [ 259/464 ( 56%)]  Loss: 0.6384 (0.613)  LR: 3.850e-03  Time cost: 04:29/03:32 [1:15:03/9:16:31]  Acc_iter 4900        Data time: 0.00(0.39)  Forward time: 0.63(0.65)  Batch time: 0.64(1.04)
2025-07-15 16:59:37,055   INFO  Save latest model to /det/OpenPCDet/output/kitti_models/pillarfocus_ablation_no_dynamic/ablation_no_dynamic/ckpt/latest_model
2025-07-15 16:59:53,074   INFO  Train:   11/80 ( 14%) [ 309/464 ( 67%)]  Loss: 0.6023 (0.614)  LR: 3.900e-03  Time cost: 05:16/02:38 [1:15:51/9:08:14]  Acc_iter 4950        Data time: 0.03(0.38)  Forward time: 1.21(0.64)  Batch time: 1.24(1.02)
2025-07-15 16:59:54,143   INFO  42b910279906                Tue Jul 15 16:59:54 2025  535.247.01
[0] NVIDIA GeForce RTX 4090 | 70Â°C,  70 % | 18521 / 24564 MB |
[1] NVIDIA GeForce RTX 4090 | 69Â°C,  37 % | 21865 / 24564 MB |
[2] NVIDIA GeForce RTX 4090 | 67Â°C,  25 % | 12417 / 24564 MB |
[3] NVIDIA GeForce RTX 4090 | 82Â°C,  99 % | 19883 / 24564 MB |

2025-07-15 17:00:48,837   INFO  Train:   11/80 ( 14%) [ 359/464 ( 77%)]  Loss: 0.5920 (0.613)  LR: 3.949e-03  Time cost: 06:12/01:48 [1:16:46/9:14:17]  Acc_iter 5000        Data time: 4.27(0.40)  Forward time: 0.32(0.64)  Batch time: 4.59(1.04)
2025-07-15 17:01:38,940   INFO  Train:   11/80 ( 14%) [ 409/464 ( 88%)]  Loss: 0.6475 (0.615)  LR: 3.999e-03  Time cost: 07:02/00:56 [1:17:37/9:11:15]  Acc_iter 5050        Data time: 0.02(0.39)  Forward time: 0.50(0.64)  Batch time: 0.52(1.03)
2025-07-15 17:02:29,745   INFO  Train:   11/80 ( 14%) [ 459/464 ( 99%)]  Loss: 0.5663 (0.615)  LR: 4.049e-03  Time cost: 07:53/00:05 [1:18:27/9:09:30]  Acc_iter 5100        Data time: 0.00(0.39)  Forward time: 0.43(0.64)  Batch time: 0.43(1.03)
2025-07-15 17:02:30,611   INFO  42b910279906                Tue Jul 15 17:02:30 2025  535.247.01
[0] NVIDIA GeForce RTX 4090 | 68Â°C,  50 % | 18521 / 24564 MB |
[1] NVIDIA GeForce RTX 4090 | 73Â°C,  28 % | 21865 / 24564 MB |
[2] NVIDIA GeForce RTX 4090 | 67Â°C,   9 % | 12446 / 24564 MB |
[3] NVIDIA GeForce RTX 4090 | 79Â°C,  76 % | 19883 / 24564 MB |

2025-07-15 17:02:34,145   INFO  Train:   11/80 ( 14%) [ 463/464 (100%)]  Loss: 0.6392 (0.615)  LR: 4.053e-03  Time cost: 07:58/00:01 [1:18:32/9:09:45]  Acc_iter 5104        Data time: 0.00(0.39)  Forward time: 0.70(0.64)  Batch time: 0.70(1.03)

                                              [Aepochs:  14%|â–ˆâ–        | 11/80 [1:18:33<8:57:37, 467.50s/it]
train:   0%|          | 0/464 [00:00<?, ?it/s][A2025-07-15 17:02:40,450   INFO  Train:   12/80 ( 15%) [   0/464 (  0%)]  Loss: 0.5338 (0.534)  LR: 4.054e-03  Time cost: 00:04/37:23 [1:18:38/42:59:52]  Acc_iter 5105        Data time: 4.35(4.35)  Forward time: 0.48(0.48)  Batch time: 4.83(4.83)
2025-07-15 17:03:28,269   INFO  Train:   12/80 ( 15%) [  45/464 ( 10%)]  Loss: 0.6544 (0.601)  LR: 4.100e-03  Time cost: 00:52/07:59 [1:19:26/10:09:55]  Acc_iter 5150        Data time: 0.00(0.54)  Forward time: 0.49(0.60)  Batch time: 0.49(1.14)
2025-07-15 17:04:18,931   INFO  Train:   12/80 ( 15%) [  95/464 ( 20%)]  Loss: 0.5621 (0.604)  LR: 4.151e-03  Time cost: 01:43/06:37 [1:20:17/9:32:33]  Acc_iter 5200        Data time: 0.00(0.42)  Forward time: 0.50(0.66)  Batch time: 0.50(1.08)
2025-07-15 17:05:07,927   INFO  Train:   12/80 ( 15%) [ 145/464 ( 31%)]  Loss: 0.6868 (0.605)  LR: 4.202e-03  Time cost: 02:32/05:32 [1:21:06/9:14:08]  Acc_iter 5250        Data time: 0.00(0.37)  Forward time: 0.56(0.67)  Batch time: 0.56(1.04)
2025-07-15 17:05:08,825   INFO  42b910279906                Tue Jul 15 17:05:08 2025  535.247.01
[0] NVIDIA GeForce RTX 4090 | 70Â°C,  49 % | 18521 / 24564 MB |
[1] NVIDIA GeForce RTX 4090 | 70Â°C,  19 % | 21865 / 24564 MB |
[2] NVIDIA GeForce RTX 4090 | 66Â°C,   9 % | 12446 / 24564 MB |
[3] NVIDIA GeForce RTX 4090 | 81Â°C,  78 % | 19883 / 24564 MB |

2025-07-15 17:05:53,463   INFO  Train:   12/80 ( 15%) [ 195/464 ( 42%)]  Loss: 0.5968 (0.607)  LR: 4.253e-03  Time cost: 03:17/04:31 [1:21:51/8:55:21]  Acc_iter 5300        Data time: 0.00(0.35)  Forward time: 0.70(0.66)  Batch time: 0.70(1.01)
2025-07-15 17:06:44,402   INFO  Train:   12/80 ( 15%) [ 245/464 ( 53%)]  Loss: 0.5716 (0.608)  LR: 4.305e-03  Time cost: 04:08/03:41 [1:22:42/8:55:31]  Acc_iter 5350        Data time: 1.55(0.34)  Forward time: 0.49(0.67)  Batch time: 2.04(1.01)
2025-07-15 17:07:30,849   INFO  Train:   12/80 ( 15%) [ 295/464 ( 64%)]  Loss: 0.6873 (0.610)  LR: 4.356e-03  Time cost: 04:55/02:48 [1:23:28/8:47:18]  Acc_iter 5400        Data time: 0.01(0.34)  Forward time: 0.44(0.66)  Batch time: 0.45(1.00)
2025-07-15 17:07:31,819   INFO  42b910279906                Tue Jul 15 17:07:31 2025  535.247.01
[0] NVIDIA GeForce RTX 4090 | 68Â°C,  51 % | 18521 / 24564 MB |
[1] NVIDIA GeForce RTX 4090 | 68Â°C,   0 % | 21865 / 24564 MB |
[2] NVIDIA GeForce RTX 4090 | 68Â°C,  39 % | 12446 / 24564 MB |
[3] NVIDIA GeForce RTX 4090 | 78Â°C,  43 % | 19883 / 24564 MB |

2025-07-15 17:07:36,434   INFO  Save latest model to /det/OpenPCDet/output/kitti_models/pillarfocus_ablation_no_dynamic/ablation_no_dynamic/ckpt/latest_model
2025-07-15 17:08:28,355   INFO  Train:   12/80 ( 15%) [ 345/464 ( 74%)]  Loss: 0.6531 (0.611)  LR: 4.409e-03  Time cost: 05:52/02:01 [1:24:26/8:58:07]  Acc_iter 5450        Data time: 4.57(0.36)  Forward time: 0.50(0.66)  Batch time: 5.08(1.02)
2025-07-15 17:09:15,280   INFO  Train:   12/80 ( 15%) [ 395/464 ( 85%)]  Loss: 0.5679 (0.612)  LR: 4.461e-03  Time cost: 06:39/01:09 [1:25:13/8:51:53]  Acc_iter 5500        Data time: 0.00(0.35)  Forward time: 0.91(0.66)  Batch time: 0.92(1.01)
2025-07-15 17:10:04,197   INFO  Train:   12/80 ( 15%) [ 445/464 ( 96%)]  Loss: 0.4924 (0.611)  LR: 4.513e-03  Time cost: 07:28/00:19 [1:26:02/8:49:13]  Acc_iter 5550        Data time: 0.00(0.35)  Forward time: 0.44(0.65)  Batch time: 0.44(1.01)
2025-07-15 17:10:05,126   INFO  42b910279906                Tue Jul 15 17:10:05 2025  535.247.01
[0] NVIDIA GeForce RTX 4090 | 73Â°C,  29 % | 18521 / 24564 MB |
[1] NVIDIA GeForce RTX 4090 | 68Â°C,   0 % | 21865 / 24564 MB |
[2] NVIDIA GeForce RTX 4090 | 68Â°C,  42 % | 12118 / 24564 MB |
[3] NVIDIA GeForce RTX 4090 | 73Â°C,  75 % | 19883 / 24564 MB |

2025-07-15 17:10:20,975   INFO  Train:   12/80 ( 15%) [ 463/464 (100%)]  Loss: 0.6205 (0.610)  LR: 4.532e-03  Time cost: 07:45/00:01 [1:26:19/8:47:25]  Acc_iter 5568        Data time: 0.65(0.35)  Forward time: 0.29(0.65)  Batch time: 0.94(1.00)

                                              [Aepochs:  15%|â–ˆâ–Œ        | 12/80 [1:26:19<8:49:32, 467.24s/it]
train:   0%|          | 0/464 [00:00<?, ?it/s][A2025-07-15 17:10:29,960   INFO  Train:   13/80 ( 16%) [   0/464 (  0%)]  Loss: 0.6585 (0.659)  LR: 4.534e-03  Time cost: 00:07/1:00:39 [1:26:28/68:44:33]  Acc_iter 5569        Data time: 7.24(7.24)  Forward time: 0.61(0.61)  Batch time: 7.84(7.84)
2025-07-15 17:11:03,323   INFO  Train:   13/80 ( 16%) [  31/464 (  7%)]  Loss: 0.5902 (0.613)  LR: 4.566e-03  Time cost: 00:41/09:17 [1:27:01/11:16:30]  Acc_iter 5600        Data time: 0.00(0.59)  Forward time: 1.16(0.70)  Batch time: 1.16(1.29)
2025-07-15 17:11:51,345   INFO  Train:   13/80 ( 16%) [  81/464 ( 17%)]  Loss: 0.6033 (0.606)  LR: 4.619e-03  Time cost: 01:29/06:56 [1:27:49/9:30:45]  Acc_iter 5650        Data time: 0.01(0.43)  Forward time: 0.88(0.66)  Batch time: 0.89(1.09)
2025-07-15 17:12:30,718   INFO  Train:   13/80 ( 16%) [ 131/464 ( 28%)]  Loss: 0.5456 (0.603)  LR: 4.673e-03  Time cost: 02:08/05:24 [1:28:28/8:30:12]  Acc_iter 5700        Data time: 0.32(0.30)  Forward time: 0.43(0.68)  Batch time: 0.76(0.97)
2025-07-15 17:12:32,726   INFO  42b910279906                Tue Jul 15 17:12:32 2025  535.247.01
[0] NVIDIA GeForce RTX 4090 | 74Â°C,  44 % | 18521 / 24564 MB |
[1] NVIDIA GeForce RTX 4090 | 72Â°C,   1 % | 21865 / 24564 MB |
[2] NVIDIA GeForce RTX 4090 | 66Â°C,   0 % | 12117 / 24564 MB |
[3] NVIDIA GeForce RTX 4090 | 83Â°C,  34 % | 19883 / 24564 MB |

2025-07-15 17:13:23,743   INFO  Train:   13/80 ( 16%) [ 181/464 ( 39%)]  Loss: 0.6196 (0.600)  LR: 4.726e-03  Time cost: 03:01/04:42 [1:29:21/8:41:46]  Acc_iter 5750        Data time: 0.04(0.33)  Forward time: 0.69(0.67)  Batch time: 0.73(1.00)
2025-07-15 17:14:15,838   INFO  Train:   13/80 ( 16%) [ 231/464 ( 50%)]  Loss: 0.5963 (0.598)  LR: 4.780e-03  Time cost: 03:53/03:54 [1:30:13/8:45:53]  Acc_iter 5800        Data time: 1.38(0.34)  Forward time: 0.76(0.67)  Batch time: 2.14(1.01)
2025-07-15 17:15:04,989   INFO  Train:   13/80 ( 16%) [ 281/464 ( 61%)]  Loss: 0.5834 (0.599)  LR: 4.834e-03  Time cost: 04:42/03:03 [1:31:03/8:42:47]  Acc_iter 5850        Data time: 0.01(0.34)  Forward time: 0.40(0.66)  Batch time: 0.40(1.00)
2025-07-15 17:15:05,893   INFO  42b910279906                Tue Jul 15 17:15:05 2025  535.247.01
[0] NVIDIA GeForce RTX 4090 | 73Â°C,  30 % | 18521 / 24564 MB |
[1] NVIDIA GeForce RTX 4090 | 68Â°C,   0 % | 21865 / 24564 MB |
[2] NVIDIA GeForce RTX 4090 | 66Â°C,  18 % | 11988 / 24564 MB |
[3] NVIDIA GeForce RTX 4090 | 79Â°C,  10 % | 19883 / 24564 MB |

2025-07-15 17:15:23,829   INFO  Save latest model to /det/OpenPCDet/output/kitti_models/pillarfocus_ablation_no_dynamic/ablation_no_dynamic/ckpt/latest_model
2025-07-15 17:15:54,126   INFO  Train:   13/80 ( 16%) [ 331/464 ( 71%)]  Loss: 0.5933 (0.598)  LR: 4.888e-03  Time cost: 05:32/02:13 [1:31:52/8:40:21]  Acc_iter 5900        Data time: 1.68(0.35)  Forward time: 0.60(0.65)  Batch time: 2.28(1.00)
2025-07-15 17:16:43,166   INFO  Train:   13/80 ( 16%) [ 381/464 ( 82%)]  Loss: 0.5783 (0.599)  LR: 4.942e-03  Time cost: 06:21/01:22 [1:32:41/8:38:13]  Acc_iter 5950        Data time: 0.03(0.35)  Forward time: 1.26(0.65)  Batch time: 1.29(1.00)
2025-07-15 17:17:31,154   INFO  Train:   13/80 ( 16%) [ 431/464 ( 93%)]  Loss: 0.4949 (0.597)  LR: 4.996e-03  Time cost: 07:09/00:32 [1:33:29/8:35:07]  Acc_iter 6000        Data time: 0.01(0.34)  Forward time: 0.90(0.65)  Batch time: 0.91(0.99)
2025-07-15 17:17:33,034   INFO  42b910279906                Tue Jul 15 17:17:32 2025  535.247.01
[0] NVIDIA GeForce RTX 4090 | 68Â°C,  87 % | 18521 / 24564 MB |
[1] NVIDIA GeForce RTX 4090 | 68Â°C,   1 % | 21865 / 24564 MB |
[2] NVIDIA GeForce RTX 4090 | 72Â°C,   2 % | 11988 / 24564 MB |
[3] NVIDIA GeForce RTX 4090 | 84Â°C, 100 % | 19883 / 24564 MB |

2025-07-15 17:18:00,068   INFO  Train:   13/80 ( 16%) [ 463/464 (100%)]  Loss: 0.6151 (0.598)  LR: 5.031e-03  Time cost: 07:37/00:00 [1:33:58/8:31:23]  Acc_iter 6032        Data time: 0.00(0.34)  Forward time: 0.58(0.65)  Batch time: 0.58(0.99)

                                              [Aepochs:  16%|â–ˆâ–‹        | 13/80 [1:33:59<8:39:03, 464.83s/it]
train:   0%|          | 0/464 [00:00<?, ?it/s][A2025-07-15 17:18:10,465   INFO  Train:   14/80 ( 18%) [   0/464 (  0%)]  Loss: 0.5609 (0.561)  LR: 5.032e-03  Time cost: 00:08/1:07:28 [1:34:08/75:20:51]  Acc_iter 6033        Data time: 7.94(7.94)  Forward time: 0.78(0.78)  Batch time: 8.73(8.73)
2025-07-15 17:18:24,739   INFO  Train:   14/80 ( 18%) [  17/464 (  4%)]  Loss: 0.6352 (0.602)  LR: 5.051e-03  Time cost: 00:22/09:31 [1:34:22/11:01:41]  Acc_iter 6050        Data time: 0.09(0.63)  Forward time: 0.63(0.64)  Batch time: 0.72(1.28)
2025-07-15 17:19:12,975   INFO  Train:   14/80 ( 18%) [  67/464 ( 14%)]  Loss: 0.5398 (0.603)  LR: 5.106e-03  Time cost: 01:11/06:55 [1:35:11/9:01:37]  Acc_iter 6100        Data time: 0.04(0.40)  Forward time: 0.59(0.65)  Batch time: 0.63(1.05)
2025-07-15 17:20:03,278   INFO  Train:   14/80 ( 18%) [ 117/464 ( 25%)]  Loss: 0.5181 (0.597)  LR: 5.161e-03  Time cost: 02:01/05:57 [1:36:01/8:51:39]  Acc_iter 6150        Data time: 0.02(0.39)  Forward time: 0.56(0.64)  Batch time: 0.58(1.03)
2025-07-15 17:20:04,778   INFO  42b910279906                Tue Jul 15 17:20:04 2025  535.247.01
[0] NVIDIA GeForce RTX 4090 | 69Â°C,  76 % | 18521 / 24564 MB |
[1] NVIDIA GeForce RTX 4090 | 69Â°C,   8 % | 21865 / 24564 MB |
[2] NVIDIA GeForce RTX 4090 | 66Â°C,  18 % | 11955 / 24564 MB |
[3] NVIDIA GeForce RTX 4090 | 83Â°C, 100 % | 19883 / 24564 MB |

2025-07-15 17:20:53,035   INFO  Train:   14/80 ( 18%) [ 167/464 ( 36%)]  Loss: 0.6095 (0.595)  LR: 5.216e-03  Time cost: 02:51/05:02 [1:36:51/8:45:27]  Acc_iter 6200        Data time: 0.00(0.39)  Forward time: 0.88(0.63)  Batch time: 0.89(1.02)
2025-07-15 17:21:47,843   INFO  Train:   14/80 ( 18%) [ 217/464 ( 47%)]  Loss: 0.5557 (0.593)  LR: 5.271e-03  Time cost: 03:46/04:16 [1:37:45/8:53:38]  Acc_iter 6250        Data time: 0.00(0.39)  Forward time: 0.52(0.64)  Batch time: 0.52(1.04)
2025-07-15 17:22:34,555   INFO  Train:   14/80 ( 18%) [ 267/464 ( 58%)]  Loss: 0.5180 (0.591)  LR: 5.327e-03  Time cost: 04:32/03:20 [1:38:32/8:42:54]  Acc_iter 6300        Data time: 0.00(0.37)  Forward time: 0.46(0.65)  Batch time: 0.46(1.02)
2025-07-15 17:22:35,475   INFO  42b910279906                Tue Jul 15 17:22:35 2025  535.247.01
[0] NVIDIA GeForce RTX 4090 | 75Â°C,  28 % | 18521 / 24564 MB |
[1] NVIDIA GeForce RTX 4090 | 74Â°C,  20 % | 21865 / 24564 MB |
[2] NVIDIA GeForce RTX 4090 | 68Â°C,  13 % | 11955 / 24564 MB |
[3] NVIDIA GeForce RTX 4090 | 85Â°C,  64 % | 19883 / 24564 MB |

2025-07-15 17:23:04,322   INFO  Save latest model to /det/OpenPCDet/output/kitti_models/pillarfocus_ablation_no_dynamic/ablation_no_dynamic/ckpt/latest_model
2025-07-15 17:23:21,507   INFO  Train:   14/80 ( 18%) [ 317/464 ( 68%)]  Loss: 0.6029 (0.590)  LR: 5.382e-03  Time cost: 05:19/02:27 [1:39:19/8:35:42]  Acc_iter 6350        Data time: 0.10(0.37)  Forward time: 0.51(0.64)  Batch time: 0.61(1.01)
2025-07-15 17:24:13,058   INFO  Train:   14/80 ( 18%) [ 367/464 ( 79%)]  Loss: 0.5695 (0.590)  LR: 5.438e-03  Time cost: 06:11/01:37 [1:40:11/8:36:38]  Acc_iter 6400        Data time: 2.62(0.37)  Forward time: 0.43(0.64)  Batch time: 3.05(1.01)
2025-07-15 17:25:06,513   INFO  Train:   14/80 ( 18%) [ 417/464 ( 90%)]  Loss: 0.5270 (0.589)  LR: 5.494e-03  Time cost: 07:04/00:47 [1:41:04/8:39:27]  Acc_iter 6450        Data time: 0.03(0.37)  Forward time: 0.57(0.64)  Batch time: 0.60(1.02)
2025-07-15 17:25:07,719   INFO  42b910279906                Tue Jul 15 17:25:07 2025  535.247.01
[0] NVIDIA GeForce RTX 4090 | 68Â°C,  48 % | 18521 / 24564 MB |
[1] NVIDIA GeForce RTX 4090 | 69Â°C,  15 % | 21865 / 24564 MB |
[2] NVIDIA GeForce RTX 4090 | 66Â°C,   0 % | 11955 / 24564 MB |
[3] NVIDIA GeForce RTX 4090 | 83Â°C,  94 % | 19883 / 24564 MB |

2025-07-15 17:25:50,803   INFO  Train:   14/80 ( 18%) [ 463/464 (100%)]  Loss: 0.6111 (0.589)  LR: 5.545e-03  Time cost: 07:49/00:01 [1:41:48/8:35:59]  Acc_iter 6496        Data time: 3.52(0.37)  Forward time: 0.36(0.64)  Batch time: 3.88(1.01)

                                              [Aepochs:  18%|â–ˆâ–Š        | 14/80 [1:41:49<8:33:21, 466.68s/it]
train:   0%|          | 0/464 [00:00<?, ?it/s][A2025-07-15 17:25:58,045   INFO  Train:   15/80 ( 19%) [   0/464 (  0%)]  Loss: 0.5949 (0.595)  LR: 5.547e-03  Time cost: 00:05/42:35 [1:41:56/46:50:45]  Acc_iter 6497        Data time: 4.95(4.95)  Forward time: 0.55(0.55)  Batch time: 5.51(5.51)
2025-07-15 17:26:02,794   INFO  Train:   15/80 ( 19%) [   3/464 (  1%)]  Loss: 0.6562 (0.603)  LR: 5.550e-03  Time cost: 00:10/19:42 [1:42:00/21:48:32]  Acc_iter 6500        Data time: 0.05(1.61)  Forward time: 1.06(0.95)  Batch time: 1.11(2.56)
2025-07-15 17:26:50,501   INFO  Train:   15/80 ( 19%) [  53/464 ( 11%)]  Loss: 0.6103 (0.587)  LR: 5.606e-03  Time cost: 00:57/07:21 [1:42:48/9:06:55]  Acc_iter 6550        Data time: 0.00(0.49)  Forward time: 1.00(0.59)  Batch time: 1.00(1.07)
2025-07-15 17:27:37,485   INFO  Train:   15/80 ( 19%) [ 103/464 ( 22%)]  Loss: 0.6533 (0.585)  LR: 5.662e-03  Time cost: 01:44/06:04 [1:43:35/8:33:19]  Acc_iter 6600        Data time: 0.15(0.42)  Forward time: 0.53(0.59)  Batch time: 0.68(1.01)
2025-07-15 17:27:38,343   INFO  42b910279906                Tue Jul 15 17:27:38 2025  535.247.01
[0] NVIDIA GeForce RTX 4090 | 73Â°C,  39 % | 18521 / 24564 MB |
[1] NVIDIA GeForce RTX 4090 | 67Â°C,   0 % | 21865 / 24564 MB |
[2] NVIDIA GeForce RTX 4090 | 67Â°C,   0 % | 11955 / 24564 MB |
[3] NVIDIA GeForce RTX 4090 | 77Â°C, 100 % | 19883 / 24564 MB |

2025-07-15 17:28:24,748   INFO  Train:   15/80 ( 19%) [ 153/464 ( 33%)]  Loss: 0.5953 (0.587)  LR: 5.718e-03  Time cost: 02:32/05:07 [1:44:22/8:21:56]  Acc_iter 6650        Data time: 0.00(0.38)  Forward time: 0.50(0.61)  Batch time: 0.51(0.99)
2025-07-15 17:29:10,517   INFO  Train:   15/80 ( 19%) [ 203/464 ( 44%)]  Loss: 0.5171 (0.584)  LR: 5.775e-03  Time cost: 03:17/04:13 [1:45:08/8:12:03]  Acc_iter 6700        Data time: 0.00(0.36)  Forward time: 0.59(0.61)  Batch time: 0.59(0.97)
2025-07-15 17:29:58,525   INFO  Train:   15/80 ( 19%) [ 253/464 ( 55%)]  Loss: 0.6278 (0.584)  LR: 5.831e-03  Time cost: 04:05/03:24 [1:45:56/8:10:12]  Acc_iter 6750        Data time: 1.28(0.36)  Forward time: 0.45(0.61)  Batch time: 1.73(0.97)
2025-07-15 17:29:59,304   INFO  42b910279906                Tue Jul 15 17:29:59 2025  535.247.01
[0] NVIDIA GeForce RTX 4090 | 73Â°C,  10 % | 18521 / 24564 MB |
[1] NVIDIA GeForce RTX 4090 | 68Â°C,   0 % | 21865 / 24564 MB |
[2] NVIDIA GeForce RTX 4090 | 66Â°C,   7 % | 11955 / 24564 MB |
[3] NVIDIA GeForce RTX 4090 | 79Â°C,  21 % | 19883 / 24564 MB |

2025-07-15 17:30:44,139   INFO  Train:   15/80 ( 19%) [ 303/464 ( 65%)]  Loss: 0.5589 (0.584)  LR: 5.888e-03  Time cost: 04:51/02:34 [1:46:42/8:04:44]  Acc_iter 6800        Data time: 0.50(0.34)  Forward time: 1.12(0.61)  Batch time: 1.62(0.96)
2025-07-15 17:30:54,039   INFO  Save latest model to /det/OpenPCDet/output/kitti_models/pillarfocus_ablation_no_dynamic/ablation_no_dynamic/ckpt/latest_model
2025-07-15 17:31:34,479   INFO  Train:   15/80 ( 19%) [ 353/464 ( 76%)]  Loss: 0.6019 (0.584)  LR: 5.945e-03  Time cost: 05:41/01:47 [1:47:32/8:07:19]  Acc_iter 6850        Data time: 0.00(0.35)  Forward time: 0.52(0.62)  Batch time: 0.53(0.97)
2025-07-15 17:32:19,878   INFO  Train:   15/80 ( 19%) [ 403/464 ( 87%)]  Loss: 0.6762 (0.584)  LR: 6.001e-03  Time cost: 06:27/00:58 [1:48:18/8:02:54]  Acc_iter 6900        Data time: 0.00(0.34)  Forward time: 0.48(0.61)  Batch time: 0.48(0.96)
2025-07-15 17:32:20,622   INFO  42b910279906                Tue Jul 15 17:32:20 2025  535.247.01
[0] NVIDIA GeForce RTX 4090 | 73Â°C,  93 % | 18521 / 24564 MB |
[1] NVIDIA GeForce RTX 4090 | 69Â°C,  19 % | 21865 / 24564 MB |
[2] NVIDIA GeForce RTX 4090 | 67Â°C,   0 % | 11955 / 24564 MB |
[3] NVIDIA GeForce RTX 4090 | 75Â°C,  96 % | 19883 / 24564 MB |

2025-07-15 17:33:04,952   INFO  Train:   15/80 ( 19%) [ 453/464 ( 98%)]  Loss: 0.5284 (0.584)  LR: 6.058e-03  Time cost: 07:12/00:10 [1:49:03/7:58:56]  Acc_iter 6950        Data time: 0.00(0.33)  Forward time: 0.77(0.62)  Batch time: 0.77(0.95)
2025-07-15 17:33:11,192   INFO  Train:   15/80 ( 19%) [ 463/464 (100%)]  Loss: 0.5901 (0.584)  LR: 6.070e-03  Time cost: 07:18/00:00 [1:49:09/7:55:13]  Acc_iter 6960        Data time: 0.00(0.32)  Forward time: 0.64(0.62)  Batch time: 0.64(0.95)

                                              [Aepochs:  19%|â–ˆâ–‰        | 15/80 [1:49:10<8:17:01, 458.80s/it]
train:   0%|          | 0/464 [00:00<?, ?it/s][A2025-07-15 17:33:20,703   INFO  Train:   16/80 ( 20%) [   0/464 (  0%)]  Loss: 0.6398 (0.640)  LR: 6.071e-03  Time cost: 00:07/59:02 [1:49:18/63:57:38]  Acc_iter 6961        Data time: 7.11(7.11)  Forward time: 0.52(0.52)  Batch time: 7.63(7.63)
2025-07-15 17:33:54,685   INFO  Train:   16/80 ( 20%) [  39/464 (  8%)]  Loss: 0.5438 (0.579)  LR: 6.115e-03  Time cost: 00:41/07:22 [1:49:52/8:42:18]  Acc_iter 7000        Data time: 1.24(0.38)  Forward time: 0.67(0.66)  Batch time: 1.91(1.04)
2025-07-15 17:34:39,753   INFO  Train:   16/80 ( 20%) [  89/464 ( 19%)]  Loss: 0.5728 (0.576)  LR: 6.172e-03  Time cost: 01:26/06:01 [1:50:37/8:02:43]  Acc_iter 7050        Data time: 0.00(0.32)  Forward time: 0.39(0.64)  Batch time: 0.40(0.96)
2025-07-15 17:34:40,611   INFO  42b910279906                Tue Jul 15 17:34:40 2025  535.247.01
[0] NVIDIA GeForce RTX 4090 | 71Â°C,  44 % | 18521 / 24564 MB |
[1] NVIDIA GeForce RTX 4090 | 68Â°C,   0 % | 21865 / 24564 MB |
[2] NVIDIA GeForce RTX 4090 | 67Â°C,   0 % | 11955 / 24564 MB |
[3] NVIDIA GeForce RTX 4090 | 83Â°C,  86 % | 19883 / 24564 MB |

2025-07-15 17:35:25,303   INFO  Train:   16/80 ( 20%) [ 139/464 ( 30%)]  Loss: 0.5683 (0.580)  LR: 6.229e-03  Time cost: 02:12/05:06 [1:51:23/7:52:35]  Acc_iter 7100        Data time: 0.11(0.31)  Forward time: 0.46(0.64)  Batch time: 0.58(0.94)
2025-07-15 17:36:10,547   INFO  Train:   16/80 ( 20%) [ 189/464 ( 41%)]  Loss: 0.5091 (0.579)  LR: 6.286e-03  Time cost: 02:57/04:16 [1:52:08/7:46:35]  Acc_iter 7150        Data time: 0.00(0.31)  Forward time: 0.48(0.63)  Batch time: 0.48(0.93)
2025-07-15 17:36:58,378   INFO  Train:   16/80 ( 20%) [ 239/464 ( 52%)]  Loss: 0.6440 (0.578)  LR: 6.343e-03  Time cost: 03:45/03:31 [1:52:56/7:48:09]  Acc_iter 7200        Data time: 2.97(0.33)  Forward time: 0.68(0.61)  Batch time: 3.65(0.94)
2025-07-15 17:36:59,458   INFO  42b910279906                Tue Jul 15 17:36:59 2025  535.247.01
[0] NVIDIA GeForce RTX 4090 | 71Â°C,  47 % | 18521 / 24564 MB |
[1] NVIDIA GeForce RTX 4090 | 67Â°C,   0 % | 21865 / 24564 MB |
[2] NVIDIA GeForce RTX 4090 | 68Â°C,  18 % | 11955 / 24564 MB |
[3] NVIDIA GeForce RTX 4090 | 80Â°C,  50 % | 19883 / 24564 MB |

2025-07-15 17:37:46,585   INFO  Train:   16/80 ( 20%) [ 289/464 ( 62%)]  Loss: 0.5276 (0.577)  LR: 6.400e-03  Time cost: 04:33/02:45 [1:53:44/7:49:33]  Acc_iter 7250        Data time: 1.88(0.34)  Forward time: 0.55(0.60)  Batch time: 2.43(0.94)
2025-07-15 17:38:14,143   INFO  Save latest model to /det/OpenPCDet/output/kitti_models/pillarfocus_ablation_no_dynamic/ablation_no_dynamic/ckpt/latest_model
2025-07-15 17:38:32,174   INFO  Train:   16/80 ( 20%) [ 339/464 ( 73%)]  Loss: 0.5927 (0.577)  LR: 6.457e-03  Time cost: 05:19/01:57 [1:54:30/7:46:28]  Acc_iter 7300        Data time: 0.13(0.33)  Forward time: 0.73(0.60)  Batch time: 0.86(0.94)
2025-07-15 17:39:18,410   INFO  Train:   16/80 ( 20%) [ 389/464 ( 84%)]  Loss: 0.5660 (0.582)  LR: 6.514e-03  Time cost: 06:05/01:10 [1:55:16/7:44:48]  Acc_iter 7350        Data time: 1.54(0.33)  Forward time: 0.41(0.60)  Batch time: 1.95(0.94)
2025-07-15 17:39:19,898   INFO  42b910279906                Tue Jul 15 17:39:19 2025  535.247.01
[0] NVIDIA GeForce RTX 4090 | 71Â°C,  49 % | 18521 / 24564 MB |
[1] NVIDIA GeForce RTX 4090 | 69Â°C,  15 % | 21865 / 24564 MB |
[2] NVIDIA GeForce RTX 4090 | 69Â°C,   4 % | 11955 / 24564 MB |
[3] NVIDIA GeForce RTX 4090 | 80Â°C,  54 % | 19883 / 24564 MB |

2025-07-15 17:40:04,170   INFO  Train:   16/80 ( 20%) [ 439/464 ( 95%)]  Loss: 0.6294 (0.585)  LR: 6.571e-03  Time cost: 06:51/00:23 [1:56:02/7:42:48]  Acc_iter 7400        Data time: 0.00(0.33)  Forward time: 0.80(0.61)  Batch time: 0.80(0.93)
2025-07-15 17:40:26,690   INFO  Train:   16/80 ( 20%) [ 463/464 (100%)]  Loss: 0.6018 (0.584)  LR: 6.599e-03  Time cost: 07:13/00:00 [1:56:24/7:42:32]  Acc_iter 7424        Data time: 0.00(0.33)  Forward time: 0.51(0.61)  Batch time: 0.51(0.93)

                                              [Aepochs:  20%|â–ˆâ–ˆ        | 16/80 [1:56:25<8:01:42, 451.60s/it]
train:   0%|          | 0/464 [00:00<?, ?it/s][A2025-07-15 17:40:33,773   INFO  Train:   17/80 ( 21%) [   0/464 (  0%)]  Loss: 0.5029 (0.503)  LR: 6.600e-03  Time cost: 00:05/42:34 [1:56:31/45:24:22]  Acc_iter 7425        Data time: 4.42(4.42)  Forward time: 1.08(1.08)  Batch time: 5.50(5.50)
2025-07-15 17:40:57,133   INFO  Train:   17/80 ( 21%) [  25/464 (  5%)]  Loss: 0.5751 (0.559)  LR: 6.629e-03  Time cost: 00:28/08:07 [1:56:55/9:09:00]  Acc_iter 7450        Data time: 1.70(0.49)  Forward time: 0.41(0.62)  Batch time: 2.11(1.11)
2025-07-15 17:41:42,026   INFO  Train:   17/80 ( 21%) [  75/464 ( 16%)]  Loss: 0.5938 (0.573)  LR: 6.686e-03  Time cost: 01:13/06:17 [1:57:40/7:59:07]  Acc_iter 7500        Data time: 0.02(0.32)  Forward time: 0.95(0.65)  Batch time: 0.96(0.97)
2025-07-15 17:41:43,482   INFO  42b910279906                Tue Jul 15 17:41:43 2025  535.247.01
[0] NVIDIA GeForce RTX 4090 | 71Â°C,  49 % | 18521 / 24564 MB |
[1] NVIDIA GeForce RTX 4090 | 70Â°C,   0 % | 21865 / 24564 MB |
[2] NVIDIA GeForce RTX 4090 | 67Â°C,   0 % | 11955 / 24564 MB |
[3] NVIDIA GeForce RTX 4090 | 83Â°C,  65 % | 19883 / 24564 MB |

2025-07-15 17:42:25,885   INFO  Train:   17/80 ( 21%) [ 125/464 ( 27%)]  Loss: 0.5741 (0.576)  LR: 6.743e-03  Time cost: 01:57/05:16 [1:58:24/7:40:03]  Acc_iter 7550        Data time: 0.00(0.32)  Forward time: 0.72(0.62)  Batch time: 0.72(0.93)
2025-07-15 17:43:15,774   INFO  Train:   17/80 ( 21%) [ 175/464 ( 38%)]  Loss: 0.6649 (0.579)  LR: 6.800e-03  Time cost: 02:47/04:35 [1:59:13/7:48:16]  Acc_iter 7600        Data time: 0.00(0.34)  Forward time: 0.76(0.61)  Batch time: 0.76(0.95)
2025-07-15 17:43:57,744   INFO  Train:   17/80 ( 21%) [ 225/464 ( 48%)]  Loss: 0.5920 (0.575)  LR: 6.857e-03  Time cost: 03:29/03:41 [1:59:55/7:35:16]  Acc_iter 7650        Data time: 0.00(0.32)  Forward time: 0.62(0.61)  Batch time: 0.62(0.93)
2025-07-15 17:43:58,776   INFO  42b910279906                Tue Jul 15 17:43:58 2025  535.247.01
[0] NVIDIA GeForce RTX 4090 | 72Â°C,  42 % | 18521 / 24564 MB |
[1] NVIDIA GeForce RTX 4090 | 69Â°C,  41 % | 21865 / 24564 MB |
[2] NVIDIA GeForce RTX 4090 | 67Â°C,   0 % | 11955 / 24564 MB |
[3] NVIDIA GeForce RTX 4090 | 83Â°C,  52 % | 19883 / 24564 MB |

2025-07-15 17:44:37,905   INFO  Train:   17/80 ( 21%) [ 275/464 ( 59%)]  Loss: 0.6344 (0.574)  LR: 6.914e-03  Time cost: 04:09/02:50 [2:00:36/7:23:30]  Acc_iter 7700        Data time: 0.00(0.29)  Forward time: 0.56(0.62)  Batch time: 0.56(0.90)
2025-07-15 17:45:26,999   INFO  Train:   17/80 ( 21%) [ 325/464 ( 70%)]  Loss: 0.5938 (0.573)  LR: 6.971e-03  Time cost: 04:58/02:07 [2:01:25/7:28:34]  Acc_iter 7750        Data time: 0.00(0.30)  Forward time: 0.91(0.62)  Batch time: 0.92(0.92)
2025-07-15 17:45:29,761   INFO  Save latest model to /det/OpenPCDet/output/kitti_models/pillarfocus_ablation_no_dynamic/ablation_no_dynamic/ckpt/latest_model
2025-07-15 17:46:17,228   INFO  Train:   17/80 ( 21%) [ 375/464 ( 81%)]  Loss: 0.6065 (0.573)  LR: 7.028e-03  Time cost: 05:48/01:22 [2:02:15/7:33:32]  Acc_iter 7800        Data time: 0.13(0.29)  Forward time: 1.51(0.64)  Batch time: 1.64(0.93)
2025-07-15 17:46:18,206   INFO  42b910279906                Tue Jul 15 17:46:18 2025  535.247.01
[0] NVIDIA GeForce RTX 4090 | 48Â°C,   0 % | 18521 / 24564 MB |
[1] NVIDIA GeForce RTX 4090 | 73Â°C,  18 % | 21865 / 24564 MB |
[2] NVIDIA GeForce RTX 4090 | 72Â°C,  17 % | 11955 / 24564 MB |
[3] NVIDIA GeForce RTX 4090 | 81Â°C, 100 % | 19883 / 24564 MB |

2025-07-15 17:47:06,168   INFO  Train:   17/80 ( 21%) [ 425/464 ( 92%)]  Loss: 0.5698 (0.575)  LR: 7.085e-03  Time cost: 06:37/00:36 [2:03:04/7:35:40]  Acc_iter 7850        Data time: 0.00(0.29)  Forward time: 0.46(0.65)  Batch time: 0.46(0.93)
2025-07-15 17:47:45,291   INFO  Train:   17/80 ( 21%) [ 463/464 (100%)]  Loss: 0.6417 (0.575)  LR: 7.128e-03  Time cost: 07:17/00:00 [2:03:43/7:38:53]  Acc_iter 7888        Data time: 0.00(0.29)  Forward time: 0.37(0.65)  Batch time: 0.37(0.94)

                                              [Aepochs:  21%|â–ˆâ–ˆâ–       | 17/80 [2:03:44<7:50:18, 447.92s/it]
train:   0%|          | 0/464 [00:00<?, ?it/s][A2025-07-15 17:47:54,962   INFO  Train:   18/80 ( 22%) [   0/464 (  0%)]  Loss: 0.5408 (0.541)  LR: 7.129e-03  Time cost: 00:07/59:20 [2:03:53/62:19:00]  Acc_iter 7889        Data time: 7.08(7.08)  Forward time: 0.59(0.59)  Batch time: 7.67(7.67)
2025-07-15 17:48:03,695   INFO  Train:   18/80 ( 22%) [  11/464 (  2%)]  Loss: 0.5814 (0.564)  LR: 7.142e-03  Time cost: 00:16/10:19 [2:04:01/11:05:52]  Acc_iter 7900        Data time: 0.00(0.79)  Forward time: 0.66(0.58)  Batch time: 0.66(1.37)
2025-07-15 17:48:49,382   INFO  Train:   18/80 ( 22%) [  61/464 ( 13%)]  Loss: 0.6054 (0.574)  LR: 7.199e-03  Time cost: 01:02/06:43 [2:04:47/8:06:55]  Acc_iter 7950        Data time: 0.12(0.38)  Forward time: 0.51(0.63)  Batch time: 0.63(1.00)
2025-07-15 17:48:50,300   INFO  42b910279906                Tue Jul 15 17:48:50 2025  535.247.01
[0] NVIDIA GeForce RTX 4090 | 64Â°C,  49 % | 18521 / 24564 MB |
[1] NVIDIA GeForce RTX 4090 | 72Â°C,   1 % | 21865 / 24564 MB |
[2] NVIDIA GeForce RTX 4090 | 67Â°C,  16 % | 11955 / 24564 MB |
[3] NVIDIA GeForce RTX 4090 | 86Â°C,  89 % | 19883 / 24564 MB |

2025-07-15 17:49:33,061   INFO  Train:   18/80 ( 22%) [ 111/464 ( 24%)]  Loss: 0.5532 (0.571)  LR: 7.255e-03  Time cost: 01:45/05:33 [2:05:31/7:38:21]  Acc_iter 8000        Data time: 0.00(0.36)  Forward time: 0.76(0.58)  Batch time: 0.76(0.94)
2025-07-15 17:50:17,915   INFO  Train:   18/80 ( 22%) [ 161/464 ( 35%)]  Loss: 0.5797 (0.569)  LR: 7.312e-03  Time cost: 02:30/04:41 [2:06:16/7:30:30]  Acc_iter 8050        Data time: 0.00(0.36)  Forward time: 0.62(0.57)  Batch time: 0.62(0.93)
2025-07-15 17:51:04,674   INFO  Train:   18/80 ( 22%) [ 211/464 ( 45%)]  Loss: 0.5211 (0.572)  LR: 7.369e-03  Time cost: 03:17/03:55 [2:07:02/7:30:20]  Acc_iter 8100        Data time: 0.13(0.35)  Forward time: 0.58(0.58)  Batch time: 0.71(0.93)
2025-07-15 17:51:05,398   INFO  42b910279906                Tue Jul 15 17:51:05 2025  535.247.01
[0] NVIDIA GeForce RTX 4090 | 70Â°C,  86 % | 18521 / 24564 MB |
[1] NVIDIA GeForce RTX 4090 | 74Â°C,  29 % | 21865 / 24564 MB |
[2] NVIDIA GeForce RTX 4090 | 67Â°C,   0 % | 11955 / 24564 MB |
[3] NVIDIA GeForce RTX 4090 | 74Â°C,  43 % | 19883 / 24564 MB |

2025-07-15 17:51:53,747   INFO  Train:   18/80 ( 22%) [ 261/464 ( 56%)]  Loss: 0.5641 (0.573)  LR: 7.425e-03  Time cost: 04:06/03:10 [2:07:51/7:34:12]  Acc_iter 8150        Data time: 0.00(0.35)  Forward time: 0.52(0.59)  Batch time: 0.52(0.94)
2025-07-15 17:52:34,523   INFO  Train:   18/80 ( 22%) [ 311/464 ( 67%)]  Loss: 0.5771 (0.572)  LR: 7.482e-03  Time cost: 04:47/02:20 [2:08:32/7:23:45]  Acc_iter 8200        Data time: 0.01(0.34)  Forward time: 0.40(0.58)  Batch time: 0.42(0.92)
2025-07-15 17:52:47,857   INFO  Save latest model to /det/OpenPCDet/output/kitti_models/pillarfocus_ablation_no_dynamic/ablation_no_dynamic/ckpt/latest_model
2025-07-15 17:53:21,574   INFO  Train:   18/80 ( 22%) [ 361/464 ( 78%)]  Loss: 0.5437 (0.570)  LR: 7.538e-03  Time cost: 05:34/01:35 [2:09:19/7:24:20]  Acc_iter 8250        Data time: 0.08(0.34)  Forward time: 0.68(0.58)  Batch time: 0.76(0.92)
2025-07-15 17:53:23,031   INFO  42b910279906                Tue Jul 15 17:53:23 2025  535.247.01
[0] NVIDIA GeForce RTX 4090 | 72Â°C,  49 % | 18521 / 24564 MB |
[1] NVIDIA GeForce RTX 4090 | 68Â°C,  37 % | 21865 / 24564 MB |
[2] NVIDIA GeForce RTX 4090 | 66Â°C,   0 % | 11955 / 24564 MB |
[3] NVIDIA GeForce RTX 4090 | 76Â°C,  97 % | 19883 / 24564 MB |

2025-07-15 17:54:07,099   INFO  Train:   18/80 ( 22%) [ 411/464 ( 89%)]  Loss: 0.5017 (0.570)  LR: 7.594e-03  Time cost: 06:19/00:48 [2:10:05/7:22:49]  Acc_iter 8300        Data time: 1.60(0.33)  Forward time: 0.84(0.59)  Batch time: 2.43(0.92)
2025-07-15 17:54:53,432   INFO  Train:   18/80 ( 22%) [ 461/464 ( 99%)]  Loss: 0.5358 (0.568)  LR: 7.650e-03  Time cost: 07:06/00:02 [2:10:51/7:22:18]  Acc_iter 8350        Data time: 0.00(0.33)  Forward time: 0.42(0.60)  Batch time: 0.42(0.92)
2025-07-15 17:54:54,365   INFO  Train:   18/80 ( 22%) [ 463/464 (100%)]  Loss: 0.5304 (0.568)  LR: 7.652e-03  Time cost: 07:07/00:00 [2:10:52/7:21:19]  Acc_iter 8352        Data time: 0.00(0.33)  Forward time: 0.47(0.60)  Batch time: 0.47(0.92)

                                              [Aepochs:  22%|â–ˆâ–ˆâ–Ž       | 18/80 [2:10:53<7:36:53, 442.15s/it]
train:   0%|          | 0/464 [00:00<?, ?it/s][A2025-07-15 17:55:03,186   INFO  Train:   19/80 ( 24%) [   0/464 (  0%)]  Loss: 0.5402 (0.540)  LR: 7.653e-03  Time cost: 00:07/55:48 [2:11:01/57:39:39]  Acc_iter 8353        Data time: 6.64(6.64)  Forward time: 0.57(0.57)  Batch time: 7.22(7.22)
2025-07-15 17:55:47,371   INFO  Train:   19/80 ( 24%) [  47/464 ( 10%)]  Loss: 0.5861 (0.569)  LR: 7.706e-03  Time cost: 00:51/07:26 [2:11:45/8:32:35]  Acc_iter 8400        Data time: 0.10(0.51)  Forward time: 0.32(0.56)  Batch time: 0.43(1.07)
2025-07-15 17:55:48,211   INFO  42b910279906                Tue Jul 15 17:55:48 2025  535.247.01
[0] NVIDIA GeForce RTX 4090 | 69Â°C,  49 % | 18521 / 24564 MB |
[1] NVIDIA GeForce RTX 4090 | 68Â°C,   0 % | 21865 / 24564 MB |
[2] NVIDIA GeForce RTX 4090 | 67Â°C,   8 % | 11955 / 24564 MB |
[3] NVIDIA GeForce RTX 4090 | 80Â°C,  80 % | 19883 / 24564 MB |

2025-07-15 17:56:31,362   INFO  Train:   19/80 ( 24%) [  97/464 ( 21%)]  Loss: 0.5366 (0.568)  LR: 7.762e-03  Time cost: 01:35/05:57 [2:12:29/7:45:07]  Acc_iter 8450        Data time: 0.01(0.40)  Forward time: 0.50(0.57)  Batch time: 0.51(0.97)
2025-07-15 17:57:11,701   INFO  Train:   19/80 ( 24%) [ 147/464 ( 32%)]  Loss: 0.5904 (0.566)  LR: 7.818e-03  Time cost: 02:15/04:50 [2:13:09/7:17:28]  Acc_iter 8500        Data time: 0.53(0.37)  Forward time: 0.48(0.55)  Batch time: 1.01(0.92)
2025-07-15 17:57:59,400   INFO  Train:   19/80 ( 24%) [ 197/464 ( 42%)]  Loss: 0.5260 (0.565)  LR: 7.873e-03  Time cost: 03:03/04:07 [2:13:57/7:21:08]  Acc_iter 8550        Data time: 0.74(0.36)  Forward time: 0.85(0.57)  Batch time: 1.59(0.93)
2025-07-15 17:58:00,315   INFO  42b910279906                Tue Jul 15 17:58:00 2025  535.247.01
[0] NVIDIA GeForce RTX 4090 | 73Â°C,  28 % | 18521 / 24564 MB |
[1] NVIDIA GeForce RTX 4090 | 68Â°C,   0 % | 21865 / 24564 MB |
[2] NVIDIA GeForce RTX 4090 | 66Â°C,   0 % | 11955 / 24564 MB |
[3] NVIDIA GeForce RTX 4090 | 79Â°C, 100 % | 19883 / 24564 MB |

2025-07-15 17:58:42,698   INFO  Train:   19/80 ( 24%) [ 247/464 ( 53%)]  Loss: 0.6146 (0.567)  LR: 7.929e-03  Time cost: 03:46/03:18 [2:14:40/7:14:34]  Acc_iter 8600        Data time: 0.00(0.33)  Forward time: 0.60(0.58)  Batch time: 0.61(0.91)
2025-07-15 17:59:24,954   INFO  Train:   19/80 ( 24%) [ 297/464 ( 64%)]  Loss: 0.4901 (0.564)  LR: 7.984e-03  Time cost: 04:28/02:30 [2:15:23/7:08:18]  Acc_iter 8650        Data time: 0.00(0.31)  Forward time: 0.58(0.59)  Batch time: 0.59(0.90)
2025-07-15 17:59:59,552   INFO  Save latest model to /det/OpenPCDet/output/kitti_models/pillarfocus_ablation_no_dynamic/ablation_no_dynamic/ckpt/latest_model
2025-07-15 18:00:11,806   INFO  Train:   19/80 ( 24%) [ 347/464 ( 75%)]  Loss: 0.6444 (0.564)  LR: 8.039e-03  Time cost: 05:15/01:46 [2:16:09/7:09:54]  Acc_iter 8700        Data time: 0.00(0.31)  Forward time: 1.19(0.59)  Batch time: 1.19(0.91)
2025-07-15 18:00:12,736   INFO  42b910279906                Tue Jul 15 18:00:12 2025  535.247.01
[0] NVIDIA GeForce RTX 4090 | 68Â°C,  47 % | 18521 / 24564 MB |
[1] NVIDIA GeForce RTX 4090 | 70Â°C,  16 % | 21865 / 24564 MB |
[2] NVIDIA GeForce RTX 4090 | 65Â°C,   0 % | 11955 / 24564 MB |
[3] NVIDIA GeForce RTX 4090 | 79Â°C,  98 % | 19883 / 24564 MB |

2025-07-15 18:00:58,220   INFO  Train:   19/80 ( 24%) [ 397/464 ( 86%)]  Loss: 0.4812 (0.564)  LR: 8.094e-03  Time cost: 06:02/01:00 [2:16:56/7:10:22]  Acc_iter 8750        Data time: 2.16(0.32)  Forward time: 0.52(0.59)  Batch time: 2.69(0.91)
2025-07-15 18:01:40,534   INFO  Train:   19/80 ( 24%) [ 447/464 ( 96%)]  Loss: 0.5757 (0.564)  LR: 8.149e-03  Time cost: 06:44/00:15 [2:17:38/7:06:15]  Acc_iter 8800        Data time: 0.00(0.32)  Forward time: 0.59(0.59)  Batch time: 0.59(0.90)
2025-07-15 18:01:52,857   INFO  Train:   19/80 ( 24%) [ 463/464 (100%)]  Loss: 0.4575 (0.563)  LR: 8.166e-03  Time cost: 06:56/00:00 [2:17:50/7:03:50]  Acc_iter 8816        Data time: 0.19(0.31)  Forward time: 0.44(0.59)  Batch time: 0.63(0.90)

                                              [Aepochs:  24%|â–ˆâ–ˆâ–       | 19/80 [2:17:51<7:22:15, 435.01s/it]
train:   0%|          | 0/464 [00:00<?, ?it/s][A2025-07-15 18:02:03,154   INFO  Train:   20/80 ( 25%) [   0/464 (  0%)]  Loss: 0.5726 (0.573)  LR: 8.168e-03  Time cost: 00:08/1:06:06 [2:18:01/67:12:26]  Acc_iter 8817        Data time: 8.04(8.04)  Forward time: 0.50(0.50)  Batch time: 8.55(8.55)
2025-07-15 18:02:31,548   INFO  Train:   20/80 ( 25%) [  33/464 (  7%)]  Loss: 0.6014 (0.563)  LR: 8.204e-03  Time cost: 00:36/07:48 [2:18:29/8:31:57]  Acc_iter 8850        Data time: 0.07(0.47)  Forward time: 0.88(0.61)  Batch time: 0.94(1.09)
2025-07-15 18:02:32,386   INFO  42b910279906                Tue Jul 15 18:02:32 2025  535.247.01
[0] NVIDIA GeForce RTX 4090 | 68Â°C,  10 % | 18521 / 24564 MB |
[1] NVIDIA GeForce RTX 4090 | 68Â°C,  31 % | 21865 / 24564 MB |
[2] NVIDIA GeForce RTX 4090 | 66Â°C,   0 % | 11955 / 24564 MB |
[3] NVIDIA GeForce RTX 4090 | 75Â°C,  90 % | 19883 / 24564 MB |

