2025-07-15 15:44:01,324   INFO  **********************Start logging**********************
2025-07-15 15:44:01,324   INFO  CUDA_VISIBLE_DEVICES=1
2025-07-15 15:44:01,324   INFO  Training with a single process
2025-07-15 15:44:01,324   INFO  cfg_file         cfgs/kitti_models/pillarfocus_ablation_no_attention.yaml
2025-07-15 15:44:01,324   INFO  batch_size       8
2025-07-15 15:44:01,325   INFO  epochs           80
2025-07-15 15:44:01,325   INFO  workers          6
2025-07-15 15:44:01,325   INFO  extra_tag        ablation_no_attention
2025-07-15 15:44:01,325   INFO  ckpt             None
2025-07-15 15:44:01,325   INFO  pretrained_model None
2025-07-15 15:44:01,325   INFO  launcher         none
2025-07-15 15:44:01,325   INFO  tcp_port         18888
2025-07-15 15:44:01,325   INFO  sync_bn          False
2025-07-15 15:44:01,325   INFO  fix_random_seed  False
2025-07-15 15:44:01,325   INFO  ckpt_save_interval 1
2025-07-15 15:44:01,325   INFO  local_rank       None
2025-07-15 15:44:01,325   INFO  max_ckpt_save_num 30
2025-07-15 15:44:01,325   INFO  merge_all_iters_to_one_epoch False
2025-07-15 15:44:01,325   INFO  set_cfgs         None
2025-07-15 15:44:01,325   INFO  max_waiting_mins 0
2025-07-15 15:44:01,325   INFO  start_epoch      0
2025-07-15 15:44:01,325   INFO  num_epochs_to_eval 0
2025-07-15 15:44:01,325   INFO  save_to_file     False
2025-07-15 15:44:01,325   INFO  use_tqdm_to_record False
2025-07-15 15:44:01,325   INFO  logger_iter_interval 50
2025-07-15 15:44:01,325   INFO  ckpt_save_time_interval 300
2025-07-15 15:44:01,325   INFO  wo_gpu_stat      False
2025-07-15 15:44:01,325   INFO  use_amp          False
2025-07-15 15:44:01,325   INFO  cfg.ROOT_DIR: /det/OpenPCDet
2025-07-15 15:44:01,325   INFO  cfg.LOCAL_RANK: 0
2025-07-15 15:44:01,325   INFO  cfg.CLASS_NAMES: ['Car', 'Pedestrian', 'Cyclist']
2025-07-15 15:44:01,325   INFO  ----------- DATA_CONFIG -----------
2025-07-15 15:44:01,325   INFO  cfg.DATA_CONFIG.DATASET: KittiDataset
2025-07-15 15:44:01,325   INFO  cfg.DATA_CONFIG.DATA_PATH: ../data/kitti
2025-07-15 15:44:01,325   INFO  cfg.DATA_CONFIG.POINT_CLOUD_RANGE: [0, -39.68, -3, 69.12, 39.68, 1]
2025-07-15 15:44:01,325   INFO  ----------- DATA_SPLIT -----------
2025-07-15 15:44:01,325   INFO  cfg.DATA_CONFIG.DATA_SPLIT.train: train
2025-07-15 15:44:01,325   INFO  cfg.DATA_CONFIG.DATA_SPLIT.test: val
2025-07-15 15:44:01,325   INFO  ----------- INFO_PATH -----------
2025-07-15 15:44:01,326   INFO  cfg.DATA_CONFIG.INFO_PATH.train: ['kitti_infos_train.pkl']
2025-07-15 15:44:01,326   INFO  cfg.DATA_CONFIG.INFO_PATH.test: ['kitti_infos_val.pkl']
2025-07-15 15:44:01,326   INFO  cfg.DATA_CONFIG.GET_ITEM_LIST: ['points']
2025-07-15 15:44:01,326   INFO  cfg.DATA_CONFIG.FOV_POINTS_ONLY: True
2025-07-15 15:44:01,326   INFO  ----------- DATA_AUGMENTOR -----------
2025-07-15 15:44:01,326   INFO  cfg.DATA_CONFIG.DATA_AUGMENTOR.DISABLE_AUG_LIST: ['placeholder']
2025-07-15 15:44:01,326   INFO  cfg.DATA_CONFIG.DATA_AUGMENTOR.AUG_CONFIG_LIST: [{'NAME': 'gt_sampling', 'USE_ROAD_PLANE': False, 'DB_INFO_PATH': ['kitti_dbinfos_train.pkl'], 'PREPARE': {'filter_by_min_points': ['Car:5', 'Pedestrian:5', 'Cyclist:5'], 'filter_by_difficulty': [-1]}, 'SAMPLE_GROUPS': ['Car:20', 'Pedestrian:15', 'Cyclist:15'], 'NUM_POINT_FEATURES': 4, 'DATABASE_WITH_FAKELIDAR': False, 'REMOVE_EXTRA_WIDTH': [0.0, 0.0, 0.0], 'LIMIT_WHOLE_SCENE': True}, {'NAME': 'random_world_flip', 'ALONG_AXIS_LIST': ['x']}, {'NAME': 'random_world_rotation', 'WORLD_ROT_ANGLE': [-0.78539816, 0.78539816]}, {'NAME': 'random_world_scaling', 'WORLD_SCALE_RANGE': [0.95, 1.05]}]
2025-07-15 15:44:01,326   INFO  ----------- POINT_FEATURE_ENCODING -----------
2025-07-15 15:44:01,326   INFO  cfg.DATA_CONFIG.POINT_FEATURE_ENCODING.encoding_type: absolute_coordinates_encoding
2025-07-15 15:44:01,326   INFO  cfg.DATA_CONFIG.POINT_FEATURE_ENCODING.used_feature_list: ['x', 'y', 'z', 'intensity']
2025-07-15 15:44:01,326   INFO  cfg.DATA_CONFIG.POINT_FEATURE_ENCODING.src_feature_list: ['x', 'y', 'z', 'intensity']
2025-07-15 15:44:01,326   INFO  cfg.DATA_CONFIG.DATA_PROCESSOR: [{'NAME': 'mask_points_and_boxes_outside_range', 'REMOVE_OUTSIDE_BOXES': True}, {'NAME': 'shuffle_points', 'SHUFFLE_ENABLED': {'train': True, 'test': False}}, {'NAME': 'transform_points_to_voxels', 'VOXEL_SIZE': [0.16, 0.16, 4], 'MAX_POINTS_PER_VOXEL': 32, 'MAX_NUMBER_OF_VOXELS': {'train': 16000, 'test': 40000}}]
2025-07-15 15:44:01,326   INFO  cfg.DATA_CONFIG._BASE_CONFIG_: cfgs/dataset_configs/kitti_dataset.yaml
2025-07-15 15:44:01,326   INFO  ----------- MODEL -----------
2025-07-15 15:44:01,326   INFO  cfg.MODEL.NAME: PillarFocusRCNN
2025-07-15 15:44:01,326   INFO  ----------- VFE -----------
2025-07-15 15:44:01,326   INFO  cfg.MODEL.VFE.NAME: PillarFocusVFE
2025-07-15 15:44:01,326   INFO  cfg.MODEL.VFE.WITH_DISTANCE: False
2025-07-15 15:44:01,326   INFO  cfg.MODEL.VFE.USE_ABSLUTE_XYZ: True
2025-07-15 15:44:01,326   INFO  cfg.MODEL.VFE.USE_NORM: True
2025-07-15 15:44:01,326   INFO  cfg.MODEL.VFE.NUM_FILTERS: [64]
2025-07-15 15:44:01,326   INFO  cfg.MODEL.VFE.DYNAMIC_PILLAR: True
2025-07-15 15:44:01,326   INFO  cfg.MODEL.VFE.MIN_POINTS_THRESHOLD: 10
2025-07-15 15:44:01,326   INFO  cfg.MODEL.VFE.EXPANSION_RATIO: 0.25
2025-07-15 15:44:01,326   INFO  ----------- MAP_TO_BEV -----------
2025-07-15 15:44:01,326   INFO  cfg.MODEL.MAP_TO_BEV.NAME: PillarFocusScatter
2025-07-15 15:44:01,326   INFO  cfg.MODEL.MAP_TO_BEV.NUM_BEV_FEATURES: 64
2025-07-15 15:44:01,326   INFO  cfg.MODEL.MAP_TO_BEV.FOCUS_ENHANCEMENT: True
2025-07-15 15:44:01,326   INFO  cfg.MODEL.MAP_TO_BEV.SPATIAL_ATTENTION: False
2025-07-15 15:44:01,326   INFO  ----------- BACKBONE_2D -----------
2025-07-15 15:44:01,326   INFO  cfg.MODEL.BACKBONE_2D.NAME: BaseBEVBackbone
2025-07-15 15:44:01,326   INFO  cfg.MODEL.BACKBONE_2D.LAYER_NUMS: [3, 5, 5]
2025-07-15 15:44:01,326   INFO  cfg.MODEL.BACKBONE_2D.LAYER_STRIDES: [2, 2, 2]
2025-07-15 15:44:01,326   INFO  cfg.MODEL.BACKBONE_2D.NUM_FILTERS: [64, 128, 256]
2025-07-15 15:44:01,327   INFO  cfg.MODEL.BACKBONE_2D.UPSAMPLE_STRIDES: [1, 2, 4]
2025-07-15 15:44:01,327   INFO  cfg.MODEL.BACKBONE_2D.NUM_UPSAMPLE_FILTERS: [128, 128, 128]
2025-07-15 15:44:01,327   INFO  ----------- DENSE_HEAD -----------
2025-07-15 15:44:01,327   INFO  cfg.MODEL.DENSE_HEAD.NAME: AnchorHeadSingle
2025-07-15 15:44:01,327   INFO  cfg.MODEL.DENSE_HEAD.CLASS_AGNOSTIC: False
2025-07-15 15:44:01,327   INFO  cfg.MODEL.DENSE_HEAD.USE_DIRECTION_CLASSIFIER: True
2025-07-15 15:44:01,327   INFO  cfg.MODEL.DENSE_HEAD.DIR_OFFSET: 0.78539
2025-07-15 15:44:01,327   INFO  cfg.MODEL.DENSE_HEAD.DIR_LIMIT_OFFSET: 0.0
2025-07-15 15:44:01,327   INFO  cfg.MODEL.DENSE_HEAD.NUM_DIR_BINS: 2
2025-07-15 15:44:01,327   INFO  cfg.MODEL.DENSE_HEAD.ANCHOR_GENERATOR_CONFIG: [{'class_name': 'Car', 'anchor_sizes': [[3.9, 1.6, 1.56]], 'anchor_rotations': [0, 1.57], 'anchor_bottom_heights': [-1.78], 'align_center': False, 'feature_map_stride': 2, 'matched_threshold': 0.6, 'unmatched_threshold': 0.45}, {'class_name': 'Pedestrian', 'anchor_sizes': [[0.8, 0.6, 1.73]], 'anchor_rotations': [0, 1.57], 'anchor_bottom_heights': [-0.6], 'align_center': False, 'feature_map_stride': 2, 'matched_threshold': 0.5, 'unmatched_threshold': 0.35}, {'class_name': 'Cyclist', 'anchor_sizes': [[1.76, 0.6, 1.73]], 'anchor_rotations': [0, 1.57], 'anchor_bottom_heights': [-0.6], 'align_center': False, 'feature_map_stride': 2, 'matched_threshold': 0.5, 'unmatched_threshold': 0.35}]
2025-07-15 15:44:01,327   INFO  ----------- TARGET_ASSIGNER_CONFIG -----------
2025-07-15 15:44:01,327   INFO  cfg.MODEL.DENSE_HEAD.TARGET_ASSIGNER_CONFIG.NAME: AxisAlignedTargetAssigner
2025-07-15 15:44:01,327   INFO  cfg.MODEL.DENSE_HEAD.TARGET_ASSIGNER_CONFIG.POS_FRACTION: -1.0
2025-07-15 15:44:01,327   INFO  cfg.MODEL.DENSE_HEAD.TARGET_ASSIGNER_CONFIG.SAMPLE_SIZE: 512
2025-07-15 15:44:01,327   INFO  cfg.MODEL.DENSE_HEAD.TARGET_ASSIGNER_CONFIG.NORM_BY_NUM_EXAMPLES: False
2025-07-15 15:44:01,327   INFO  cfg.MODEL.DENSE_HEAD.TARGET_ASSIGNER_CONFIG.MATCH_HEIGHT: False
2025-07-15 15:44:01,327   INFO  cfg.MODEL.DENSE_HEAD.TARGET_ASSIGNER_CONFIG.BOX_CODER: ResidualCoder
2025-07-15 15:44:01,327   INFO  ----------- LOSS_CONFIG -----------
2025-07-15 15:44:01,327   INFO  ----------- LOSS_WEIGHTS -----------
2025-07-15 15:44:01,327   INFO  cfg.MODEL.DENSE_HEAD.LOSS_CONFIG.LOSS_WEIGHTS.cls_weight: 1.0
2025-07-15 15:44:01,327   INFO  cfg.MODEL.DENSE_HEAD.LOSS_CONFIG.LOSS_WEIGHTS.loc_weight: 2.0
2025-07-15 15:44:01,327   INFO  cfg.MODEL.DENSE_HEAD.LOSS_CONFIG.LOSS_WEIGHTS.dir_weight: 0.2
2025-07-15 15:44:01,327   INFO  cfg.MODEL.DENSE_HEAD.LOSS_CONFIG.LOSS_WEIGHTS.code_weights: [1.0, 1.0, 1.0, 1.0, 1.0, 1.0, 1.0]
2025-07-15 15:44:01,327   INFO  ----------- POST_PROCESSING -----------
2025-07-15 15:44:01,327   INFO  cfg.MODEL.POST_PROCESSING.RECALL_THRESH_LIST: [0.3, 0.5, 0.7]
2025-07-15 15:44:01,327   INFO  cfg.MODEL.POST_PROCESSING.SCORE_THRESH: 0.1
2025-07-15 15:44:01,327   INFO  cfg.MODEL.POST_PROCESSING.OUTPUT_RAW_SCORE: False
2025-07-15 15:44:01,327   INFO  cfg.MODEL.POST_PROCESSING.EVAL_METRIC: kitti
2025-07-15 15:44:01,327   INFO  ----------- NMS_CONFIG -----------
2025-07-15 15:44:01,327   INFO  cfg.MODEL.POST_PROCESSING.NMS_CONFIG.MULTI_CLASSES_NMS: False
2025-07-15 15:44:01,327   INFO  cfg.MODEL.POST_PROCESSING.NMS_CONFIG.NMS_TYPE: nms_gpu
2025-07-15 15:44:01,327   INFO  cfg.MODEL.POST_PROCESSING.NMS_CONFIG.NMS_THRESH: 0.01
2025-07-15 15:44:01,327   INFO  cfg.MODEL.POST_PROCESSING.NMS_CONFIG.NMS_PRE_MAXSIZE: 4096
2025-07-15 15:44:01,327   INFO  cfg.MODEL.POST_PROCESSING.NMS_CONFIG.NMS_POST_MAXSIZE: 500
2025-07-15 15:44:01,328   INFO  ----------- OPTIMIZATION -----------
2025-07-15 15:44:01,328   INFO  cfg.OPTIMIZATION.BATCH_SIZE_PER_GPU: 2
2025-07-15 15:44:01,328   INFO  cfg.OPTIMIZATION.NUM_EPOCHS: 80
2025-07-15 15:44:01,328   INFO  cfg.OPTIMIZATION.OPTIMIZER: adam_onecycle
2025-07-15 15:44:01,328   INFO  cfg.OPTIMIZATION.LR: 0.012
2025-07-15 15:44:01,328   INFO  cfg.OPTIMIZATION.WEIGHT_DECAY: 0.01
2025-07-15 15:44:01,328   INFO  cfg.OPTIMIZATION.MOMENTUM: 0.9
2025-07-15 15:44:01,328   INFO  cfg.OPTIMIZATION.MOMS: [0.95, 0.85]
2025-07-15 15:44:01,328   INFO  cfg.OPTIMIZATION.PCT_START: 0.4
2025-07-15 15:44:01,328   INFO  cfg.OPTIMIZATION.DIV_FACTOR: 10
2025-07-15 15:44:01,328   INFO  cfg.OPTIMIZATION.DECAY_STEP_LIST: [35, 45]
2025-07-15 15:44:01,328   INFO  cfg.OPTIMIZATION.LR_DECAY: 0.1
2025-07-15 15:44:01,328   INFO  cfg.OPTIMIZATION.LR_CLIP: 1e-07
2025-07-15 15:44:01,328   INFO  cfg.OPTIMIZATION.LR_WARMUP: False
2025-07-15 15:44:01,328   INFO  cfg.OPTIMIZATION.WARMUP_EPOCH: 1
2025-07-15 15:44:01,328   INFO  cfg.OPTIMIZATION.GRAD_NORM_CLIP: 10
2025-07-15 15:44:01,328   INFO  cfg.TAG: pillarfocus_ablation_no_attention
2025-07-15 15:44:01,328   INFO  cfg.EXP_GROUP_PATH: kitti_models
2025-07-15 15:44:01,334   INFO  ----------- Create dataloader & network & optimizer -----------
2025-07-15 15:44:01,431   INFO  Database filter by min points Car: 14357 => 13532
2025-07-15 15:44:01,432   INFO  Database filter by min points Pedestrian: 2207 => 2168
2025-07-15 15:44:01,432   INFO  Database filter by min points Cyclist: 734 => 705
2025-07-15 15:44:01,445   INFO  Database filter by difficulty Car: 13532 => 10759
2025-07-15 15:44:01,448   INFO  Database filter by difficulty Pedestrian: 2168 => 2075
2025-07-15 15:44:01,450   INFO  Database filter by difficulty Cyclist: 705 => 581
2025-07-15 15:44:01,456   INFO  Loading KITTI dataset
2025-07-15 15:44:01,537   INFO  Total samples for KITTI dataset: 3712
/root/anaconda3/envs/open1/lib/python3.9/site-packages/torch/functional.py:504: UserWarning: torch.meshgrid: in an upcoming release, it will be required to pass the indexing argument. (Triggered internally at ../aten/src/ATen/native/TensorShape.cpp:3483.)
  return _VF.meshgrid(tensors, **kwargs)  # type: ignore[attr-defined]
2025-07-15 15:44:01,780   INFO  ==> Loading parameters from checkpoint /det/OpenPCDet/output/kitti_models/pillarfocus_ablation_no_attention/ablation_no_attention/ckpt/latest_model.pth to GPU
2025-07-15 15:44:01,850   INFO  ==> Loading optimizer parameters from checkpoint /det/OpenPCDet/output/kitti_models/pillarfocus_ablation_no_attention/ablation_no_attention/ckpt/latest_model.pth to GPU
2025-07-15 15:44:01,859   INFO  ==> Done
2025-07-15 15:44:01,861   INFO  ----------- Model PillarFocusRCNN created, param count: 4834889 -----------
2025-07-15 15:44:01,861   INFO  PillarFocusRCNN(
  (vfe): PillarFocusVFE(
    (pfn_layers): ModuleList(
      (0): PFNLayer(
        (linear): Linear(in_features=10, out_features=64, bias=False)
        (norm): BatchNorm1d(64, eps=0.001, momentum=0.01, affine=True, track_running_stats=True)
      )
    )
  )
  (backbone_3d): None
  (map_to_bev_module): PillarFocusScatter()
  (pfe): None
  (backbone_2d): BaseBEVBackbone(
    (blocks): ModuleList(
      (0): Sequential(
        (0): ZeroPad2d((1, 1, 1, 1))
        (1): Conv2d(64, 64, kernel_size=(3, 3), stride=(2, 2), bias=False)
        (2): BatchNorm2d(64, eps=0.001, momentum=0.01, affine=True, track_running_stats=True)
        (3): ReLU()
        (4): Conv2d(64, 64, kernel_size=(3, 3), stride=(1, 1), padding=(1, 1), bias=False)
        (5): BatchNorm2d(64, eps=0.001, momentum=0.01, affine=True, track_running_stats=True)
        (6): ReLU()
        (7): Conv2d(64, 64, kernel_size=(3, 3), stride=(1, 1), padding=(1, 1), bias=False)
        (8): BatchNorm2d(64, eps=0.001, momentum=0.01, affine=True, track_running_stats=True)
        (9): ReLU()
        (10): Conv2d(64, 64, kernel_size=(3, 3), stride=(1, 1), padding=(1, 1), bias=False)
        (11): BatchNorm2d(64, eps=0.001, momentum=0.01, affine=True, track_running_stats=True)
        (12): ReLU()
      )
      (1): Sequential(
        (0): ZeroPad2d((1, 1, 1, 1))
        (1): Conv2d(64, 128, kernel_size=(3, 3), stride=(2, 2), bias=False)
        (2): BatchNorm2d(128, eps=0.001, momentum=0.01, affine=True, track_running_stats=True)
        (3): ReLU()
        (4): Conv2d(128, 128, kernel_size=(3, 3), stride=(1, 1), padding=(1, 1), bias=False)
        (5): BatchNorm2d(128, eps=0.001, momentum=0.01, affine=True, track_running_stats=True)
        (6): ReLU()
        (7): Conv2d(128, 128, kernel_size=(3, 3), stride=(1, 1), padding=(1, 1), bias=False)
        (8): BatchNorm2d(128, eps=0.001, momentum=0.01, affine=True, track_running_stats=True)
        (9): ReLU()
        (10): Conv2d(128, 128, kernel_size=(3, 3), stride=(1, 1), padding=(1, 1), bias=False)
        (11): BatchNorm2d(128, eps=0.001, momentum=0.01, affine=True, track_running_stats=True)
        (12): ReLU()
        (13): Conv2d(128, 128, kernel_size=(3, 3), stride=(1, 1), padding=(1, 1), bias=False)
        (14): BatchNorm2d(128, eps=0.001, momentum=0.01, affine=True, track_running_stats=True)
        (15): ReLU()
        (16): Conv2d(128, 128, kernel_size=(3, 3), stride=(1, 1), padding=(1, 1), bias=False)
        (17): BatchNorm2d(128, eps=0.001, momentum=0.01, affine=True, track_running_stats=True)
        (18): ReLU()
      )
      (2): Sequential(
        (0): ZeroPad2d((1, 1, 1, 1))
        (1): Conv2d(128, 256, kernel_size=(3, 3), stride=(2, 2), bias=False)
        (2): BatchNorm2d(256, eps=0.001, momentum=0.01, affine=True, track_running_stats=True)
        (3): ReLU()
        (4): Conv2d(256, 256, kernel_size=(3, 3), stride=(1, 1), padding=(1, 1), bias=False)
        (5): BatchNorm2d(256, eps=0.001, momentum=0.01, affine=True, track_running_stats=True)
        (6): ReLU()
        (7): Conv2d(256, 256, kernel_size=(3, 3), stride=(1, 1), padding=(1, 1), bias=False)
        (8): BatchNorm2d(256, eps=0.001, momentum=0.01, affine=True, track_running_stats=True)
        (9): ReLU()
        (10): Conv2d(256, 256, kernel_size=(3, 3), stride=(1, 1), padding=(1, 1), bias=False)
        (11): BatchNorm2d(256, eps=0.001, momentum=0.01, affine=True, track_running_stats=True)
        (12): ReLU()
        (13): Conv2d(256, 256, kernel_size=(3, 3), stride=(1, 1), padding=(1, 1), bias=False)
        (14): BatchNorm2d(256, eps=0.001, momentum=0.01, affine=True, track_running_stats=True)
        (15): ReLU()
        (16): Conv2d(256, 256, kernel_size=(3, 3), stride=(1, 1), padding=(1, 1), bias=False)
        (17): BatchNorm2d(256, eps=0.001, momentum=0.01, affine=True, track_running_stats=True)
        (18): ReLU()
      )
    )
    (deblocks): ModuleList(
      (0): Sequential(
        (0): ConvTranspose2d(64, 128, kernel_size=(1, 1), stride=(1, 1), bias=False)
        (1): BatchNorm2d(128, eps=0.001, momentum=0.01, affine=True, track_running_stats=True)
        (2): ReLU()
      )
      (1): Sequential(
        (0): ConvTranspose2d(128, 128, kernel_size=(2, 2), stride=(2, 2), bias=False)
        (1): BatchNorm2d(128, eps=0.001, momentum=0.01, affine=True, track_running_stats=True)
        (2): ReLU()
      )
      (2): Sequential(
        (0): ConvTranspose2d(256, 128, kernel_size=(4, 4), stride=(4, 4), bias=False)
        (1): BatchNorm2d(128, eps=0.001, momentum=0.01, affine=True, track_running_stats=True)
        (2): ReLU()
      )
    )
  )
  (dense_head): AnchorHeadSingle(
    (cls_loss_func): SigmoidFocalClassificationLoss()
    (reg_loss_func): WeightedSmoothL1Loss()
    (dir_loss_func): WeightedCrossEntropyLoss()
    (conv_cls): Conv2d(384, 18, kernel_size=(1, 1), stride=(1, 1))
    (conv_box): Conv2d(384, 42, kernel_size=(1, 1), stride=(1, 1))
    (conv_dir_cls): Conv2d(384, 12, kernel_size=(1, 1), stride=(1, 1))
  )
  (point_head): None
  (roi_head): None
)
2025-07-15 15:44:01,862   INFO  **********************Start training kitti_models/pillarfocus_ablation_no_attention(ablation_no_attention)**********************
==> Checkpoint trained from version: pcdet+0.6.0+8caccce
epochs:   0%|          | 0/80 [00:00<?, ?it/s]
train:   0%|          | 0/464 [00:00<?, ?it/s][A2025-07-15 15:44:15,286   INFO  Train:    1/80 (  1%) [ 321/464 ( 69%)]  Loss: 1.246 (1.25)  LR: 1.212e-03  Time cost: 00:12/28:49 [00:13/123:37:56]  Acc_iter 322         Data time: 8.78(8.78)  Forward time: 3.32(3.32)  Batch time: 12.09(12.09)
2025-07-15 15:44:35,601   INFO  Train:    1/80 (  1%) [ 349/464 ( 75%)]  Loss: 1.261 (1.28)  LR: 1.215e-03  Time cost: 00:32/02:08 [00:33/11:24:54]  Acc_iter 350         Data time: 0.00(0.50)  Forward time: 0.73(0.61)  Batch time: 0.73(1.12)
2025-07-15 15:45:21,650   INFO  Train:    1/80 (  1%) [ 399/464 ( 86%)]  Loss: 1.232 (1.26)  LR: 1.219e-03  Time cost: 01:18/01:04 [01:19/10:07:49]  Acc_iter 400         Data time: 0.00(0.43)  Forward time: 1.06(0.57)  Batch time: 1.06(0.99)
2025-07-15 15:46:03,373   INFO  Train:    1/80 (  1%) [ 449/464 ( 97%)]  Loss: 1.182 (1.24)  LR: 1.224e-03  Time cost: 02:00/00:13 [02:01/9:29:24]  Acc_iter 450         Data time: 0.56(0.39)  Forward time: 0.43(0.54)  Batch time: 0.99(0.93)
2025-07-15 15:46:04,524   INFO  42b910279906                Tue Jul 15 15:46:04 2025  535.247.01
[0] NVIDIA GeForce RTX 4090 | 74Â°C,  31 % | 18521 / 24564 MB |
[1] NVIDIA GeForce RTX 4090 | 67Â°C,   0 % | 21235 / 24564 MB |
[2] NVIDIA GeForce RTX 4090 | 59Â°C,   8 % |   730 / 24564 MB |
[3] NVIDIA GeForce RTX 4090 | 75Â°C,  91 % | 19883 / 24564 MB |

2025-07-15 15:46:14,557   INFO  Train:    1/80 (  1%) [ 463/464 (100%)]  Loss: 1.273 (1.24)  LR: 1.226e-03  Time cost: 02:11/00:00 [02:12/9:21:14]  Acc_iter 464         Data time: 0.14(0.38)  Forward time: 0.46(0.54)  Batch time: 0.60(0.92)

                                              [Aepochs:   1%|â–         | 1/80 [02:17<3:01:28, 137.83s/it]
train:   0%|          | 0/464 [00:00<?, ?it/s][A2025-07-15 15:46:24,766   INFO  Train:    2/80 (  2%) [   0/464 (  0%)]  Loss: 1.180 (1.18)  LR: 1.226e-03  Time cost: 00:04/37:01 [02:22/48:44:38]  Acc_iter 465         Data time: 4.43(4.43)  Forward time: 0.36(0.36)  Batch time: 4.79(4.79)
2025-07-15 15:46:53,551   INFO  Train:    2/80 (  2%) [  35/464 (  8%)]  Loss: 1.267 (1.19)  LR: 1.230e-03  Time cost: 00:33/06:40 [02:51/9:29:11]  Acc_iter 500         Data time: 0.00(0.43)  Forward time: 0.40(0.51)  Batch time: 0.40(0.93)
2025-07-15 15:47:38,904   INFO  Train:    2/80 (  2%) [  85/464 ( 18%)]  Loss: 1.166 (1.19)  LR: 1.236e-03  Time cost: 01:18/05:47 [03:37/9:19:22]  Acc_iter 550         Data time: 0.00(0.36)  Forward time: 0.47(0.56)  Batch time: 0.47(0.92)
2025-07-15 15:48:20,327   INFO  Train:    2/80 (  2%) [ 135/464 ( 29%)]  Loss: 1.092 (1.18)  LR: 1.243e-03  Time cost: 02:00/04:51 [04:18/8:58:38]  Acc_iter 600         Data time: 0.00(0.30)  Forward time: 0.74(0.58)  Batch time: 0.74(0.88)
2025-07-15 15:48:21,034   INFO  42b910279906                Tue Jul 15 15:48:21 2025  535.247.01
[0] NVIDIA GeForce RTX 4090 | 74Â°C,  52 % | 18521 / 24564 MB |
[1] NVIDIA GeForce RTX 4090 | 70Â°C,  42 % | 21235 / 24564 MB |
[2] NVIDIA GeForce RTX 4090 | 61Â°C,   8 % |   730 / 24564 MB |
[3] NVIDIA GeForce RTX 4090 | 82Â°C,  95 % | 19883 / 24564 MB |

2025-07-15 15:49:00,573   INFO  Train:    2/80 (  2%) [ 185/464 ( 40%)]  Loss: 1.126 (1.16)  LR: 1.251e-03  Time cost: 02:40/04:00 [04:58/8:44:49]  Acc_iter 650         Data time: 0.01(0.29)  Forward time: 0.43(0.57)  Batch time: 0.44(0.86)
2025-07-15 15:49:39,942   INFO  Train:    2/80 (  2%) [ 235/464 ( 51%)]  Loss: 1.158 (1.15)  LR: 1.259e-03  Time cost: 03:19/03:14 [05:38/8:34:19]  Acc_iter 700         Data time: 0.01(0.28)  Forward time: 0.61(0.56)  Batch time: 0.62(0.85)
2025-07-15 15:50:19,800   INFO  Train:    2/80 (  2%) [ 285/464 ( 61%)]  Loss: 1.129 (1.15)  LR: 1.268e-03  Time cost: 03:59/02:30 [06:17/8:28:18]  Acc_iter 750         Data time: 0.39(0.29)  Forward time: 0.49(0.55)  Batch time: 0.88(0.84)
2025-07-15 15:50:20,671   INFO  42b910279906                Tue Jul 15 15:50:20 2025  535.247.01
[0] NVIDIA GeForce RTX 4090 | 69Â°C,  43 % | 18521 / 24564 MB |
[1] NVIDIA GeForce RTX 4090 | 69Â°C,   0 % | 21235 / 24564 MB |
[2] NVIDIA GeForce RTX 4090 | 61Â°C,   8 % |   730 / 24564 MB |
[3] NVIDIA GeForce RTX 4090 | 84Â°C,  96 % | 19883 / 24564 MB |

2025-07-15 15:51:02,555   INFO  Train:    2/80 (  2%) [ 335/464 ( 72%)]  Loss: 1.074 (1.14)  LR: 1.277e-03  Time cost: 04:42/01:48 [07:00/8:29:06]  Acc_iter 800         Data time: 0.00(0.29)  Forward time: 0.50(0.55)  Batch time: 0.51(0.84)
2025-07-15 15:51:21,377   INFO  Save latest model to /det/OpenPCDet/output/kitti_models/pillarfocus_ablation_no_attention/ablation_no_attention/ckpt/latest_model
2025-07-15 15:51:38,447   INFO  Train:    2/80 (  2%) [ 385/464 ( 83%)]  Loss: 1.150 (1.13)  LR: 1.287e-03  Time cost: 05:18/01:05 [07:36/8:18:45]  Acc_iter 850         Data time: 0.00(0.28)  Forward time: 0.58(0.55)  Batch time: 0.58(0.83)
2025-07-15 15:52:17,907   INFO  Train:    2/80 (  2%) [ 435/464 ( 94%)]  Loss: 1.157 (1.12)  LR: 1.297e-03  Time cost: 05:57/00:23 [08:16/8:15:35]  Acc_iter 900         Data time: 0.00(0.28)  Forward time: 0.37(0.54)  Batch time: 0.37(0.82)
2025-07-15 15:52:18,809   INFO  42b910279906                Tue Jul 15 15:52:18 2025  535.247.01
[0] NVIDIA GeForce RTX 4090 | 69Â°C,  46 % | 18521 / 24564 MB |
[1] NVIDIA GeForce RTX 4090 | 69Â°C,   0 % | 21235 / 24564 MB |
[2] NVIDIA GeForce RTX 4090 | 62Â°C,   8 % |   730 / 24564 MB |
[3] NVIDIA GeForce RTX 4090 | 77Â°C,  87 % | 19883 / 24564 MB |

2025-07-15 15:52:39,251   INFO  Train:    2/80 (  2%) [ 463/464 (100%)]  Loss: 1.112 (1.12)  LR: 1.304e-03  Time cost: 06:19/00:00 [08:37/8:13:04]  Acc_iter 928         Data time: 0.01(0.28)  Forward time: 0.51(0.54)  Batch time: 0.52(0.82)

                                              [Aepochs:   2%|â–Ž         | 2/80 [08:37<6:04:10, 280.14s/it]
train:   0%|          | 0/464 [00:00<?, ?it/s][A2025-07-15 15:52:43,040   INFO  Train:    3/80 (  4%) [   0/464 (  0%)]  Loss: 1.129 (1.13)  LR: 1.304e-03  Time cost: 00:03/25:37 [08:41/33:18:51]  Acc_iter 929         Data time: 2.97(2.97)  Forward time: 0.35(0.35)  Batch time: 3.31(3.31)
2025-07-15 15:53:02,171   INFO  Train:    3/80 (  4%) [  21/464 (  5%)]  Loss: 1.005 (1.04)  LR: 1.308e-03  Time cost: 00:22/07:31 [09:00/10:15:01]  Acc_iter 950         Data time: 0.00(0.47)  Forward time: 0.39(0.55)  Batch time: 0.39(1.02)
2025-07-15 15:53:44,094   INFO  Train:    3/80 (  4%) [  71/464 ( 15%)]  Loss: 1.099 (1.05)  LR: 1.320e-03  Time cost: 01:04/05:51 [09:42/8:58:12]  Acc_iter 1000        Data time: 0.00(0.30)  Forward time: 0.36(0.59)  Batch time: 0.36(0.89)
2025-07-15 15:54:20,038   INFO  Train:    3/80 (  4%) [ 121/464 ( 26%)]  Loss: 0.9956 (1.03)  LR: 1.332e-03  Time cost: 01:40/04:42 [10:18/8:14:18]  Acc_iter 1050        Data time: 0.10(0.27)  Forward time: 0.42(0.55)  Batch time: 0.52(0.82)
2025-07-15 15:54:20,900   INFO  42b910279906                Tue Jul 15 15:54:20 2025  535.247.01
[0] NVIDIA GeForce RTX 4090 | 68Â°C,  48 % | 18521 / 24564 MB |
[1] NVIDIA GeForce RTX 4090 | 70Â°C,  34 % | 21235 / 24564 MB |
[2] NVIDIA GeForce RTX 4090 | 62Â°C,   8 % |   730 / 24564 MB |
[3] NVIDIA GeForce RTX 4090 | 84Â°C, 100 % | 19883 / 24564 MB |

2025-07-15 15:54:58,934   INFO  Train:    3/80 (  4%) [ 171/464 ( 37%)]  Loss: 0.9960 (1.02)  LR: 1.345e-03  Time cost: 02:19/03:57 [10:57/8:05:53]  Acc_iter 1100        Data time: 0.00(0.26)  Forward time: 0.77(0.55)  Batch time: 0.77(0.81)
2025-07-15 15:55:42,178   INFO  Train:    3/80 (  4%) [ 221/464 ( 48%)]  Loss: 1.037 (1.02)  LR: 1.359e-03  Time cost: 03:02/03:19 [11:40/8:12:42]  Acc_iter 1150        Data time: 0.00(0.27)  Forward time: 0.83(0.56)  Batch time: 0.83(0.82)
2025-07-15 15:56:27,395   INFO  Train:    3/80 (  4%) [ 271/464 ( 58%)]  Loss: 0.9600 (1.01)  LR: 1.373e-03  Time cost: 03:47/02:41 [12:25/8:21:06]  Acc_iter 1200        Data time: 0.00(0.27)  Forward time: 0.77(0.57)  Batch time: 0.77(0.84)
2025-07-15 15:56:28,224   INFO  42b910279906                Tue Jul 15 15:56:28 2025  535.247.01
[0] NVIDIA GeForce RTX 4090 | 69Â°C,  51 % | 18521 / 24564 MB |
[1] NVIDIA GeForce RTX 4090 | 69Â°C,  47 % | 21235 / 24564 MB |
[2] NVIDIA GeForce RTX 4090 | 62Â°C,   8 % |   730 / 24564 MB |
[3] NVIDIA GeForce RTX 4090 | 76Â°C, 100 % | 19883 / 24564 MB |

2025-07-15 15:57:15,448   INFO  Train:    3/80 (  4%) [ 321/464 ( 69%)]  Loss: 1.030 (1.00)  LR: 1.387e-03  Time cost: 04:35/02:02 [13:13/8:31:55]  Acc_iter 1250        Data time: 0.00(0.29)  Forward time: 0.99(0.57)  Batch time: 0.99(0.86)
2025-07-15 15:57:40,397   INFO  Save latest model to /det/OpenPCDet/output/kitti_models/pillarfocus_ablation_no_attention/ablation_no_attention/ckpt/latest_model
2025-07-15 15:58:06,337   INFO  Train:    3/80 (  4%) [ 371/464 ( 80%)]  Loss: 0.9685 (0.999)  LR: 1.403e-03  Time cost: 05:26/01:21 [14:04/8:44:10]  Acc_iter 1300        Data time: 0.00(0.30)  Forward time: 0.49(0.58)  Batch time: 0.49(0.88)
2025-07-15 15:58:54,990   INFO  Train:    3/80 (  4%) [ 421/464 ( 91%)]  Loss: 0.9375 (0.991)  LR: 1.418e-03  Time cost: 06:15/00:38 [14:53/8:50:09]  Acc_iter 1350        Data time: 2.32(0.30)  Forward time: 0.34(0.59)  Batch time: 2.65(0.89)
2025-07-15 15:58:55,772   INFO  42b910279906                Tue Jul 15 15:58:55 2025  535.247.01
[0] NVIDIA GeForce RTX 4090 | 73Â°C,  12 % | 18521 / 24564 MB |
[1] NVIDIA GeForce RTX 4090 | 68Â°C,  35 % | 21235 / 24564 MB |
[2] NVIDIA GeForce RTX 4090 | 67Â°C,   8 % | 12414 / 24564 MB |
[3] NVIDIA GeForce RTX 4090 | 76Â°C, 100 % | 19883 / 24564 MB |

2025-07-15 15:59:36,273   INFO  Train:    3/80 (  4%) [ 463/464 (100%)]  Loss: 0.9261 (0.986)  LR: 1.432e-03  Time cost: 06:56/00:00 [15:34/8:54:34]  Acc_iter 1392        Data time: 0.61(0.31)  Forward time: 0.47(0.59)  Batch time: 1.08(0.90)

                                              [Aepochs:   4%|â–         | 3/80 [15:34<7:19:49, 342.72s/it]
train:   0%|          | 0/464 [00:00<?, ?it/s][A2025-07-15 15:59:43,904   INFO  Train:    4/80 (  5%) [   0/464 (  0%)]  Loss: 0.9111 (0.911)  LR: 1.433e-03  Time cost: 00:06/52:52 [15:42/67:51:54]  Acc_iter 1393        Data time: 5.54(5.54)  Forward time: 1.30(1.30)  Batch time: 6.84(6.84)
2025-07-15 15:59:49,741   INFO  Train:    4/80 (  5%) [   7/464 (  2%)]  Loss: 0.9117 (0.935)  LR: 1.435e-03  Time cost: 00:12/12:04 [15:47/15:43:16]  Acc_iter 1400        Data time: 1.55(0.98)  Forward time: 0.47(0.60)  Batch time: 2.02(1.58)
2025-07-15 16:00:41,198   INFO  Train:    4/80 (  5%) [  57/464 ( 12%)]  Loss: 0.8727 (0.939)  LR: 1.452e-03  Time cost: 01:04/07:30 [16:39/10:57:22]  Acc_iter 1450        Data time: 0.00(0.44)  Forward time: 0.50(0.66)  Batch time: 0.50(1.11)
2025-07-15 16:01:34,237   INFO  Train:    4/80 (  5%) [ 107/464 ( 23%)]  Loss: 0.9262 (0.921)  LR: 1.469e-03  Time cost: 01:57/06:27 [17:32/10:44:06]  Acc_iter 1500        Data time: 1.88(0.44)  Forward time: 0.68(0.64)  Batch time: 2.55(1.08)
2025-07-15 16:01:35,864   INFO  42b910279906                Tue Jul 15 16:01:35 2025  535.247.01
[0] NVIDIA GeForce RTX 4090 | 68Â°C,  86 % | 18521 / 24564 MB |
[1] NVIDIA GeForce RTX 4090 | 66Â°C,   1 % | 21865 / 24564 MB |
[2] NVIDIA GeForce RTX 4090 | 68Â°C,  26 % | 12416 / 24564 MB |
[3] NVIDIA GeForce RTX 4090 | 83Â°C,  54 % | 19883 / 24564 MB |

2025-07-15 16:02:24,909   INFO  Train:    4/80 (  5%) [ 157/464 ( 34%)]  Loss: 0.9231 (0.926)  LR: 1.487e-03  Time cost: 02:47/05:26 [18:23/10:29:47]  Acc_iter 1550        Data time: 0.03(0.43)  Forward time: 0.56(0.64)  Batch time: 0.59(1.06)
2025-07-15 16:03:13,835   INFO  Train:    4/80 (  5%) [ 207/464 ( 45%)]  Loss: 0.8916 (0.925)  LR: 1.506e-03  Time cost: 03:36/04:27 [19:11/10:16:58]  Acc_iter 1600        Data time: 0.02(0.41)  Forward time: 0.44(0.63)  Batch time: 0.46(1.04)
2025-07-15 16:04:02,477   INFO  Train:    4/80 (  5%) [ 257/464 ( 55%)]  Loss: 0.8162 (0.920)  LR: 1.525e-03  Time cost: 04:25/03:32 [20:00/10:08:09]  Acc_iter 1650        Data time: 0.08(0.41)  Forward time: 0.47(0.62)  Batch time: 0.55(1.03)
2025-07-15 16:04:03,258   INFO  42b910279906                Tue Jul 15 16:04:03 2025  535.247.01
[0] NVIDIA GeForce RTX 4090 | 73Â°C,  12 % | 18521 / 24564 MB |
[1] NVIDIA GeForce RTX 4090 | 68Â°C,  37 % | 21865 / 24564 MB |
[2] NVIDIA GeForce RTX 4090 | 67Â°C,  28 % | 12416 / 24564 MB |
[3] NVIDIA GeForce RTX 4090 | 77Â°C,  53 % | 19883 / 24564 MB |

2025-07-15 16:04:37,910   INFO  Save latest model to /det/OpenPCDet/output/kitti_models/pillarfocus_ablation_no_attention/ablation_no_attention/ckpt/latest_model
2025-07-15 16:04:52,867   INFO  Train:    4/80 (  5%) [ 307/464 ( 66%)]  Loss: 0.9991 (0.916)  LR: 1.545e-03  Time cost: 05:15/02:40 [20:51/10:05:18]  Acc_iter 1700        Data time: 0.08(0.40)  Forward time: 0.46(0.62)  Batch time: 0.54(1.03)
2025-07-15 16:05:44,564   INFO  Train:    4/80 (  5%) [ 357/464 ( 77%)]  Loss: 0.9215 (0.916)  LR: 1.566e-03  Time cost: 06:07/01:49 [21:42/10:05:09]  Acc_iter 1750        Data time: 0.09(0.40)  Forward time: 0.43(0.63)  Batch time: 0.51(1.03)
2025-07-15 16:06:34,873   INFO  Train:    4/80 (  5%) [ 407/464 ( 88%)]  Loss: 0.8573 (0.913)  LR: 1.586e-03  Time cost: 06:57/00:58 [22:33/10:02:50]  Acc_iter 1800        Data time: 1.69(0.40)  Forward time: 0.65(0.62)  Batch time: 2.34(1.02)
2025-07-15 16:06:36,064   INFO  42b910279906                Tue Jul 15 16:06:35 2025  535.247.01
[0] NVIDIA GeForce RTX 4090 | 68Â°C,  59 % | 18521 / 24564 MB |
[1] NVIDIA GeForce RTX 4090 | 68Â°C,  57 % | 21865 / 24564 MB |
[2] NVIDIA GeForce RTX 4090 | 66Â°C,   9 % | 12463 / 24564 MB |
[3] NVIDIA GeForce RTX 4090 | 83Â°C,  41 % | 19883 / 24564 MB |

2025-07-15 16:07:27,978   INFO  Train:    4/80 (  5%) [ 457/464 ( 98%)]  Loss: 0.9019 (0.908)  LR: 1.608e-03  Time cost: 07:50/00:07 [23:26/10:04:25]  Acc_iter 1850        Data time: 0.00(0.40)  Forward time: 0.77(0.63)  Batch time: 0.77(1.03)
2025-07-15 16:07:32,489   INFO  Train:    4/80 (  5%) [ 463/464 (100%)]  Loss: 0.8869 (0.907)  LR: 1.611e-03  Time cost: 07:55/00:01 [23:30/10:02:13]  Acc_iter 1856        Data time: 0.00(0.39)  Forward time: 0.55(0.63)  Batch time: 0.55(1.02)

                                              [Aepochs:   5%|â–Œ         | 4/80 [23:31<8:21:00, 395.53s/it]
train:   0%|          | 0/464 [00:00<?, ?it/s][A2025-07-15 16:07:39,764   INFO  Train:    5/80 (  6%) [   0/464 (  0%)]  Loss: 0.8755 (0.875)  LR: 1.611e-03  Time cost: 00:05/46:00 [23:37/58:16:01]  Acc_iter 1857        Data time: 5.25(5.25)  Forward time: 0.70(0.70)  Batch time: 5.95(5.95)
2025-07-15 16:08:20,864   INFO  Train:    5/80 (  6%) [  43/464 (  9%)]  Loss: 0.8628 (0.866)  LR: 1.630e-03  Time cost: 00:47/07:30 [24:19/10:27:40]  Acc_iter 1900        Data time: 1.73(0.44)  Forward time: 0.44(0.63)  Batch time: 2.17(1.07)
2025-07-15 16:09:14,203   INFO  Train:    5/80 (  6%) [  93/464 ( 20%)]  Loss: 0.9193 (0.872)  LR: 1.653e-03  Time cost: 01:40/06:36 [25:12/10:26:00]  Acc_iter 1950        Data time: 0.00(0.45)  Forward time: 1.03(0.61)  Batch time: 1.03(1.07)
2025-07-15 16:09:15,891   INFO  42b910279906                Tue Jul 15 16:09:15 2025  535.247.01
[0] NVIDIA GeForce RTX 4090 | 69Â°C,  55 % | 18521 / 24564 MB |
[1] NVIDIA GeForce RTX 4090 | 68Â°C,   0 % | 21865 / 24564 MB |
[2] NVIDIA GeForce RTX 4090 | 68Â°C,  49 % | 12463 / 24564 MB |
[3] NVIDIA GeForce RTX 4090 | 76Â°C,  98 % | 19883 / 24564 MB |

2025-07-15 16:10:01,157   INFO  Train:    5/80 (  6%) [ 143/464 ( 31%)]  Loss: 0.8899 (0.882)  LR: 1.676e-03  Time cost: 02:27/05:28 [25:59/9:58:55]  Acc_iter 2000        Data time: 0.01(0.42)  Forward time: 0.44(0.60)  Batch time: 0.45(1.02)
2025-07-15 16:10:56,868   INFO  Train:    5/80 (  6%) [ 193/464 ( 42%)]  Loss: 0.8378 (0.882)  LR: 1.700e-03  Time cost: 03:23/04:43 [26:55/10:11:47]  Acc_iter 2050        Data time: 0.00(0.43)  Forward time: 0.63(0.62)  Batch time: 0.63(1.05)
2025-07-15 16:11:45,482   INFO  Train:    5/80 (  6%) [ 243/464 ( 52%)]  Loss: 0.8697 (0.882)  LR: 1.724e-03  Time cost: 04:11/03:47 [27:43/10:02:01]  Acc_iter 2100        Data time: 0.00(0.42)  Forward time: 0.40(0.61)  Batch time: 0.41(1.03)
2025-07-15 16:11:46,392   INFO  42b910279906                Tue Jul 15 16:11:46 2025  535.247.01
[0] NVIDIA GeForce RTX 4090 | 67Â°C,  15 % | 18521 / 24564 MB |
[1] NVIDIA GeForce RTX 4090 | 69Â°C,  41 % | 21865 / 24564 MB |
[2] NVIDIA GeForce RTX 4090 | 73Â°C,  38 % | 12462 / 24564 MB |
[3] NVIDIA GeForce RTX 4090 | 78Â°C,  84 % | 19883 / 24564 MB |

2025-07-15 16:12:34,329   INFO  Train:    5/80 (  6%) [ 293/464 ( 63%)]  Loss: 0.9377 (0.878)  LR: 1.749e-03  Time cost: 05:00/02:54 [28:32/9:55:45]  Acc_iter 2150        Data time: 0.00(0.41)  Forward time: 0.77(0.61)  Batch time: 0.77(1.02)
2025-07-15 16:12:34,652   INFO  Save latest model to /det/OpenPCDet/output/kitti_models/pillarfocus_ablation_no_attention/ablation_no_attention/ckpt/latest_model
2025-07-15 16:13:30,137   INFO  Train:    5/80 (  6%) [ 343/464 ( 74%)]  Loss: 0.8318 (0.876)  LR: 1.774e-03  Time cost: 05:56/02:05 [29:28/10:02:51]  Acc_iter 2200        Data time: 0.00(0.41)  Forward time: 0.85(0.63)  Batch time: 0.85(1.04)
2025-07-15 16:14:22,401   INFO  Train:    5/80 (  6%) [ 393/464 ( 85%)]  Loss: 0.7762 (0.874)  LR: 1.800e-03  Time cost: 06:48/01:13 [30:20/10:02:41]  Acc_iter 2250        Data time: 2.35(0.41)  Forward time: 0.62(0.63)  Batch time: 2.96(1.04)
2025-07-15 16:14:23,161   INFO  42b910279906                Tue Jul 15 16:14:23 2025  535.247.01
[0] NVIDIA GeForce RTX 4090 | 73Â°C,  33 % | 18521 / 24564 MB |
[1] NVIDIA GeForce RTX 4090 | 68Â°C,   7 % | 21865 / 24564 MB |
[2] NVIDIA GeForce RTX 4090 | 66Â°C,   8 % | 12435 / 24564 MB |
[3] NVIDIA GeForce RTX 4090 | 83Â°C,  80 % | 19883 / 24564 MB |

2025-07-15 16:15:12,185   INFO  Train:    5/80 (  6%) [ 443/464 ( 95%)]  Loss: 0.7503 (0.878)  LR: 1.826e-03  Time cost: 07:38/00:21 [31:10/9:59:07]  Acc_iter 2300        Data time: 0.01(0.41)  Forward time: 0.80(0.62)  Batch time: 0.80(1.03)
2025-07-15 16:15:28,969   INFO  Train:    5/80 (  6%) [ 463/464 (100%)]  Loss: 0.8207 (0.877)  LR: 1.837e-03  Time cost: 07:55/00:01 [31:27/9:53:57]  Acc_iter 2320        Data time: 0.00(0.41)  Forward time: 0.57(0.62)  Batch time: 0.57(1.02)

                                              [Aepochs:   6%|â–‹         | 5/80 [31:27<8:50:59, 424.80s/it]
train:   0%|          | 0/464 [00:00<?, ?it/s][A2025-07-15 16:15:38,060   INFO  Train:    6/80 (  8%) [   0/464 (  0%)]  Loss: 0.8603 (0.860)  LR: 1.838e-03  Time cost: 00:07/57:03 [31:36/71:18:58]  Acc_iter 2321        Data time: 6.16(6.16)  Forward time: 1.21(1.21)  Batch time: 7.38(7.38)
2025-07-15 16:16:08,551   INFO  Train:    6/80 (  8%) [  29/464 (  6%)]  Loss: 0.8321 (0.825)  LR: 1.853e-03  Time cost: 00:37/09:09 [32:06/12:11:31]  Acc_iter 2350        Data time: 0.01(0.69)  Forward time: 0.58(0.57)  Batch time: 0.58(1.26)
2025-07-15 16:17:03,629   INFO  Train:    6/80 (  8%) [  79/464 ( 17%)]  Loss: 0.9041 (0.827)  LR: 1.881e-03  Time cost: 01:32/07:27 [33:01/11:12:20]  Acc_iter 2400        Data time: 0.31(0.56)  Forward time: 0.53(0.60)  Batch time: 0.84(1.16)
2025-07-15 16:17:05,049   INFO  42b910279906                Tue Jul 15 16:17:04 2025  535.247.01
[0] NVIDIA GeForce RTX 4090 | 73Â°C,  18 % | 18521 / 24564 MB |
[1] NVIDIA GeForce RTX 4090 | 67Â°C,   7 % | 21865 / 24564 MB |
[2] NVIDIA GeForce RTX 4090 | 68Â°C,  11 % | 12417 / 24564 MB |
[3] NVIDIA GeForce RTX 4090 | 73Â°C,  52 % | 19883 / 24564 MB |

2025-07-15 16:17:55,754   INFO  Train:    6/80 (  8%) [ 129/464 ( 28%)]  Loss: 0.7840 (0.835)  LR: 1.909e-03  Time cost: 02:25/06:13 [33:53/10:44:50]  Acc_iter 2450        Data time: 1.28(0.49)  Forward time: 0.35(0.63)  Batch time: 1.63(1.12)
2025-07-15 16:18:47,384   INFO  Train:    6/80 (  8%) [ 179/464 ( 39%)]  Loss: 0.8128 (0.836)  LR: 1.937e-03  Time cost: 03:16/05:11 [34:45/10:30:33]  Acc_iter 2500        Data time: 0.00(0.47)  Forward time: 0.68(0.63)  Batch time: 0.68(1.09)
2025-07-15 16:19:37,146   INFO  Train:    6/80 (  8%) [ 229/464 ( 49%)]  Loss: 0.8215 (0.828)  LR: 1.967e-03  Time cost: 04:06/04:11 [35:35/10:17:25]  Acc_iter 2550        Data time: 0.00(0.44)  Forward time: 0.43(0.64)  Batch time: 0.44(1.07)
2025-07-15 16:19:37,941   INFO  42b910279906                Tue Jul 15 16:19:37 2025  535.247.01
[0] NVIDIA GeForce RTX 4090 | 74Â°C,  43 % | 18521 / 24564 MB |
[1] NVIDIA GeForce RTX 4090 | 68Â°C,   0 % | 21865 / 24564 MB |
[2] NVIDIA GeForce RTX 4090 | 67Â°C,   9 % | 12417 / 24564 MB |
[3] NVIDIA GeForce RTX 4090 | 84Â°C,  64 % | 19883 / 24564 MB |

2025-07-15 16:20:21,971   INFO  Train:    6/80 (  8%) [ 279/464 ( 60%)]  Loss: 0.9041 (0.832)  LR: 1.996e-03  Time cost: 04:51/03:12 [36:20/9:58:32]  Acc_iter 2600        Data time: 2.23(0.40)  Forward time: 0.45(0.64)  Batch time: 2.67(1.04)
2025-07-15 16:20:32,057   INFO  Save latest model to /det/OpenPCDet/output/kitti_models/pillarfocus_ablation_no_attention/ablation_no_attention/ckpt/latest_model
2025-07-15 16:21:13,445   INFO  Train:    6/80 (  8%) [ 329/464 ( 71%)]  Loss: 0.8889 (0.836)  LR: 2.026e-03  Time cost: 05:42/02:20 [37:11/9:56:44]  Acc_iter 2650        Data time: 0.08(0.40)  Forward time: 0.47(0.64)  Batch time: 0.56(1.04)
2025-07-15 16:22:02,942   INFO  Train:    6/80 (  8%) [ 379/464 ( 82%)]  Loss: 0.7957 (0.837)  LR: 2.057e-03  Time cost: 06:32/01:27 [38:01/9:52:11]  Acc_iter 2700        Data time: 0.00(0.39)  Forward time: 1.22(0.64)  Batch time: 1.22(1.03)
2025-07-15 16:22:04,752   INFO  42b910279906                Tue Jul 15 16:22:04 2025  535.247.01
[0] NVIDIA GeForce RTX 4090 | 72Â°C,  62 % | 18521 / 24564 MB |
[1] NVIDIA GeForce RTX 4090 | 69Â°C,  26 % | 21865 / 24564 MB |
[2] NVIDIA GeForce RTX 4090 | 66Â°C,   8 % | 12420 / 24564 MB |
[3] NVIDIA GeForce RTX 4090 | 81Â°C, 100 % | 19883 / 24564 MB |

2025-07-15 16:22:57,677   INFO  Train:    6/80 (  8%) [ 429/464 ( 92%)]  Loss: 0.8506 (0.838)  LR: 2.088e-03  Time cost: 07:26/00:36 [38:55/9:55:29]  Acc_iter 2750        Data time: 2.82(0.40)  Forward time: 0.47(0.64)  Batch time: 3.30(1.04)
2025-07-15 16:23:28,910   INFO  Train:    6/80 (  8%) [ 463/464 (100%)]  Loss: 0.7963 (0.837)  LR: 2.109e-03  Time cost: 07:58/00:01 [39:27/9:49:49]  Acc_iter 2784        Data time: 0.00(0.39)  Forward time: 0.51(0.64)  Batch time: 0.51(1.03)

                                              [Aepochs:   8%|â–Š         | 6/80 [39:27<9:06:54, 443.44s/it]
train:   0%|          | 0/464 [00:00<?, ?it/s][A2025-07-15 16:23:37,235   INFO  Train:    7/80 (  9%) [   0/464 (  0%)]  Loss: 0.8684 (0.868)  LR: 2.110e-03  Time cost: 00:07/54:33 [39:35/67:17:03]  Acc_iter 2785        Data time: 6.54(6.54)  Forward time: 0.51(0.51)  Batch time: 7.05(7.05)
2025-07-15 16:23:50,510   INFO  Train:    7/80 (  9%) [  15/464 (  3%)]  Loss: 0.7652 (0.796)  LR: 2.120e-03  Time cost: 00:20/09:30 [39:48/12:06:48]  Acc_iter 2800        Data time: 1.85(0.65)  Forward time: 0.68(0.62)  Batch time: 2.53(1.27)
2025-07-15 16:24:39,702   INFO  Train:    7/80 (  9%) [  65/464 ( 14%)]  Loss: 0.8931 (0.816)  LR: 2.152e-03  Time cost: 01:09/07:00 [40:37/10:01:39]  Acc_iter 2850        Data time: 0.01(0.42)  Forward time: 0.56(0.63)  Batch time: 0.57(1.05)
2025-07-15 16:24:40,653   INFO  42b910279906                Tue Jul 15 16:24:40 2025  535.247.01
[0] NVIDIA GeForce RTX 4090 | 70Â°C,  13 % | 18521 / 24564 MB |
[1] NVIDIA GeForce RTX 4090 | 68Â°C,  37 % | 21865 / 24564 MB |
[2] NVIDIA GeForce RTX 4090 | 66Â°C,   8 % | 12420 / 24564 MB |
[3] NVIDIA GeForce RTX 4090 | 82Â°C,  70 % | 19883 / 24564 MB |

2025-07-15 16:25:32,976   INFO  Train:    7/80 (  9%) [ 115/464 ( 25%)]  Loss: 0.7945 (0.820)  LR: 2.184e-03  Time cost: 02:02/06:09 [41:31/10:03:45]  Acc_iter 2900        Data time: 0.00(0.41)  Forward time: 0.75(0.65)  Batch time: 0.75(1.06)
2025-07-15 16:26:18,910   INFO  Train:    7/80 (  9%) [ 165/464 ( 36%)]  Loss: 0.7838 (0.817)  LR: 2.218e-03  Time cost: 02:48/05:03 [42:17/9:38:52]  Acc_iter 2950        Data time: 0.00(0.36)  Forward time: 0.51(0.65)  Batch time: 0.51(1.02)
2025-07-15 16:27:11,082   INFO  Train:    7/80 (  9%) [ 215/464 ( 46%)]  Loss: 0.7249 (0.813)  LR: 2.251e-03  Time cost: 03:40/04:14 [43:09/9:41:35]  Acc_iter 3000        Data time: 0.00(0.38)  Forward time: 0.54(0.64)  Batch time: 0.54(1.02)
2025-07-15 16:27:12,659   INFO  42b910279906                Tue Jul 15 16:27:12 2025  535.247.01
[0] NVIDIA GeForce RTX 4090 | 72Â°C,  81 % | 18521 / 24564 MB |
[1] NVIDIA GeForce RTX 4090 | 68Â°C,  16 % | 21865 / 24564 MB |
[2] NVIDIA GeForce RTX 4090 | 67Â°C,  12 % | 12417 / 24564 MB |
[3] NVIDIA GeForce RTX 4090 | 84Â°C, 100 % | 19883 / 24564 MB |

2025-07-15 16:28:00,222   INFO  Train:    7/80 (  9%) [ 265/464 ( 57%)]  Loss: 0.8100 (0.807)  LR: 2.285e-03  Time cost: 04:30/03:22 [43:58/9:36:28]  Acc_iter 3050        Data time: 0.00(0.38)  Forward time: 0.48(0.63)  Batch time: 0.48(1.02)
2025-07-15 16:28:33,612   INFO  Save latest model to /det/OpenPCDet/output/kitti_models/pillarfocus_ablation_no_attention/ablation_no_attention/ckpt/latest_model
2025-07-15 16:28:55,180   INFO  Train:    7/80 (  9%) [ 315/464 ( 68%)]  Loss: 0.8066 (0.808)  LR: 2.320e-03  Time cost: 05:25/02:33 [44:53/9:43:09]  Acc_iter 3100        Data time: 0.01(0.40)  Forward time: 0.40(0.63)  Batch time: 0.41(1.03)
2025-07-15 16:29:48,835   INFO  Train:    7/80 (  9%) [ 365/464 ( 79%)]  Loss: 0.8115 (0.812)  LR: 2.355e-03  Time cost: 06:18/01:42 [45:46/9:45:45]  Acc_iter 3150        Data time: 0.00(0.40)  Forward time: 0.52(0.63)  Batch time: 0.52(1.03)
2025-07-15 16:29:49,749   INFO  42b910279906                Tue Jul 15 16:29:49 2025  535.247.01
[0] NVIDIA GeForce RTX 4090 | 68Â°C,  57 % | 18521 / 24564 MB |
[1] NVIDIA GeForce RTX 4090 | 68Â°C,   6 % | 21865 / 24564 MB |
[2] NVIDIA GeForce RTX 4090 | 67Â°C,   8 % | 12417 / 24564 MB |
[3] NVIDIA GeForce RTX 4090 | 84Â°C, 100 % | 19883 / 24564 MB |

2025-07-15 16:30:38,544   INFO  Train:    7/80 (  9%) [ 415/464 ( 89%)]  Loss: 0.7695 (0.812)  LR: 2.390e-03  Time cost: 07:08/00:50 [46:36/9:42:09]  Acc_iter 3200        Data time: 0.00(0.39)  Forward time: 0.49(0.63)  Batch time: 0.50(1.03)
2025-07-15 16:31:19,554   INFO  Train:    7/80 (  9%) [ 463/464 (100%)]  Loss: 0.7840 (0.811)  LR: 2.425e-03  Time cost: 07:49/00:01 [47:17/9:31:05]  Acc_iter 3248        Data time: 0.01(0.37)  Forward time: 0.49(0.64)  Batch time: 0.50(1.01)

                                              [Aepochs:   9%|â–‰         | 7/80 [47:18<9:10:21, 452.35s/it]
train:   0%|          | 0/464 [00:00<?, ?it/s][A2025-07-15 16:31:29,860   INFO  Train:    8/80 ( 10%) [   0/464 (  0%)]  Loss: 0.6932 (0.693)  LR: 2.426e-03  Time cost: 00:08/1:09:20 [47:27/84:22:24]  Acc_iter 3249        Data time: 8.14(8.14)  Forward time: 0.82(0.82)  Batch time: 8.97(8.97)
2025-07-15 16:31:30,398   INFO  Train:    8/80 ( 10%) [   1/464 (  0%)]  Loss: 0.8319 (0.763)  LR: 2.426e-03  Time cost: 00:09/36:40 [47:28/44:42:50]  Acc_iter 3250        Data time: 0.00(4.07)  Forward time: 0.53(0.68)  Batch time: 0.54(4.75)
2025-07-15 16:32:19,924   INFO  Train:    8/80 ( 10%) [  51/464 ( 11%)]  Loss: 0.8280 (0.772)  LR: 2.463e-03  Time cost: 00:59/07:48 [48:18/10:39:54]  Acc_iter 3300        Data time: 0.00(0.52)  Forward time: 0.57(0.61)  Batch time: 0.58(1.14)
2025-07-15 16:32:21,102   INFO  42b910279906                Tue Jul 15 16:32:21 2025  535.247.01
[0] NVIDIA GeForce RTX 4090 | 71Â°C,  10 % | 18521 / 24564 MB |
[1] NVIDIA GeForce RTX 4090 | 74Â°C,  35 % | 21865 / 24564 MB |
[2] NVIDIA GeForce RTX 4090 | 67Â°C,  52 % | 12417 / 24564 MB |
[3] NVIDIA GeForce RTX 4090 | 84Â°C,  95 % | 19883 / 24564 MB |

2025-07-15 16:33:11,544   INFO  Train:    8/80 ( 10%) [ 101/464 ( 22%)]  Loss: 0.7425 (0.786)  LR: 2.500e-03  Time cost: 01:50/06:33 [49:09/10:10:35]  Acc_iter 3350        Data time: 0.00(0.47)  Forward time: 0.45(0.62)  Batch time: 0.45(1.08)
2025-07-15 16:34:10,245   INFO  Train:    8/80 ( 10%) [ 151/464 ( 33%)]  Loss: 0.8573 (0.788)  LR: 2.537e-03  Time cost: 02:49/05:48 [50:08/10:26:10]  Acc_iter 3400        Data time: 0.02(0.48)  Forward time: 0.47(0.63)  Batch time: 0.49(1.11)
2025-07-15 16:34:56,159   INFO  Train:    8/80 ( 10%) [ 201/464 ( 43%)]  Loss: 0.8990 (0.802)  LR: 2.575e-03  Time cost: 03:35/04:40 [50:54/9:58:02]  Acc_iter 3450        Data time: 0.00(0.44)  Forward time: 0.52(0.63)  Batch time: 0.52(1.07)
2025-07-15 16:34:57,129   INFO  42b910279906                Tue Jul 15 16:34:57 2025  535.247.01
[0] NVIDIA GeForce RTX 4090 | 68Â°C,  34 % | 18521 / 24564 MB |
[1] NVIDIA GeForce RTX 4090 | 68Â°C,   0 % | 21865 / 24564 MB |
[2] NVIDIA GeForce RTX 4090 | 68Â°C,  36 % | 12417 / 24564 MB |
[3] NVIDIA GeForce RTX 4090 | 80Â°C,  75 % | 19883 / 24564 MB |

2025-07-15 16:35:46,160   INFO  Train:    8/80 ( 10%) [ 251/464 ( 54%)]  Loss: 0.8157 (0.802)  LR: 2.613e-03  Time cost: 04:25/03:44 [51:44/9:49:51]  Acc_iter 3500        Data time: 0.08(0.42)  Forward time: 0.62(0.63)  Batch time: 0.69(1.05)
2025-07-15 16:36:21,828   INFO  Save latest model to /det/OpenPCDet/output/kitti_models/pillarfocus_ablation_no_attention/ablation_no_attention/ckpt/latest_model
2025-07-15 16:36:39,888   INFO  Train:    8/80 ( 10%) [ 301/464 ( 65%)]  Loss: 0.8202 (0.799)  LR: 2.652e-03  Time cost: 05:18/02:52 [52:38/9:51:00]  Acc_iter 3550        Data time: 0.02(0.43)  Forward time: 0.92(0.63)  Batch time: 0.94(1.06)
2025-07-15 16:37:30,304   INFO  Train:    8/80 ( 10%) [ 351/464 ( 76%)]  Loss: 0.8179 (0.797)  LR: 2.691e-03  Time cost: 06:09/01:58 [53:28/9:46:19]  Acc_iter 3600        Data time: 0.16(0.42)  Forward time: 0.52(0.62)  Batch time: 0.68(1.05)
2025-07-15 16:37:32,182   INFO  42b910279906                Tue Jul 15 16:37:31 2025  535.247.01
[0] NVIDIA GeForce RTX 4090 | 75Â°C,  54 % | 18521 / 24564 MB |
[1] NVIDIA GeForce RTX 4090 | 69Â°C,  45 % | 21865 / 24564 MB |
[2] NVIDIA GeForce RTX 4090 | 68Â°C,  11 % | 12417 / 24564 MB |
[3] NVIDIA GeForce RTX 4090 | 82Â°C, 100 % | 19883 / 24564 MB |

2025-07-15 16:38:15,416   INFO  Train:    8/80 ( 10%) [ 401/464 ( 86%)]  Loss: 0.6996 (0.795)  LR: 2.731e-03  Time cost: 06:54/01:04 [54:13/9:35:13]  Acc_iter 3650        Data time: 0.00(0.41)  Forward time: 0.47(0.62)  Batch time: 0.47(1.03)
2025-07-15 16:39:09,838   INFO  Train:    8/80 ( 10%) [ 451/464 ( 97%)]  Loss: 0.7178 (0.793)  LR: 2.771e-03  Time cost: 07:48/00:13 [55:07/9:37:53]  Acc_iter 3700        Data time: 0.03(0.40)  Forward time: 0.74(0.63)  Batch time: 0.77(1.04)
2025-07-15 16:39:22,884   INFO  Train:    8/80 ( 10%) [ 463/464 (100%)]  Loss: 0.6925 (0.792)  LR: 2.781e-03  Time cost: 08:01/00:01 [55:21/9:38:24]  Acc_iter 3712        Data time: 0.00(0.41)  Forward time: 0.49(0.63)  Batch time: 0.49(1.04)

                                              [Aepochs:  10%|â–ˆ         | 8/80 [55:21<9:14:43, 462.27s/it]
train:   0%|          | 0/464 [00:00<?, ?it/s][A2025-07-15 16:39:32,017   INFO  Train:    9/80 ( 11%) [   0/464 (  0%)]  Loss: 0.8160 (0.816)  LR: 2.782e-03  Time cost: 00:07/57:13 [55:30/68:40:03]  Acc_iter 3713        Data time: 7.03(7.03)  Forward time: 0.37(0.37)  Batch time: 7.40(7.40)
2025-07-15 16:40:06,913   INFO  Train:    9/80 ( 11%) [  37/464 (  8%)]  Loss: 0.7633 (0.771)  LR: 2.812e-03  Time cost: 00:42/07:55 [56:05/10:19:03]  Acc_iter 3750        Data time: 0.00(0.37)  Forward time: 0.44(0.75)  Batch time: 0.44(1.11)
2025-07-15 16:40:07,759   INFO  42b910279906                Tue Jul 15 16:40:07 2025  535.247.01
[0] NVIDIA GeForce RTX 4090 | 75Â°C,  48 % | 18521 / 24564 MB |
[1] NVIDIA GeForce RTX 4090 | 68Â°C,   6 % | 21865 / 24564 MB |
[2] NVIDIA GeForce RTX 4090 | 68Â°C,  64 % | 12417 / 24564 MB |
[3] NVIDIA GeForce RTX 4090 | 74Â°C,  70 % | 19883 / 24564 MB |

2025-07-15 16:41:01,782   INFO  Train:    9/80 ( 11%) [  87/464 ( 19%)]  Loss: 0.7751 (0.776)  LR: 2.853e-03  Time cost: 01:37/06:56 [56:59/10:13:10]  Acc_iter 3800        Data time: 0.13(0.43)  Forward time: 0.86(0.68)  Batch time: 0.99(1.10)
2025-07-15 16:41:50,170   INFO  Train:    9/80 ( 11%) [ 137/464 ( 30%)]  Loss: 0.8300 (0.769)  LR: 2.894e-03  Time cost: 02:25/05:44 [57:48/9:44:51]  Acc_iter 3850        Data time: 0.01(0.39)  Forward time: 0.61(0.67)  Batch time: 0.62(1.05)
2025-07-15 16:42:46,139   INFO  Train:    9/80 ( 11%) [ 187/464 ( 40%)]  Loss: 0.7598 (0.768)  LR: 2.936e-03  Time cost: 03:21/04:56 [58:44/9:53:30]  Acc_iter 3900        Data time: 0.08(0.42)  Forward time: 0.87(0.65)  Batch time: 0.95(1.07)
2025-07-15 16:42:46,910   INFO  42b910279906                Tue Jul 15 16:42:46 2025  535.247.01
[0] NVIDIA GeForce RTX 4090 | 68Â°C,  80 % | 18521 / 24564 MB |
[1] NVIDIA GeForce RTX 4090 | 68Â°C,   7 % | 21865 / 24564 MB |
[2] NVIDIA GeForce RTX 4090 | 66Â°C,  10 % | 12417 / 24564 MB |
[3] NVIDIA GeForce RTX 4090 | 82Â°C,  84 % | 19883 / 24564 MB |

2025-07-15 16:43:39,921   INFO  Train:    9/80 ( 11%) [ 237/464 ( 51%)]  Loss: 0.7523 (0.771)  LR: 2.978e-03  Time cost: 04:15/04:03 [59:38/9:53:02]  Acc_iter 3950        Data time: 3.07(0.43)  Forward time: 0.55(0.64)  Batch time: 3.62(1.07)
2025-07-15 16:44:27,943   INFO  Save latest model to /det/OpenPCDet/output/kitti_models/pillarfocus_ablation_no_attention/ablation_no_attention/ckpt/latest_model
2025-07-15 16:44:34,500   INFO  Train:    9/80 ( 11%) [ 287/464 ( 62%)]  Loss: 0.7591 (0.775)  LR: 3.020e-03  Time cost: 05:09/03:10 [1:00:32/9:53:57]  Acc_iter 4000        Data time: 0.01(0.43)  Forward time: 0.50(0.65)  Batch time: 0.51(1.08)
2025-07-15 16:45:25,101   INFO  Train:    9/80 ( 11%) [ 337/464 ( 73%)]  Loss: 0.7750 (0.771)  LR: 3.063e-03  Time cost: 06:00/02:15 [1:01:23/9:47:50]  Acc_iter 4050        Data time: 0.01(0.41)  Forward time: 0.71(0.66)  Batch time: 0.72(1.07)
2025-07-15 16:45:27,317   INFO  42b910279906                Tue Jul 15 16:45:27 2025  535.247.01
[0] NVIDIA GeForce RTX 4090 | 69Â°C,  25 % | 18521 / 24564 MB |
[1] NVIDIA GeForce RTX 4090 | 68Â°C,  18 % | 21865 / 24564 MB |
[2] NVIDIA GeForce RTX 4090 | 66Â°C,   9 % | 12417 / 24564 MB |
[3] NVIDIA GeForce RTX 4090 | 82Â°C,  67 % | 19883 / 24564 MB |

2025-07-15 16:46:18,697   INFO  Train:    9/80 ( 11%) [ 387/464 ( 83%)]  Loss: 0.7224 (0.768)  LR: 3.107e-03  Time cost: 06:54/01:22 [1:02:16/9:47:20]  Acc_iter 4100        Data time: 1.49(0.41)  Forward time: 0.39(0.66)  Batch time: 1.88(1.07)
2025-07-15 16:47:05,056   INFO  Train:    9/80 ( 11%) [ 437/464 ( 94%)]  Loss: 0.7424 (0.766)  LR: 3.150e-03  Time cost: 07:40/00:28 [1:03:03/9:37:40]  Acc_iter 4150        Data time: 0.00(0.40)  Forward time: 0.89(0.65)  Batch time: 0.89(1.05)
2025-07-15 16:47:30,011   INFO  Train:    9/80 ( 11%) [ 463/464 (100%)]  Loss: 0.8077 (0.765)  LR: 3.173e-03  Time cost: 08:05/00:01 [1:03:28/9:34:23]  Acc_iter 4176        Data time: 0.00(0.40)  Forward time: 0.75(0.65)  Batch time: 0.75(1.05)

                                              [Aepochs:  11%|â–ˆâ–        | 9/80 [1:03:28<9:16:09, 470.00s/it]
train:   0%|          | 0/464 [00:00<?, ?it/s][A2025-07-15 16:47:37,589   INFO  Train:   10/80 ( 12%) [   0/464 (  0%)]  Loss: 0.8203 (0.820)  LR: 3.174e-03  Time cost: 00:06/48:08 [1:03:35/56:58:28]  Acc_iter 4177        Data time: 5.65(5.65)  Forward time: 0.57(0.57)  Batch time: 6.23(6.23)
2025-07-15 16:48:01,541   INFO  Train:   10/80 ( 12%) [  23/464 (  5%)]  Loss: 0.7525 (0.773)  LR: 3.195e-03  Time cost: 00:30/09:14 [1:03:59/11:29:56]  Acc_iter 4200        Data time: 0.00(0.67)  Forward time: 0.57(0.59)  Batch time: 0.57(1.26)
2025-07-15 16:48:03,733   INFO  42b910279906                Tue Jul 15 16:48:03 2025  535.247.01
[0] NVIDIA GeForce RTX 4090 | 67Â°C,  12 % | 18521 / 24564 MB |
[1] NVIDIA GeForce RTX 4090 | 68Â°C,  12 % | 21865 / 24564 MB |
[2] NVIDIA GeForce RTX 4090 | 67Â°C,  49 % | 12417 / 24564 MB |
[3] NVIDIA GeForce RTX 4090 | 83Â°C,  17 % | 19883 / 24564 MB |

2025-07-15 16:48:54,822   INFO  Train:   10/80 ( 12%) [  73/464 ( 16%)]  Loss: 0.7852 (0.747)  LR: 3.239e-03  Time cost: 01:23/07:20 [1:04:52/10:17:53]  Acc_iter 4250        Data time: 1.99(0.51)  Forward time: 0.80(0.62)  Batch time: 2.79(1.13)
2025-07-15 16:49:48,431   INFO  Train:   10/80 ( 12%) [ 123/464 ( 27%)]  Loss: 0.7113 (0.743)  LR: 3.284e-03  Time cost: 02:17/06:16 [1:05:46/10:04:40]  Acc_iter 4300        Data time: 0.00(0.48)  Forward time: 0.44(0.63)  Batch time: 0.44(1.11)
2025-07-15 16:50:39,635   INFO  Train:   10/80 ( 12%) [ 173/464 ( 37%)]  Loss: 0.7072 (0.741)  LR: 3.329e-03  Time cost: 03:08/05:14 [1:06:37/9:50:59]  Acc_iter 4350        Data time: 0.01(0.44)  Forward time: 0.60(0.64)  Batch time: 0.61(1.08)
2025-07-15 16:50:40,825   INFO  42b910279906                Tue Jul 15 16:50:40 2025  535.247.01
[0] NVIDIA GeForce RTX 4090 | 71Â°C,  14 % | 18521 / 24564 MB |
[1] NVIDIA GeForce RTX 4090 | 69Â°C,   0 % | 21865 / 24564 MB |
[2] NVIDIA GeForce RTX 4090 | 68Â°C,   8 % | 12417 / 24564 MB |
[3] NVIDIA GeForce RTX 4090 | 80Â°C,  76 % | 19883 / 24564 MB |

2025-07-15 16:51:26,348   INFO  Train:   10/80 ( 12%) [ 223/464 ( 48%)]  Loss: 0.7128 (0.744)  LR: 3.375e-03  Time cost: 03:54/04:12 [1:07:24/9:32:05]  Acc_iter 4400        Data time: 1.76(0.42)  Forward time: 0.41(0.63)  Batch time: 2.17(1.05)
2025-07-15 16:52:15,495   INFO  Train:   10/80 ( 12%) [ 273/464 ( 59%)]  Loss: 0.7665 (0.743)  LR: 3.421e-03  Time cost: 04:44/03:18 [1:08:13/9:24:39]  Acc_iter 4450        Data time: 0.00(0.41)  Forward time: 0.80(0.62)  Batch time: 0.80(1.04)
2025-07-15 16:52:32,435   INFO  Save latest model to /det/OpenPCDet/output/kitti_models/pillarfocus_ablation_no_attention/ablation_no_attention/ckpt/latest_model
2025-07-15 16:53:08,314   INFO  Train:   10/80 ( 12%) [ 323/464 ( 70%)]  Loss: 0.7161 (0.740)  LR: 3.467e-03  Time cost: 05:36/02:26 [1:09:06/9:25:24]  Acc_iter 4500        Data time: 0.01(0.41)  Forward time: 0.40(0.63)  Batch time: 0.40(1.04)
2025-07-15 16:53:09,427   INFO  42b910279906                Tue Jul 15 16:53:09 2025  535.247.01
[0] NVIDIA GeForce RTX 4090 | 68Â°C,  49 % | 18521 / 24564 MB |
[1] NVIDIA GeForce RTX 4090 | 68Â°C,   0 % | 21865 / 24564 MB |
[2] NVIDIA GeForce RTX 4090 | 66Â°C,   8 % | 12417 / 24564 MB |
[3] NVIDIA GeForce RTX 4090 | 77Â°C,  85 % | 19883 / 24564 MB |

2025-07-15 16:54:02,164   INFO  Train:   10/80 ( 12%) [ 373/464 ( 80%)]  Loss: 0.7573 (0.740)  LR: 3.514e-03  Time cost: 06:30/01:35 [1:10:00/9:27:14]  Acc_iter 4550        Data time: 0.00(0.42)  Forward time: 0.64(0.63)  Batch time: 0.65(1.04)
2025-07-15 16:54:49,158   INFO  Train:   10/80 ( 12%) [ 423/464 ( 91%)]  Loss: 0.6787 (0.744)  LR: 3.561e-03  Time cost: 07:17/00:42 [1:10:47/9:19:39]  Acc_iter 4600        Data time: 0.00(0.41)  Forward time: 0.92(0.63)  Batch time: 0.92(1.03)
2025-07-15 16:55:31,710   INFO  Train:   10/80 ( 12%) [ 463/464 (100%)]  Loss: 0.7998 (0.744)  LR: 3.599e-03  Time cost: 08:00/00:01 [1:11:29/9:20:25]  Acc_iter 4640        Data time: 0.00(0.41)  Forward time: 0.62(0.62)  Batch time: 0.62(1.04)

                                              [Aepochs:  12%|â–ˆâ–Ž        | 10/80 [1:11:30<9:12:32, 473.61s/it]
train:   0%|          | 0/464 [00:00<?, ?it/s][A2025-07-15 16:55:41,299   INFO  Train:   11/80 ( 14%) [   0/464 (  0%)]  Loss: 0.6922 (0.692)  LR: 3.600e-03  Time cost: 00:08/1:04:30 [1:11:39/75:16:03]  Acc_iter 4641        Data time: 7.63(7.63)  Forward time: 0.72(0.72)  Batch time: 8.34(8.34)
2025-07-15 16:55:48,183   INFO  Train:   11/80 ( 14%) [   9/464 (  2%)]  Loss: 0.6720 (0.732)  LR: 3.608e-03  Time cost: 00:15/11:32 [1:11:46/13:44:01]  Acc_iter 4650        Data time: 0.11(0.98)  Forward time: 0.56(0.54)  Batch time: 0.66(1.52)
2025-07-15 16:55:49,707   INFO  42b910279906                Tue Jul 15 16:55:49 2025  535.247.01
[0] NVIDIA GeForce RTX 4090 | 74Â°C,  49 % | 18521 / 24564 MB |
[1] NVIDIA GeForce RTX 4090 | 67Â°C,   0 % | 21865 / 24564 MB |
[2] NVIDIA GeForce RTX 4090 | 66Â°C,   7 % | 12417 / 24564 MB |
[3] NVIDIA GeForce RTX 4090 | 84Â°C, 100 % | 19883 / 24564 MB |

2025-07-15 16:56:46,642   INFO  Train:   11/80 ( 14%) [  59/464 ( 13%)]  Loss: 0.8523 (0.731)  LR: 3.656e-03  Time cost: 01:13/08:17 [1:12:44/11:03:35]  Acc_iter 4700        Data time: 0.01(0.60)  Forward time: 0.57(0.63)  Batch time: 0.58(1.23)
2025-07-15 16:57:32,568   INFO  Train:   11/80 ( 14%) [ 109/464 ( 23%)]  Loss: 0.7189 (0.723)  LR: 3.704e-03  Time cost: 01:59/06:26 [1:13:30/9:46:39]  Acc_iter 4750        Data time: 0.01(0.46)  Forward time: 0.69(0.63)  Batch time: 0.70(1.09)
2025-07-15 16:58:24,672   INFO  Train:   11/80 ( 14%) [ 159/464 ( 34%)]  Loss: 0.7297 (0.727)  LR: 3.753e-03  Time cost: 02:51/05:27 [1:14:22/9:38:07]  Acc_iter 4800        Data time: 0.16(0.47)  Forward time: 0.58(0.61)  Batch time: 0.74(1.07)
2025-07-15 16:58:25,974   INFO  42b910279906                Tue Jul 15 16:58:25 2025  535.247.01
[0] NVIDIA GeForce RTX 4090 | 69Â°C,  55 % | 18521 / 24564 MB |
[1] NVIDIA GeForce RTX 4090 | 68Â°C,   0 % | 21865 / 24564 MB |
[2] NVIDIA GeForce RTX 4090 | 66Â°C,   8 % | 12417 / 24564 MB |
[3] NVIDIA GeForce RTX 4090 | 74Â°C,  56 % | 19883 / 24564 MB |

2025-07-15 16:59:13,994   INFO  Train:   11/80 ( 14%) [ 209/464 ( 45%)]  Loss: 0.6959 (0.727)  LR: 3.801e-03  Time cost: 03:41/04:28 [1:15:12/9:26:07]  Acc_iter 4850        Data time: 0.00(0.45)  Forward time: 0.47(0.60)  Batch time: 0.47(1.05)
2025-07-15 17:00:06,471   INFO  Train:   11/80 ( 14%) [ 259/464 ( 56%)]  Loss: 0.7158 (0.726)  LR: 3.850e-03  Time cost: 04:33/03:35 [1:16:04/9:24:55]  Acc_iter 4900        Data time: 0.19(0.44)  Forward time: 0.70(0.62)  Batch time: 0.89(1.05)
2025-07-15 17:00:34,032   INFO  Save latest model to /det/OpenPCDet/output/kitti_models/pillarfocus_ablation_no_attention/ablation_no_attention/ckpt/latest_model
2025-07-15 17:00:52,661   INFO  Train:   11/80 ( 14%) [ 309/464 ( 67%)]  Loss: 0.7708 (0.727)  LR: 3.900e-03  Time cost: 05:19/02:39 [1:16:50/9:12:58]  Acc_iter 4950        Data time: 0.00(0.41)  Forward time: 0.48(0.62)  Batch time: 0.48(1.03)
2025-07-15 17:00:53,642   INFO  42b910279906                Tue Jul 15 17:00:53 2025  535.247.01
[0] NVIDIA GeForce RTX 4090 | 68Â°C,  50 % | 18521 / 24564 MB |
[1] NVIDIA GeForce RTX 4090 | 68Â°C,   0 % | 21865 / 24564 MB |
[2] NVIDIA GeForce RTX 4090 | 66Â°C,   9 % | 12417 / 24564 MB |
[3] NVIDIA GeForce RTX 4090 | 85Â°C,  71 % | 19883 / 24564 MB |

2025-07-15 17:01:45,885   INFO  Train:   11/80 ( 14%) [ 359/464 ( 77%)]  Loss: 0.7157 (0.728)  LR: 3.949e-03  Time cost: 06:12/01:48 [1:17:44/9:14:34]  Acc_iter 5000        Data time: 1.83(0.42)  Forward time: 0.40(0.61)  Batch time: 2.24(1.04)
2025-07-15 17:02:32,219   INFO  Train:   11/80 ( 14%) [ 409/464 ( 88%)]  Loss: 0.7657 (0.727)  LR: 3.999e-03  Time cost: 06:59/00:56 [1:18:30/9:06:35]  Acc_iter 5050        Data time: 0.00(0.41)  Forward time: 0.49(0.61)  Batch time: 0.49(1.02)
2025-07-15 17:03:20,815   INFO  Train:   11/80 ( 14%) [ 459/464 ( 99%)]  Loss: 0.6781 (0.727)  LR: 4.049e-03  Time cost: 07:47/00:05 [1:19:18/9:02:48]  Acc_iter 5100        Data time: 0.00(0.40)  Forward time: 0.30(0.61)  Batch time: 0.30(1.02)
2025-07-15 17:03:21,852   INFO  42b910279906                Tue Jul 15 17:03:21 2025  535.247.01
[0] NVIDIA GeForce RTX 4090 | 73Â°C,  25 % | 18521 / 24564 MB |
[1] NVIDIA GeForce RTX 4090 | 74Â°C,  16 % | 21865 / 24564 MB |
[2] NVIDIA GeForce RTX 4090 | 67Â°C,   9 % | 12446 / 24564 MB |
[3] NVIDIA GeForce RTX 4090 | 77Â°C,  41 % | 19883 / 24564 MB |

2025-07-15 17:03:25,165   INFO  Train:   11/80 ( 14%) [ 463/464 (100%)]  Loss: 0.8180 (0.727)  LR: 4.053e-03  Time cost: 07:52/00:01 [1:19:23/9:03:03]  Acc_iter 5104        Data time: 0.70(0.41)  Forward time: 0.50(0.61)  Batch time: 1.20(1.02)

                                              [Aepochs:  14%|â–ˆâ–        | 11/80 [1:19:24<9:04:46, 473.72s/it]
train:   0%|          | 0/464 [00:00<?, ?it/s][A2025-07-15 17:03:33,813   INFO  Train:   12/80 ( 15%) [   0/464 (  0%)]  Loss: 0.7779 (0.778)  LR: 4.054e-03  Time cost: 00:06/52:45 [1:19:31/60:39:52]  Acc_iter 5105        Data time: 6.18(6.18)  Forward time: 0.64(0.64)  Batch time: 6.82(6.82)
2025-07-15 17:04:17,961   INFO  Train:   12/80 ( 15%) [  45/464 ( 10%)]  Loss: 0.6823 (0.722)  LR: 4.100e-03  Time cost: 00:50/07:44 [1:20:16/9:50:24]  Acc_iter 5150        Data time: 0.05(0.44)  Forward time: 0.77(0.66)  Batch time: 0.83(1.11)
2025-07-15 17:05:08,718   INFO  Train:   12/80 ( 15%) [  95/464 ( 20%)]  Loss: 0.7402 (0.718)  LR: 4.151e-03  Time cost: 01:41/06:31 [1:21:06/9:23:44]  Acc_iter 5200        Data time: 0.00(0.43)  Forward time: 0.31(0.63)  Batch time: 0.31(1.06)
2025-07-15 17:06:02,240   INFO  Train:   12/80 ( 15%) [ 145/464 ( 31%)]  Loss: 0.7111 (0.718)  LR: 4.202e-03  Time cost: 02:35/05:39 [1:22:00/9:24:49]  Acc_iter 5250        Data time: 2.10(0.44)  Forward time: 0.61(0.62)  Batch time: 2.71(1.06)
2025-07-15 17:06:03,464   INFO  42b910279906                Tue Jul 15 17:06:03 2025  535.247.01
[0] NVIDIA GeForce RTX 4090 | 69Â°C,  87 % | 18521 / 24564 MB |
[1] NVIDIA GeForce RTX 4090 | 68Â°C,  21 % | 21865 / 24564 MB |
[2] NVIDIA GeForce RTX 4090 | 67Â°C,   8 % | 12446 / 24564 MB |
[3] NVIDIA GeForce RTX 4090 | 85Â°C,  69 % | 19883 / 24564 MB |

2025-07-15 17:06:56,577   INFO  Train:   12/80 ( 15%) [ 195/464 ( 42%)]  Loss: 0.6227 (0.717)  LR: 4.253e-03  Time cost: 03:29/04:47 [1:22:54/9:27:06]  Acc_iter 5300        Data time: 0.14(0.44)  Forward time: 0.64(0.63)  Batch time: 0.77(1.07)
2025-07-15 17:07:50,218   INFO  Train:   12/80 ( 15%) [ 245/464 ( 53%)]  Loss: 0.7198 (0.718)  LR: 4.305e-03  Time cost: 04:23/03:54 [1:23:48/9:26:35]  Acc_iter 5350        Data time: 0.00(0.43)  Forward time: 0.70(0.64)  Batch time: 0.70(1.07)
2025-07-15 17:08:27,257   INFO  Save latest model to /det/OpenPCDet/output/kitti_models/pillarfocus_ablation_no_attention/ablation_no_attention/ckpt/latest_model
2025-07-15 17:08:39,568   INFO  Train:   12/80 ( 15%) [ 295/464 ( 64%)]  Loss: 0.6713 (0.716)  LR: 4.356e-03  Time cost: 05:12/02:58 [1:24:37/9:18:17]  Acc_iter 5400        Data time: 2.35(0.42)  Forward time: 0.56(0.64)  Batch time: 2.91(1.06)
2025-07-15 17:08:40,515   INFO  42b910279906                Tue Jul 15 17:08:40 2025  535.247.01
[0] NVIDIA GeForce RTX 4090 | 74Â°C,  89 % | 18521 / 24564 MB |
[1] NVIDIA GeForce RTX 4090 | 67Â°C,   0 % | 21865 / 24564 MB |
[2] NVIDIA GeForce RTX 4090 | 67Â°C,   7 % | 12152 / 24564 MB |
[3] NVIDIA GeForce RTX 4090 | 82Â°C,  70 % | 19883 / 24564 MB |

2025-07-15 17:09:31,217   INFO  Train:   12/80 ( 15%) [ 345/464 ( 74%)]  Loss: 0.7267 (0.713)  LR: 4.409e-03  Time cost: 06:04/02:05 [1:25:29/9:15:39]  Acc_iter 5450        Data time: 0.00(0.41)  Forward time: 0.66(0.64)  Batch time: 0.66(1.05)
2025-07-15 17:10:23,240   INFO  Train:   12/80 ( 15%) [ 395/464 ( 85%)]  Loss: 0.7351 (0.713)  LR: 4.461e-03  Time cost: 06:56/01:12 [1:26:21/9:13:57]  Acc_iter 5500        Data time: 0.02(0.41)  Forward time: 0.59(0.64)  Batch time: 0.61(1.05)
2025-07-15 17:11:09,661   INFO  Train:   12/80 ( 15%) [ 445/464 ( 96%)]  Loss: 0.7194 (0.711)  LR: 4.513e-03  Time cost: 07:42/00:19 [1:27:07/9:05:50]  Acc_iter 5550        Data time: 0.05(0.39)  Forward time: 0.83(0.64)  Batch time: 0.88(1.04)
2025-07-15 17:11:10,767   INFO  42b910279906                Tue Jul 15 17:11:10 2025  535.247.01
[0] NVIDIA GeForce RTX 4090 | 73Â°C,  47 % | 18521 / 24564 MB |
[1] NVIDIA GeForce RTX 4090 | 71Â°C,  18 % | 21865 / 24564 MB |
[2] NVIDIA GeForce RTX 4090 | 68Â°C,   6 % | 12118 / 24564 MB |
[3] NVIDIA GeForce RTX 4090 | 74Â°C,  50 % | 19883 / 24564 MB |

2025-07-15 17:11:27,786   INFO  Train:   12/80 ( 15%) [ 463/464 (100%)]  Loss: 0.6400 (0.710)  LR: 4.532e-03  Time cost: 08:00/00:01 [1:27:25/9:04:54]  Acc_iter 5568        Data time: 0.00(0.39)  Forward time: 0.38(0.64)  Batch time: 0.38(1.04)

                                              [Aepochs:  15%|â–ˆâ–Œ        | 12/80 [1:27:26<8:59:47, 476.29s/it]
train:   0%|          | 0/464 [00:00<?, ?it/s][A2025-07-15 17:11:36,676   INFO  Train:   13/80 ( 16%) [   0/464 (  0%)]  Loss: 0.6808 (0.681)  LR: 4.534e-03  Time cost: 00:07/59:38 [1:27:34/67:35:05]  Acc_iter 5569        Data time: 7.19(7.19)  Forward time: 0.52(0.52)  Batch time: 7.71(7.71)
2025-07-15 17:12:06,250   INFO  Train:   13/80 ( 16%) [  31/464 (  7%)]  Loss: 0.7677 (0.695)  LR: 4.566e-03  Time cost: 00:37/08:24 [1:28:04/10:12:07]  Acc_iter 5600        Data time: 0.05(0.53)  Forward time: 0.61(0.64)  Batch time: 0.65(1.17)
2025-07-15 17:12:52,487   INFO  Train:   13/80 ( 16%) [  81/464 ( 17%)]  Loss: 0.7058 (0.701)  LR: 4.619e-03  Time cost: 01:23/06:30 [1:28:50/8:54:15]  Acc_iter 5650        Data time: 0.00(0.37)  Forward time: 0.78(0.65)  Batch time: 0.78(1.02)
2025-07-15 17:13:42,549   INFO  Train:   13/80 ( 16%) [ 131/464 ( 28%)]  Loss: 0.6548 (0.694)  LR: 4.673e-03  Time cost: 02:13/05:36 [1:29:40/8:49:58]  Acc_iter 5700        Data time: 1.17(0.36)  Forward time: 0.79(0.65)  Batch time: 1.96(1.01)
2025-07-15 17:13:43,715   INFO  42b910279906                Tue Jul 15 17:13:43 2025  535.247.01
[0] NVIDIA GeForce RTX 4090 | 68Â°C,  35 % | 18521 / 24564 MB |
[1] NVIDIA GeForce RTX 4090 | 68Â°C,   1 % | 21865 / 24564 MB |
[2] NVIDIA GeForce RTX 4090 | 66Â°C,   0 % | 12117 / 24564 MB |
[3] NVIDIA GeForce RTX 4090 | 80Â°C,  99 % | 19883 / 24564 MB |

2025-07-15 17:14:31,397   INFO  Train:   13/80 ( 16%) [ 181/464 ( 39%)]  Loss: 0.6701 (0.706)  LR: 4.726e-03  Time cost: 03:02/04:43 [1:30:29/8:44:05]  Acc_iter 5750        Data time: 0.12(0.34)  Forward time: 0.79(0.66)  Batch time: 0.91(1.00)
2025-07-15 17:15:26,849   INFO  Train:   13/80 ( 16%) [ 231/464 ( 50%)]  Loss: 0.6737 (0.708)  LR: 4.780e-03  Time cost: 03:57/03:58 [1:31:24/8:55:15]  Acc_iter 5800        Data time: 2.62(0.37)  Forward time: 0.88(0.65)  Batch time: 3.49(1.03)
2025-07-15 17:16:15,689   INFO  Train:   13/80 ( 16%) [ 281/464 ( 61%)]  Loss: 0.7376 (0.707)  LR: 4.834e-03  Time cost: 04:46/03:06 [1:32:13/8:49:54]  Acc_iter 5850        Data time: 3.22(0.35)  Forward time: 0.89(0.67)  Batch time: 4.11(1.02)
2025-07-15 17:16:17,087   INFO  42b910279906                Tue Jul 15 17:16:16 2025  535.247.01
[0] NVIDIA GeForce RTX 4090 | 68Â°C,  48 % | 18521 / 24564 MB |
[1] NVIDIA GeForce RTX 4090 | 68Â°C,   0 % | 21865 / 24564 MB |
[2] NVIDIA GeForce RTX 4090 | 70Â°C,  28 % | 11988 / 24564 MB |
[3] NVIDIA GeForce RTX 4090 | 80Â°C,  90 % | 19883 / 24564 MB |

2025-07-15 17:16:31,798   INFO  Save latest model to /det/OpenPCDet/output/kitti_models/pillarfocus_ablation_no_attention/ablation_no_attention/ckpt/latest_model
2025-07-15 17:17:03,218   INFO  Train:   13/80 ( 16%) [ 331/464 ( 71%)]  Loss: 0.6640 (0.705)  LR: 4.888e-03  Time cost: 05:34/02:13 [1:33:01/8:43:52]  Acc_iter 5900        Data time: 0.00(0.35)  Forward time: 0.57(0.66)  Batch time: 0.57(1.01)
2025-07-15 17:17:52,655   INFO  Train:   13/80 ( 16%) [ 381/464 ( 82%)]  Loss: 0.6500 (0.704)  LR: 4.942e-03  Time cost: 06:23/01:23 [1:33:50/8:41:48]  Acc_iter 5950        Data time: 0.02(0.34)  Forward time: 0.51(0.66)  Batch time: 0.54(1.00)
2025-07-15 17:18:39,505   INFO  Train:   13/80 ( 16%) [ 431/464 ( 93%)]  Loss: 0.6636 (0.703)  LR: 4.996e-03  Time cost: 07:10/00:32 [1:34:37/8:36:55]  Acc_iter 6000        Data time: 0.00(0.34)  Forward time: 0.40(0.65)  Batch time: 0.40(1.00)
2025-07-15 17:18:40,312   INFO  42b910279906                Tue Jul 15 17:18:40 2025  535.247.01
[0] NVIDIA GeForce RTX 4090 | 70Â°C,  38 % | 18521 / 24564 MB |
[1] NVIDIA GeForce RTX 4090 | 71Â°C,   0 % | 21865 / 24564 MB |
[2] NVIDIA GeForce RTX 4090 | 71Â°C,  41 % | 11955 / 24564 MB |
[3] NVIDIA GeForce RTX 4090 | 84Â°C,  30 % | 19883 / 24564 MB |

2025-07-15 17:19:09,849   INFO  Train:   13/80 ( 16%) [ 463/464 (100%)]  Loss: 0.7573 (0.703)  LR: 5.031e-03  Time cost: 07:40/00:00 [1:35:07/8:34:40]  Acc_iter 6032        Data time: 0.00(0.34)  Forward time: 0.39(0.65)  Batch time: 0.39(0.99)

                                              [Aepochs:  16%|â–ˆâ–‹        | 13/80 [1:35:08<8:47:02, 471.97s/it]
train:   0%|          | 0/464 [00:00<?, ?it/s][A2025-07-15 17:19:18,007   INFO  Train:   14/80 ( 18%) [   0/464 (  0%)]  Loss: 0.6709 (0.671)  LR: 5.032e-03  Time cost: 00:06/51:45 [1:35:16/57:47:23]  Acc_iter 6033        Data time: 6.06(6.06)  Forward time: 0.63(0.63)  Batch time: 6.69(6.69)
2025-07-15 17:19:33,917   INFO  Train:   14/80 ( 18%) [  17/464 (  4%)]  Loss: 0.7321 (0.704)  LR: 5.051e-03  Time cost: 00:22/09:21 [1:35:32/10:50:15]  Acc_iter 6050        Data time: 0.00(0.59)  Forward time: 0.76(0.66)  Batch time: 0.76(1.26)
2025-07-15 17:20:23,693   INFO  Train:   14/80 ( 18%) [  67/464 ( 14%)]  Loss: 0.7493 (0.690)  LR: 5.106e-03  Time cost: 01:12/07:02 [1:36:21/9:10:18]  Acc_iter 6100        Data time: 0.00(0.45)  Forward time: 0.58(0.62)  Batch time: 0.58(1.06)
2025-07-15 17:21:13,945   INFO  Train:   14/80 ( 18%) [ 117/464 ( 25%)]  Loss: 0.7763 (0.685)  LR: 5.161e-03  Time cost: 02:02/06:00 [1:37:12/8:56:26]  Acc_iter 6150        Data time: 0.13(0.42)  Forward time: 0.69(0.62)  Batch time: 0.82(1.04)
2025-07-15 17:21:14,974   INFO  42b910279906                Tue Jul 15 17:21:14 2025  535.247.01
[0] NVIDIA GeForce RTX 4090 | 68Â°C,  36 % | 18521 / 24564 MB |
[1] NVIDIA GeForce RTX 4090 | 68Â°C,   5 % | 21865 / 24564 MB |
[2] NVIDIA GeForce RTX 4090 | 67Â°C,   3 % | 11955 / 24564 MB |
[3] NVIDIA GeForce RTX 4090 | 82Â°C, 100 % | 19883 / 24564 MB |

2025-07-15 17:22:01,191   INFO  Train:   14/80 ( 18%) [ 167/464 ( 36%)]  Loss: 0.7322 (0.688)  LR: 5.216e-03  Time cost: 02:49/05:00 [1:37:59/8:41:06]  Acc_iter 6200        Data time: 0.00(0.38)  Forward time: 0.49(0.63)  Batch time: 0.49(1.01)
2025-07-15 17:22:54,826   INFO  Train:   14/80 ( 18%) [ 217/464 ( 47%)]  Loss: 0.6951 (0.691)  LR: 5.271e-03  Time cost: 03:43/04:13 [1:38:52/8:47:31]  Acc_iter 6250        Data time: 0.08(0.40)  Forward time: 0.64(0.63)  Batch time: 0.72(1.03)
2025-07-15 17:23:42,649   INFO  Train:   14/80 ( 18%) [ 267/464 ( 58%)]  Loss: 0.6998 (0.692)  LR: 5.327e-03  Time cost: 04:31/03:19 [1:39:40/8:40:04]  Acc_iter 6300        Data time: 0.35(0.37)  Forward time: 0.92(0.64)  Batch time: 1.27(1.01)
2025-07-15 17:23:43,490   INFO  42b910279906                Tue Jul 15 17:23:43 2025  535.247.01
[0] NVIDIA GeForce RTX 4090 | 70Â°C,  92 % | 18521 / 24564 MB |
[1] NVIDIA GeForce RTX 4090 | 74Â°C,  12 % | 21865 / 24564 MB |
[2] NVIDIA GeForce RTX 4090 | 67Â°C,  17 % | 11955 / 24564 MB |
[3] NVIDIA GeForce RTX 4090 | 85Â°C,  43 % | 19883 / 24564 MB |

2025-07-15 17:24:12,754   INFO  Save latest model to /det/OpenPCDet/output/kitti_models/pillarfocus_ablation_no_attention/ablation_no_attention/ckpt/latest_model
2025-07-15 17:24:38,202   INFO  Train:   14/80 ( 18%) [ 317/464 ( 68%)]  Loss: 0.6898 (0.691)  LR: 5.382e-03  Time cost: 05:26/02:31 [1:40:36/8:47:10]  Acc_iter 6350        Data time: 0.09(0.38)  Forward time: 0.45(0.65)  Batch time: 0.55(1.03)
2025-07-15 17:25:24,867   INFO  Train:   14/80 ( 18%) [ 367/464 ( 79%)]  Loss: 0.6519 (0.690)  LR: 5.438e-03  Time cost: 06:13/01:38 [1:41:23/8:39:44]  Acc_iter 6400        Data time: 0.00(0.37)  Forward time: 0.61(0.64)  Batch time: 0.61(1.02)
2025-07-15 17:26:10,677   INFO  Train:   14/80 ( 18%) [ 417/464 ( 90%)]  Loss: 0.6633 (0.688)  LR: 5.494e-03  Time cost: 06:59/00:47 [1:42:08/8:32:50]  Acc_iter 6450        Data time: 0.03(0.36)  Forward time: 0.59(0.65)  Batch time: 0.62(1.00)
2025-07-15 17:26:11,743   INFO  42b910279906                Tue Jul 15 17:26:11 2025  535.247.01
[0] NVIDIA GeForce RTX 4090 | 74Â°C,  50 % | 18521 / 24564 MB |
[1] NVIDIA GeForce RTX 4090 | 68Â°C,   0 % | 21865 / 24564 MB |
[2] NVIDIA GeForce RTX 4090 | 70Â°C,  47 % | 11955 / 24564 MB |
[3] NVIDIA GeForce RTX 4090 | 76Â°C,  90 % | 19883 / 24564 MB |

2025-07-15 17:27:00,871   INFO  Train:   14/80 ( 18%) [ 463/464 (100%)]  Loss: 0.6384 (0.686)  LR: 5.545e-03  Time cost: 07:49/00:01 [1:42:59/8:36:31]  Acc_iter 6496        Data time: 0.01(0.37)  Forward time: 0.59(0.65)  Batch time: 0.60(1.01)

                                              [Aepochs:  18%|â–ˆâ–Š        | 14/80 [1:42:59<8:38:53, 471.72s/it]
train:   0%|          | 0/464 [00:00<?, ?it/s][A2025-07-15 17:27:11,412   INFO  Train:   15/80 ( 19%) [   0/464 (  0%)]  Loss: 0.8429 (0.843)  LR: 5.547e-03  Time cost: 00:09/1:11:14 [1:43:09/78:22:23]  Acc_iter 6497        Data time: 8.45(8.45)  Forward time: 0.76(0.76)  Batch time: 9.21(9.21)
2025-07-15 17:27:15,570   INFO  Train:   15/80 ( 19%) [   3/464 (  1%)]  Loss: 0.7422 (0.739)  LR: 5.550e-03  Time cost: 00:13/25:37 [1:43:13/28:22:00]  Acc_iter 6500        Data time: 0.00(2.11)  Forward time: 0.73(1.22)  Batch time: 0.73(3.33)
2025-07-15 17:28:01,900   INFO  Train:   15/80 ( 19%) [  53/464 ( 11%)]  Loss: 0.6449 (0.680)  LR: 5.606e-03  Time cost: 00:59/07:34 [1:44:00/9:23:18]  Acc_iter 6550        Data time: 0.01(0.42)  Forward time: 0.59(0.69)  Batch time: 0.61(1.11)
2025-07-15 17:28:54,424   INFO  Train:   15/80 ( 19%) [ 103/464 ( 22%)]  Loss: 0.6369 (0.681)  LR: 5.662e-03  Time cost: 01:52/06:29 [1:44:52/9:08:54]  Acc_iter 6600        Data time: 0.06(0.42)  Forward time: 0.70(0.66)  Batch time: 0.76(1.08)
2025-07-15 17:28:55,496   INFO  42b910279906                Tue Jul 15 17:28:55 2025  535.247.01
[0] NVIDIA GeForce RTX 4090 | 74Â°C,  11 % | 18521 / 24564 MB |
[1] NVIDIA GeForce RTX 4090 | 70Â°C,  17 % | 21865 / 24564 MB |
[2] NVIDIA GeForce RTX 4090 | 69Â°C,   1 % | 11955 / 24564 MB |
[3] NVIDIA GeForce RTX 4090 | 78Â°C,  40 % | 19883 / 24564 MB |

2025-07-15 17:29:45,208   INFO  Train:   15/80 ( 19%) [ 153/464 ( 33%)]  Loss: 0.6902 (0.677)  LR: 5.718e-03  Time cost: 02:43/05:29 [1:45:43/8:57:33]  Acc_iter 6650        Data time: 0.00(0.41)  Forward time: 0.51(0.65)  Batch time: 0.52(1.06)
2025-07-15 17:30:40,228   INFO  Train:   15/80 ( 19%) [ 203/464 ( 44%)]  Loss: 0.6511 (0.676)  LR: 5.775e-03  Time cost: 03:38/04:38 [1:46:38/9:01:53]  Acc_iter 6700        Data time: 0.02(0.44)  Forward time: 0.91(0.63)  Batch time: 0.92(1.07)
2025-07-15 17:31:27,546   INFO  Train:   15/80 ( 19%) [ 253/464 ( 55%)]  Loss: 0.6315 (0.678)  LR: 5.831e-03  Time cost: 04:25/03:40 [1:47:25/8:48:47]  Acc_iter 6750        Data time: 0.00(0.42)  Forward time: 0.44(0.62)  Batch time: 0.45(1.04)
2025-07-15 17:31:28,502   INFO  42b910279906                Tue Jul 15 17:31:28 2025  535.247.01
[0] NVIDIA GeForce RTX 4090 | 67Â°C,  53 % | 18521 / 24564 MB |
[1] NVIDIA GeForce RTX 4090 | 68Â°C,  14 % | 21865 / 24564 MB |
[2] NVIDIA GeForce RTX 4090 | 66Â°C,  20 % | 11955 / 24564 MB |
[3] NVIDIA GeForce RTX 4090 | 76Â°C, 100 % | 19883 / 24564 MB |

2025-07-15 17:32:02,860   INFO  Save latest model to /det/OpenPCDet/output/kitti_models/pillarfocus_ablation_no_attention/ablation_no_attention/ckpt/latest_model
2025-07-15 17:32:14,582   INFO  Train:   15/80 ( 19%) [ 303/464 ( 65%)]  Loss: 0.6356 (0.680)  LR: 5.888e-03  Time cost: 05:12/02:45 [1:48:12/8:39:17]  Acc_iter 6800        Data time: 0.01(0.41)  Forward time: 0.79(0.61)  Batch time: 0.80(1.03)
2025-07-15 17:32:56,783   INFO  Train:   15/80 ( 19%) [ 353/464 ( 76%)]  Loss: 0.6929 (0.679)  LR: 5.945e-03  Time cost: 05:54/01:51 [1:48:54/8:25:20]  Acc_iter 6850        Data time: 0.00(0.39)  Forward time: 0.43(0.61)  Batch time: 0.43(1.00)
2025-07-15 17:33:41,683   INFO  Train:   15/80 ( 19%) [ 403/464 ( 87%)]  Loss: 0.7165 (0.678)  LR: 6.001e-03  Time cost: 06:39/01:00 [1:49:39/8:18:03]  Acc_iter 6900        Data time: 0.01(0.39)  Forward time: 0.32(0.60)  Batch time: 0.33(0.99)
2025-07-15 17:33:42,552   INFO  42b910279906                Tue Jul 15 17:33:42 2025  535.247.01
[0] NVIDIA GeForce RTX 4090 | 68Â°C,  50 % | 18521 / 24564 MB |
[1] NVIDIA GeForce RTX 4090 | 71Â°C,   1 % | 21865 / 24564 MB |
[2] NVIDIA GeForce RTX 4090 | 66Â°C,   0 % | 11955 / 24564 MB |
[3] NVIDIA GeForce RTX 4090 | 83Â°C,  80 % | 19883 / 24564 MB |

2025-07-15 17:34:29,875   INFO  Train:   15/80 ( 19%) [ 453/464 ( 98%)]  Loss: 0.7096 (0.677)  LR: 6.058e-03  Time cost: 07:27/00:10 [1:50:28/8:15:50]  Acc_iter 6950        Data time: 0.00(0.39)  Forward time: 0.47(0.60)  Batch time: 0.47(0.99)
2025-07-15 17:34:39,573   INFO  Train:   15/80 ( 19%) [ 463/464 (100%)]  Loss: 0.7250 (0.678)  LR: 6.070e-03  Time cost: 07:37/00:00 [1:50:37/8:15:30]  Acc_iter 6960        Data time: 0.00(0.39)  Forward time: 0.54(0.60)  Batch time: 0.54(0.99)

                                              [Aepochs:  19%|â–ˆâ–‰        | 15/80 [1:50:38<8:26:51, 467.87s/it]
train:   0%|          | 0/464 [00:00<?, ?it/s][A2025-07-15 17:34:50,959   INFO  Train:   16/80 ( 20%) [   0/464 (  0%)]  Loss: 0.6775 (0.678)  LR: 6.071e-03  Time cost: 00:09/1:13:27 [1:50:49/79:35:02]  Acc_iter 6961        Data time: 9.02(9.02)  Forward time: 0.48(0.48)  Batch time: 9.50(9.50)
2025-07-15 17:35:27,743   INFO  Train:   16/80 ( 20%) [  39/464 (  8%)]  Loss: 0.7391 (0.682)  LR: 6.115e-03  Time cost: 00:46/08:11 [1:51:25/9:40:52]  Acc_iter 7000        Data time: 0.00(0.64)  Forward time: 0.60(0.51)  Batch time: 0.60(1.16)
2025-07-15 17:36:08,912   INFO  Train:   16/80 ( 20%) [  89/464 ( 19%)]  Loss: 0.6479 (0.681)  LR: 6.172e-03  Time cost: 01:27/06:04 [1:52:07/8:07:00]  Acc_iter 7050        Data time: 0.01(0.40)  Forward time: 0.38(0.57)  Batch time: 0.39(0.97)
2025-07-15 17:36:10,151   INFO  42b910279906                Tue Jul 15 17:36:10 2025  535.247.01
[0] NVIDIA GeForce RTX 4090 | 73Â°C,  47 % | 18521 / 24564 MB |
[1] NVIDIA GeForce RTX 4090 | 71Â°C,  30 % | 21865 / 24564 MB |
[2] NVIDIA GeForce RTX 4090 | 70Â°C,  23 % | 11955 / 24564 MB |
[3] NVIDIA GeForce RTX 4090 | 78Â°C,  92 % | 19883 / 24564 MB |

2025-07-15 17:36:56,603   INFO  Train:   16/80 ( 20%) [ 139/464 ( 30%)]  Loss: 0.6673 (0.682)  LR: 6.229e-03  Time cost: 02:15/05:13 [1:52:54/8:02:59]  Acc_iter 7100        Data time: 0.00(0.40)  Forward time: 0.42(0.56)  Batch time: 0.42(0.97)
2025-07-15 17:37:45,617   INFO  Train:   16/80 ( 20%) [ 189/464 ( 41%)]  Loss: 0.6531 (0.682)  LR: 6.286e-03  Time cost: 03:04/04:26 [1:53:43/8:04:09]  Acc_iter 7150        Data time: 0.01(0.40)  Forward time: 0.75(0.57)  Batch time: 0.76(0.97)
2025-07-15 17:38:31,849   INFO  Train:   16/80 ( 20%) [ 239/464 ( 52%)]  Loss: 0.5600 (0.680)  LR: 6.343e-03  Time cost: 03:50/03:35 [1:54:29/7:58:42]  Acc_iter 7200        Data time: 1.96(0.39)  Forward time: 0.58(0.57)  Batch time: 2.54(0.96)
2025-07-15 17:38:32,859   INFO  42b910279906                Tue Jul 15 17:38:32 2025  535.247.01
[0] NVIDIA GeForce RTX 4090 | 72Â°C,  46 % | 18521 / 24564 MB |
[1] NVIDIA GeForce RTX 4090 | 69Â°C,   7 % | 21865 / 24564 MB |
[2] NVIDIA GeForce RTX 4090 | 71Â°C,  18 % | 11955 / 24564 MB |
[3] NVIDIA GeForce RTX 4090 | 75Â°C,  64 % | 19883 / 24564 MB |

2025-07-15 17:39:21,955   INFO  Train:   16/80 ( 20%) [ 289/464 ( 62%)]  Loss: 0.6406 (0.677)  LR: 6.400e-03  Time cost: 04:40/02:49 [1:55:20/8:01:32]  Acc_iter 7250        Data time: 0.01(0.40)  Forward time: 1.14(0.57)  Batch time: 1.15(0.97)
2025-07-15 17:39:42,045   INFO  Save latest model to /det/OpenPCDet/output/kitti_models/pillarfocus_ablation_no_attention/ablation_no_attention/ckpt/latest_model
2025-07-15 17:40:07,932   INFO  Train:   16/80 ( 20%) [ 339/464 ( 73%)]  Loss: 0.6670 (0.674)  LR: 6.457e-03  Time cost: 05:26/02:00 [1:56:06/7:57:14]  Acc_iter 7300        Data time: 0.00(0.39)  Forward time: 0.43(0.57)  Batch time: 0.43(0.96)
2025-07-15 17:40:51,346   INFO  Train:   16/80 ( 20%) [ 389/464 ( 84%)]  Loss: 0.6768 (0.674)  LR: 6.514e-03  Time cost: 06:09/01:11 [1:56:49/7:50:35]  Acc_iter 7350        Data time: 0.00(0.38)  Forward time: 0.72(0.57)  Batch time: 0.72(0.95)
2025-07-15 17:40:52,546   INFO  42b910279906                Tue Jul 15 17:40:52 2025  535.247.01
[0] NVIDIA GeForce RTX 4090 | 73Â°C,  50 % | 18521 / 24564 MB |
[1] NVIDIA GeForce RTX 4090 | 69Â°C,   4 % | 21865 / 24564 MB |
[2] NVIDIA GeForce RTX 4090 | 72Â°C,  23 % | 11955 / 24564 MB |
[3] NVIDIA GeForce RTX 4090 | 85Â°C,  59 % | 19883 / 24564 MB |

2025-07-15 17:41:37,592   INFO  Train:   16/80 ( 20%) [ 439/464 ( 95%)]  Loss: 0.7021 (0.675)  LR: 6.571e-03  Time cost: 06:56/00:23 [1:57:35/7:48:28]  Acc_iter 7400        Data time: 0.00(0.37)  Forward time: 0.52(0.57)  Batch time: 0.52(0.95)
2025-07-15 17:41:59,342   INFO  Train:   16/80 ( 20%) [ 463/464 (100%)]  Loss: 0.7656 (0.685)  LR: 6.599e-03  Time cost: 07:17/00:00 [1:57:57/7:47:05]  Acc_iter 7424        Data time: 0.00(0.37)  Forward time: 0.48(0.58)  Batch time: 0.48(0.94)

                                              [Aepochs:  20%|â–ˆâ–ˆ        | 16/80 [1:57:57<8:09:52, 459.25s/it]
train:   0%|          | 0/464 [00:00<?, ?it/s][A2025-07-15 17:42:08,195   INFO  Train:   17/80 ( 21%) [   0/464 (  0%)]  Loss: 1.006 (1.01)  LR: 6.600e-03  Time cost: 00:07/59:05 [1:58:06/63:02:20]  Acc_iter 7425        Data time: 7.07(7.07)  Forward time: 0.57(0.57)  Batch time: 7.64(7.64)
2025-07-15 17:42:31,524   INFO  Train:   17/80 ( 21%) [  25/464 (  5%)]  Loss: 0.6601 (0.755)  LR: 6.629e-03  Time cost: 00:30/08:42 [1:58:29/9:49:05]  Acc_iter 7450        Data time: 0.00(0.56)  Forward time: 0.59(0.63)  Batch time: 0.59(1.19)
2025-07-15 17:43:19,822   INFO  Train:   17/80 ( 21%) [  75/464 ( 16%)]  Loss: 0.6787 (0.707)  LR: 6.686e-03  Time cost: 01:19/06:45 [1:59:17/8:34:55]  Acc_iter 7500        Data time: 0.01(0.43)  Forward time: 0.43(0.62)  Batch time: 0.43(1.04)
2025-07-15 17:43:20,914   INFO  42b910279906                Tue Jul 15 17:43:20 2025  535.247.01
[0] NVIDIA GeForce RTX 4090 | 71Â°C,  48 % | 18521 / 24564 MB |
[1] NVIDIA GeForce RTX 4090 | 69Â°C,   3 % | 21865 / 24564 MB |
[2] NVIDIA GeForce RTX 4090 | 66Â°C,   0 % | 11955 / 24564 MB |
[3] NVIDIA GeForce RTX 4090 | 82Â°C,  61 % | 19883 / 24564 MB |

2025-07-15 17:44:08,106   INFO  Train:   17/80 ( 21%) [ 125/464 ( 27%)]  Loss: 0.5993 (0.693)  LR: 6.743e-03  Time cost: 02:07/05:43 [2:00:06/8:18:55]  Acc_iter 7550        Data time: 0.00(0.40)  Forward time: 0.41(0.61)  Batch time: 0.41(1.01)
2025-07-15 17:44:49,508   INFO  Train:   17/80 ( 21%) [ 175/464 ( 38%)]  Loss: 0.6953 (0.685)  LR: 6.800e-03  Time cost: 02:48/04:37 [2:00:47/7:52:19]  Acc_iter 7600        Data time: 0.00(0.35)  Forward time: 0.42(0.61)  Batch time: 0.42(0.96)
2025-07-15 17:45:41,833   INFO  Train:   17/80 ( 21%) [ 225/464 ( 48%)]  Loss: 0.6429 (0.679)  LR: 6.857e-03  Time cost: 03:41/03:54 [2:01:39/8:00:55]  Acc_iter 7650        Data time: 0.00(0.36)  Forward time: 0.83(0.62)  Batch time: 0.83(0.98)
2025-07-15 17:45:42,780   INFO  42b910279906                Tue Jul 15 17:45:42 2025  535.247.01
[0] NVIDIA GeForce RTX 4090 | 49Â°C,   0 % | 18521 / 24564 MB |
[1] NVIDIA GeForce RTX 4090 | 69Â°C,  15 % | 21865 / 24564 MB |
[2] NVIDIA GeForce RTX 4090 | 67Â°C,   0 % | 11955 / 24564 MB |
[3] NVIDIA GeForce RTX 4090 | 83Â°C,  90 % | 19883 / 24564 MB |

2025-07-15 17:46:32,611   INFO  Train:   17/80 ( 21%) [ 275/464 ( 59%)]  Loss: 0.5934 (0.677)  LR: 6.914e-03  Time cost: 04:32/03:06 [2:02:30/8:03:20]  Acc_iter 7700        Data time: 0.00(0.34)  Forward time: 0.53(0.64)  Batch time: 0.53(0.99)
2025-07-15 17:47:02,807   INFO  Save latest model to /det/OpenPCDet/output/kitti_models/pillarfocus_ablation_no_attention/ablation_no_attention/ckpt/latest_model
2025-07-15 17:47:14,329   INFO  Train:   17/80 ( 21%) [ 325/464 ( 70%)]  Loss: 0.6571 (0.676)  LR: 6.971e-03  Time cost: 05:13/02:13 [2:03:12/7:51:09]  Acc_iter 7750        Data time: 0.11(0.32)  Forward time: 0.41(0.64)  Batch time: 0.52(0.96)
2025-07-15 17:48:04,060   INFO  Train:   17/80 ( 21%) [ 375/464 ( 81%)]  Loss: 0.7508 (0.675)  LR: 7.028e-03  Time cost: 06:03/01:26 [2:04:02/7:52:26]  Acc_iter 7800        Data time: 0.04(0.32)  Forward time: 1.00(0.64)  Batch time: 1.03(0.97)
2025-07-15 17:48:04,951   INFO  42b910279906                Tue Jul 15 17:48:04 2025  535.247.01
[0] NVIDIA GeForce RTX 4090 | 59Â°C,  61 % | 18521 / 24564 MB |
[1] NVIDIA GeForce RTX 4090 | 67Â°C,   0 % | 21865 / 24564 MB |
[2] NVIDIA GeForce RTX 4090 | 67Â°C,  20 % | 11955 / 24564 MB |
[3] NVIDIA GeForce RTX 4090 | 79Â°C, 100 % | 19883 / 24564 MB |

2025-07-15 17:48:47,403   INFO  Train:   17/80 ( 21%) [ 425/464 ( 92%)]  Loss: 0.6657 (0.675)  LR: 7.085e-03  Time cost: 06:46/00:37 [2:04:45/7:45:55]  Acc_iter 7850        Data time: 0.00(0.32)  Forward time: 0.47(0.64)  Batch time: 0.47(0.96)
2025-07-15 17:49:23,413   INFO  Train:   17/80 ( 21%) [ 463/464 (100%)]  Loss: 0.6528 (0.673)  LR: 7.128e-03  Time cost: 07:22/00:00 [2:05:21/7:45:01]  Acc_iter 7888        Data time: 0.00(0.32)  Forward time: 0.38(0.63)  Batch time: 0.38(0.95)

                                              [Aepochs:  21%|â–ˆâ–ˆâ–       | 17/80 [2:05:22<7:57:28, 454.74s/it]
train:   0%|          | 0/464 [00:00<?, ?it/s][A2025-07-15 17:49:31,170   INFO  Train:   18/80 ( 22%) [   0/464 (  0%)]  Loss: 0.6065 (0.607)  LR: 7.129e-03  Time cost: 00:06/50:11 [2:05:29/52:41:34]  Acc_iter 7889        Data time: 6.13(6.13)  Forward time: 0.36(0.36)  Batch time: 6.49(6.49)
2025-07-15 17:49:38,931   INFO  Train:   18/80 ( 22%) [  11/464 (  2%)]  Loss: 0.6861 (0.652)  LR: 7.142e-03  Time cost: 00:14/08:57 [2:05:37/9:38:21]  Acc_iter 7900        Data time: 0.00(0.73)  Forward time: 0.36(0.46)  Batch time: 0.37(1.19)
2025-07-15 17:50:24,647   INFO  Train:   18/80 ( 22%) [  61/464 ( 13%)]  Loss: 0.6076 (0.655)  LR: 7.199e-03  Time cost: 00:59/06:29 [2:06:22/7:50:14]  Acc_iter 7950        Data time: 1.87(0.41)  Forward time: 0.68(0.56)  Batch time: 2.55(0.97)
2025-07-15 17:50:27,532   INFO  42b910279906                Tue Jul 15 17:50:27 2025  535.247.01
[0] NVIDIA GeForce RTX 4090 | 70Â°C,  96 % | 18521 / 24564 MB |
[1] NVIDIA GeForce RTX 4090 | 67Â°C,   0 % | 21865 / 24564 MB |
[2] NVIDIA GeForce RTX 4090 | 69Â°C,  17 % | 11955 / 24564 MB |
[3] NVIDIA GeForce RTX 4090 | 85Â°C,  21 % | 19883 / 24564 MB |

2025-07-15 17:51:16,226   INFO  Train:   18/80 ( 22%) [ 111/464 ( 24%)]  Loss: 0.6266 (0.656)  LR: 7.255e-03  Time cost: 01:51/05:51 [2:07:14/8:03:22]  Acc_iter 8000        Data time: 0.01(0.44)  Forward time: 0.79(0.56)  Batch time: 0.80(1.00)
2025-07-15 17:52:01,609   INFO  Train:   18/80 ( 22%) [ 161/464 ( 35%)]  Loss: 0.6579 (0.657)  LR: 7.312e-03  Time cost: 02:36/04:53 [2:07:59/7:49:20]  Acc_iter 8050        Data time: 0.01(0.41)  Forward time: 0.54(0.56)  Batch time: 0.55(0.97)
2025-07-15 17:52:49,275   INFO  Train:   18/80 ( 22%) [ 211/464 ( 45%)]  Loss: 0.6326 (0.655)  LR: 7.369e-03  Time cost: 03:24/04:04 [2:08:47/7:46:47]  Acc_iter 8100        Data time: 2.37(0.41)  Forward time: 0.42(0.55)  Batch time: 2.79(0.97)
2025-07-15 17:52:50,304   INFO  42b910279906                Tue Jul 15 17:52:50 2025  535.247.01
[0] NVIDIA GeForce RTX 4090 | 68Â°C,  10 % | 18521 / 24564 MB |
[1] NVIDIA GeForce RTX 4090 | 67Â°C,   0 % | 21865 / 24564 MB |
[2] NVIDIA GeForce RTX 4090 | 66Â°C,   1 % | 11955 / 24564 MB |
[3] NVIDIA GeForce RTX 4090 | 80Â°C, 100 % | 19883 / 24564 MB |

2025-07-15 17:53:37,100   INFO  Train:   18/80 ( 22%) [ 261/464 ( 56%)]  Loss: 0.5876 (0.656)  LR: 7.425e-03  Time cost: 04:12/03:15 [2:09:35/7:45:11]  Acc_iter 8150        Data time: 0.04(0.38)  Forward time: 0.68(0.59)  Batch time: 0.72(0.96)
2025-07-15 17:54:25,858   INFO  Save latest model to /det/OpenPCDet/output/kitti_models/pillarfocus_ablation_no_attention/ablation_no_attention/ckpt/latest_model
2025-07-15 17:54:26,708   INFO  Train:   18/80 ( 22%) [ 311/464 ( 67%)]  Loss: 0.5703 (0.654)  LR: 7.482e-03  Time cost: 05:02/02:28 [2:10:24/7:46:36]  Acc_iter 8200        Data time: 0.60(0.38)  Forward time: 0.85(0.59)  Batch time: 1.45(0.97)
2025-07-15 17:55:10,662   INFO  Train:   18/80 ( 22%) [ 361/464 ( 78%)]  Loss: 0.6097 (0.657)  LR: 7.538e-03  Time cost: 05:45/01:38 [2:11:08/7:39:53]  Acc_iter 8250        Data time: 0.00(0.37)  Forward time: 0.43(0.59)  Batch time: 0.43(0.96)
2025-07-15 17:55:11,678   INFO  42b910279906                Tue Jul 15 17:55:11 2025  535.247.01
[0] NVIDIA GeForce RTX 4090 | 68Â°C,  59 % | 18521 / 24564 MB |
[1] NVIDIA GeForce RTX 4090 | 70Â°C,   1 % | 21865 / 24564 MB |
[2] NVIDIA GeForce RTX 4090 | 68Â°C,  38 % | 11955 / 24564 MB |
[3] NVIDIA GeForce RTX 4090 | 73Â°C,  55 % | 19883 / 24564 MB |

2025-07-15 17:55:56,990   INFO  Train:   18/80 ( 22%) [ 411/464 ( 89%)]  Loss: 0.7149 (0.656)  LR: 7.594e-03  Time cost: 06:32/00:50 [2:11:55/7:37:23]  Acc_iter 8300        Data time: 0.01(0.36)  Forward time: 0.56(0.59)  Batch time: 0.56(0.95)
2025-07-15 17:56:44,690   INFO  Train:   18/80 ( 22%) [ 461/464 ( 99%)]  Loss: 0.6140 (0.656)  LR: 7.650e-03  Time cost: 07:20/00:02 [2:12:42/7:36:41]  Acc_iter 8350        Data time: 3.06(0.35)  Forward time: 0.55(0.60)  Batch time: 3.61(0.95)
2025-07-15 17:56:45,519   INFO  Train:   18/80 ( 22%) [ 463/464 (100%)]  Loss: 0.6552 (0.656)  LR: 7.652e-03  Time cost: 07:20/00:00 [2:12:43/7:35:32]  Acc_iter 8352        Data time: 0.02(0.35)  Forward time: 0.37(0.60)  Batch time: 0.38(0.95)

                                              [Aepochs:  22%|â–ˆâ–ˆâ–Ž       | 18/80 [2:12:44<7:46:00, 450.97s/it]
train:   0%|          | 0/464 [00:00<?, ?it/s][A2025-07-15 17:56:56,016   INFO  Train:   19/80 ( 24%) [   0/464 (  0%)]  Loss: 0.5963 (0.596)  LR: 7.653e-03  Time cost: 00:08/1:08:37 [2:12:54/70:55:13]  Acc_iter 8353        Data time: 8.12(8.12)  Forward time: 0.76(0.76)  Batch time: 8.87(8.87)
2025-07-15 17:57:35,847   INFO  Train:   19/80 ( 24%) [  47/464 ( 10%)]  Loss: 0.6568 (0.648)  LR: 7.706e-03  Time cost: 00:48/07:03 [2:13:33/8:05:43]  Acc_iter 8400        Data time: 0.00(0.40)  Forward time: 0.61(0.61)  Batch time: 0.61(1.01)
2025-07-15 17:57:37,130   INFO  42b910279906                Tue Jul 15 17:57:36 2025  535.247.01
[0] NVIDIA GeForce RTX 4090 | 69Â°C,  49 % | 18521 / 24564 MB |
[1] NVIDIA GeForce RTX 4090 | 69Â°C,  50 % | 21865 / 24564 MB |
[2] NVIDIA GeForce RTX 4090 | 66Â°C,   0 % | 11955 / 24564 MB |
[3] NVIDIA GeForce RTX 4090 | 80Â°C, 100 % | 19883 / 24564 MB |

2025-07-15 17:58:21,545   INFO  Train:   19/80 ( 24%) [  97/464 ( 21%)]  Loss: 0.6617 (0.646)  LR: 7.762e-03  Time cost: 01:34/05:53 [2:14:19/7:40:18]  Acc_iter 8450        Data time: 1.98(0.36)  Forward time: 0.91(0.61)  Batch time: 2.89(0.96)
2025-07-15 17:59:02,386   INFO  Train:   19/80 ( 24%) [ 147/464 ( 32%)]  Loss: 0.7051 (0.649)  LR: 7.818e-03  Time cost: 02:15/04:49 [2:15:00/7:15:54]  Acc_iter 8500        Data time: 0.02(0.30)  Forward time: 0.79(0.62)  Batch time: 0.81(0.91)
2025-07-15 17:59:50,386   INFO  Train:   19/80 ( 24%) [ 197/464 ( 42%)]  Loss: 0.6754 (0.653)  LR: 7.873e-03  Time cost: 03:03/04:07 [2:15:48/7:20:41]  Acc_iter 8550        Data time: 0.13(0.31)  Forward time: 0.54(0.62)  Batch time: 0.67(0.93)
2025-07-15 17:59:51,305   INFO  42b910279906                Tue Jul 15 17:59:51 2025  535.247.01
[0] NVIDIA GeForce RTX 4090 | 74Â°C,  95 % | 18521 / 24564 MB |
[1] NVIDIA GeForce RTX 4090 | 68Â°C,   0 % | 21865 / 24564 MB |
[2] NVIDIA GeForce RTX 4090 | 67Â°C,  46 % | 11955 / 24564 MB |
[3] NVIDIA GeForce RTX 4090 | 79Â°C,  68 % | 19883 / 24564 MB |

2025-07-15 18:00:32,141   INFO  Train:   19/80 ( 24%) [ 247/464 ( 53%)]  Loss: 0.6410 (0.651)  LR: 7.929e-03  Time cost: 03:44/03:16 [2:16:30/7:11:15]  Acc_iter 8600        Data time: 0.00(0.30)  Forward time: 0.53(0.61)  Batch time: 0.53(0.91)
2025-07-15 18:01:17,314   INFO  Train:   19/80 ( 24%) [ 297/464 ( 64%)]  Loss: 0.6508 (0.651)  LR: 7.984e-03  Time cost: 04:30/02:31 [2:17:15/7:10:12]  Acc_iter 8650        Data time: 0.00(0.30)  Forward time: 0.47(0.61)  Batch time: 0.47(0.91)
2025-07-15 18:01:48,444   INFO  Save latest model to /det/OpenPCDet/output/kitti_models/pillarfocus_ablation_no_attention/ablation_no_attention/ckpt/latest_model
2025-07-15 18:02:00,250   INFO  Train:   19/80 ( 24%) [ 347/464 ( 75%)]  Loss: 0.6351 (0.652)  LR: 8.039e-03  Time cost: 05:13/01:45 [2:17:58/7:06:11]  Acc_iter 8700        Data time: 0.02(0.30)  Forward time: 0.40(0.60)  Batch time: 0.42(0.90)
2025-07-15 18:02:01,964   INFO  42b910279906                Tue Jul 15 18:02:01 2025  535.247.01
[0] NVIDIA GeForce RTX 4090 | 69Â°C,  29 % | 18521 / 24564 MB |
[1] NVIDIA GeForce RTX 4090 | 68Â°C,   0 % | 21865 / 24564 MB |
[2] NVIDIA GeForce RTX 4090 | 67Â°C,   2 % | 11955 / 24564 MB |
[3] NVIDIA GeForce RTX 4090 | 83Â°C,  22 % | 19883 / 24564 MB |

2025-07-15 18:02:49,699   INFO  Train:   19/80 ( 24%) [ 397/464 ( 86%)]  Loss: 0.6453 (0.653)  LR: 8.094e-03  Time cost: 06:02/01:01 [2:18:47/7:10:44]  Acc_iter 8750        Data time: 2.70(0.30)  Forward time: 0.46(0.61)  Batch time: 3.16(0.91)
