2025-06-16 15:30:53,491   INFO  **********************Start logging**********************
2025-06-16 15:30:53,492   INFO  CUDA_VISIBLE_DEVICES=ALL
2025-06-16 15:30:53,492   INFO  Training with a single process
2025-06-16 15:30:53,492   INFO  cfg_file         cfgs/kitti_models/pillarfocus_pop_rcnn.yaml
2025-06-16 15:30:53,492   INFO  batch_size       2
2025-06-16 15:30:53,492   INFO  epochs           80
2025-06-16 15:30:53,492   INFO  workers          4
2025-06-16 15:30:53,492   INFO  extra_tag        pillarfocus_full
2025-06-16 15:30:53,492   INFO  ckpt             None
2025-06-16 15:30:53,492   INFO  pretrained_model None
2025-06-16 15:30:53,492   INFO  launcher         none
2025-06-16 15:30:53,492   INFO  tcp_port         18888
2025-06-16 15:30:53,492   INFO  sync_bn          False
2025-06-16 15:30:53,492   INFO  fix_random_seed  False
2025-06-16 15:30:53,492   INFO  ckpt_save_interval 1
2025-06-16 15:30:53,492   INFO  local_rank       None
2025-06-16 15:30:53,492   INFO  max_ckpt_save_num 30
2025-06-16 15:30:53,492   INFO  merge_all_iters_to_one_epoch False
2025-06-16 15:30:53,492   INFO  set_cfgs         None
2025-06-16 15:30:53,492   INFO  max_waiting_mins 0
2025-06-16 15:30:53,492   INFO  start_epoch      0
2025-06-16 15:30:53,492   INFO  num_epochs_to_eval 0
2025-06-16 15:30:53,492   INFO  save_to_file     False
2025-06-16 15:30:53,492   INFO  use_tqdm_to_record False
2025-06-16 15:30:53,492   INFO  logger_iter_interval 50
2025-06-16 15:30:53,492   INFO  ckpt_save_time_interval 300
2025-06-16 15:30:53,492   INFO  wo_gpu_stat      False
2025-06-16 15:30:53,492   INFO  use_amp          False
2025-06-16 15:30:53,493   INFO  cfg.ROOT_DIR: /det/OpenPCDet
2025-06-16 15:30:53,493   INFO  cfg.LOCAL_RANK: 0
2025-06-16 15:30:53,493   INFO  cfg.CLASS_NAMES: ['Car', 'Pedestrian', 'Cyclist']
2025-06-16 15:30:53,493   INFO  ----------- DATA_CONFIG -----------
2025-06-16 15:30:53,493   INFO  cfg.DATA_CONFIG.DATASET: KittiDataset
2025-06-16 15:30:53,493   INFO  cfg.DATA_CONFIG.DATA_PATH: ../data/kitti
2025-06-16 15:30:53,493   INFO  cfg.DATA_CONFIG.POINT_CLOUD_RANGE: [0, -39.68, -3, 69.12, 39.68, 1]
2025-06-16 15:30:53,493   INFO  ----------- DATA_SPLIT -----------
2025-06-16 15:30:53,493   INFO  cfg.DATA_CONFIG.DATA_SPLIT.train: train
2025-06-16 15:30:53,493   INFO  cfg.DATA_CONFIG.DATA_SPLIT.test: val
2025-06-16 15:30:53,493   INFO  ----------- INFO_PATH -----------
2025-06-16 15:30:53,493   INFO  cfg.DATA_CONFIG.INFO_PATH.train: ['kitti_infos_train.pkl']
2025-06-16 15:30:53,493   INFO  cfg.DATA_CONFIG.INFO_PATH.test: ['kitti_infos_val.pkl']
2025-06-16 15:30:53,516   INFO  cfg.DATA_CONFIG.GET_ITEM_LIST: ['points']
2025-06-16 15:30:53,517   INFO  cfg.DATA_CONFIG.FOV_POINTS_ONLY: True
2025-06-16 15:30:53,517   INFO  ----------- DATA_AUGMENTOR -----------
2025-06-16 15:30:53,517   INFO  cfg.DATA_CONFIG.DATA_AUGMENTOR.DISABLE_AUG_LIST: ['placeholder']
2025-06-16 15:30:53,517   INFO  cfg.DATA_CONFIG.DATA_AUGMENTOR.AUG_CONFIG_LIST: [{'NAME': 'gt_sampling', 'USE_ROAD_PLANE': False, 'DB_INFO_PATH': ['kitti_dbinfos_train.pkl'], 'PREPARE': {'filter_by_min_points': ['Car:5', 'Pedestrian:5', 'Cyclist:5'], 'filter_by_difficulty': [-1]}, 'SAMPLE_GROUPS': ['Car:20', 'Pedestrian:15', 'Cyclist:15'], 'NUM_POINT_FEATURES': 4, 'DATABASE_WITH_FAKELIDAR': False, 'REMOVE_EXTRA_WIDTH': [0.0, 0.0, 0.0], 'LIMIT_WHOLE_SCENE': True}, {'NAME': 'random_world_flip', 'ALONG_AXIS_LIST': ['x']}, {'NAME': 'random_world_rotation', 'WORLD_ROT_ANGLE': [-0.78539816, 0.78539816]}, {'NAME': 'random_world_scaling', 'WORLD_SCALE_RANGE': [0.95, 1.05]}]
2025-06-16 15:30:53,517   INFO  ----------- POINT_FEATURE_ENCODING -----------
2025-06-16 15:30:53,517   INFO  cfg.DATA_CONFIG.POINT_FEATURE_ENCODING.encoding_type: absolute_coordinates_encoding
2025-06-16 15:30:53,517   INFO  cfg.DATA_CONFIG.POINT_FEATURE_ENCODING.used_feature_list: ['x', 'y', 'z', 'intensity']
2025-06-16 15:30:53,517   INFO  cfg.DATA_CONFIG.POINT_FEATURE_ENCODING.src_feature_list: ['x', 'y', 'z', 'intensity']
2025-06-16 15:30:53,517   INFO  cfg.DATA_CONFIG.DATA_PROCESSOR: [{'NAME': 'mask_points_and_boxes_outside_range', 'REMOVE_OUTSIDE_BOXES': True}, {'NAME': 'shuffle_points', 'SHUFFLE_ENABLED': {'train': True, 'test': False}}, {'NAME': 'transform_points_to_voxels', 'VOXEL_SIZE': [0.16, 0.16, 4], 'MAX_POINTS_PER_VOXEL': 32, 'MAX_NUMBER_OF_VOXELS': {'train': 16000, 'test': 40000}}]
2025-06-16 15:30:53,517   INFO  cfg.DATA_CONFIG._BASE_CONFIG_: cfgs/dataset_configs/kitti_dataset.yaml
2025-06-16 15:30:53,517   INFO  ----------- MODEL -----------
2025-06-16 15:30:53,517   INFO  cfg.MODEL.NAME: PillarFocusRCNN
2025-06-16 15:30:53,517   INFO  ----------- VFE -----------
2025-06-16 15:30:53,517   INFO  cfg.MODEL.VFE.NAME: PillarFocusVFE
2025-06-16 15:30:53,517   INFO  cfg.MODEL.VFE.WITH_DISTANCE: False
2025-06-16 15:30:53,517   INFO  cfg.MODEL.VFE.USE_ABSLUTE_XYZ: True
2025-06-16 15:30:53,517   INFO  cfg.MODEL.VFE.USE_NORM: True
2025-06-16 15:30:53,517   INFO  cfg.MODEL.VFE.NUM_FILTERS: [64]
2025-06-16 15:30:53,517   INFO  cfg.MODEL.VFE.DYNAMIC_PILLAR: True
2025-06-16 15:30:53,517   INFO  cfg.MODEL.VFE.MIN_POINTS_THRESHOLD: 10
2025-06-16 15:30:53,517   INFO  cfg.MODEL.VFE.EXPANSION_RATIO: 0.25
2025-06-16 15:30:53,517   INFO  ----------- MAP_TO_BEV -----------
2025-06-16 15:30:53,517   INFO  cfg.MODEL.MAP_TO_BEV.NAME: PillarFocusScatter
2025-06-16 15:30:53,518   INFO  cfg.MODEL.MAP_TO_BEV.NUM_BEV_FEATURES: 64
2025-06-16 15:30:53,518   INFO  ----------- BACKBONE_2D -----------
2025-06-16 15:30:53,518   INFO  cfg.MODEL.BACKBONE_2D.NAME: BaseBEVBackbone
2025-06-16 15:30:53,518   INFO  cfg.MODEL.BACKBONE_2D.LAYER_NUMS: [3, 5, 5]
2025-06-16 15:30:53,518   INFO  cfg.MODEL.BACKBONE_2D.LAYER_STRIDES: [2, 2, 2]
2025-06-16 15:30:53,518   INFO  cfg.MODEL.BACKBONE_2D.NUM_FILTERS: [64, 128, 256]
2025-06-16 15:30:53,518   INFO  cfg.MODEL.BACKBONE_2D.UPSAMPLE_STRIDES: [1, 2, 4]
2025-06-16 15:30:53,518   INFO  cfg.MODEL.BACKBONE_2D.NUM_UPSAMPLE_FILTERS: [128, 128, 128]
2025-06-16 15:30:53,518   INFO  ----------- DENSE_HEAD -----------
2025-06-16 15:30:53,518   INFO  cfg.MODEL.DENSE_HEAD.NAME: AnchorHeadSingle
2025-06-16 15:30:53,518   INFO  cfg.MODEL.DENSE_HEAD.CLASS_AGNOSTIC: False
2025-06-16 15:30:53,518   INFO  cfg.MODEL.DENSE_HEAD.USE_DIRECTION_CLASSIFIER: True
2025-06-16 15:30:53,518   INFO  cfg.MODEL.DENSE_HEAD.DIR_OFFSET: 0.78539
2025-06-16 15:30:53,518   INFO  cfg.MODEL.DENSE_HEAD.DIR_LIMIT_OFFSET: 0.0
2025-06-16 15:30:53,518   INFO  cfg.MODEL.DENSE_HEAD.NUM_DIR_BINS: 2
2025-06-16 15:30:53,518   INFO  cfg.MODEL.DENSE_HEAD.ANCHOR_GENERATOR_CONFIG: [{'class_name': 'Car', 'anchor_sizes': [[3.9, 1.6, 1.56]], 'anchor_rotations': [0, 1.57], 'anchor_bottom_heights': [-1.78], 'align_center': False, 'feature_map_stride': 2, 'matched_threshold': 0.6, 'unmatched_threshold': 0.45}]
2025-06-16 15:30:53,518   INFO  ----------- TARGET_ASSIGNER_CONFIG -----------
2025-06-16 15:30:53,518   INFO  cfg.MODEL.DENSE_HEAD.TARGET_ASSIGNER_CONFIG.NAME: AxisAlignedTargetAssigner
2025-06-16 15:30:53,518   INFO  cfg.MODEL.DENSE_HEAD.TARGET_ASSIGNER_CONFIG.POS_FRACTION: -1.0
2025-06-16 15:30:53,518   INFO  cfg.MODEL.DENSE_HEAD.TARGET_ASSIGNER_CONFIG.SAMPLE_SIZE: 512
2025-06-16 15:30:53,518   INFO  cfg.MODEL.DENSE_HEAD.TARGET_ASSIGNER_CONFIG.NORM_BY_NUM_EXAMPLES: False
2025-06-16 15:30:53,518   INFO  cfg.MODEL.DENSE_HEAD.TARGET_ASSIGNER_CONFIG.MATCH_HEIGHT: False
2025-06-16 15:30:53,518   INFO  cfg.MODEL.DENSE_HEAD.TARGET_ASSIGNER_CONFIG.BOX_CODER: ResidualCoder
2025-06-16 15:30:53,518   INFO  ----------- LOSS_CONFIG -----------
2025-06-16 15:30:53,518   INFO  ----------- LOSS_WEIGHTS -----------
2025-06-16 15:30:53,519   INFO  cfg.MODEL.DENSE_HEAD.LOSS_CONFIG.LOSS_WEIGHTS.cls_weight: 1.0
2025-06-16 15:30:53,519   INFO  cfg.MODEL.DENSE_HEAD.LOSS_CONFIG.LOSS_WEIGHTS.loc_weight: 2.0
2025-06-16 15:30:53,519   INFO  cfg.MODEL.DENSE_HEAD.LOSS_CONFIG.LOSS_WEIGHTS.dir_weight: 0.2
2025-06-16 15:30:53,519   INFO  cfg.MODEL.DENSE_HEAD.LOSS_CONFIG.LOSS_WEIGHTS.code_weights: [1.0, 1.0, 1.0, 1.0, 1.0, 1.0, 1.0]
2025-06-16 15:30:53,519   INFO  ----------- POST_PROCESSING -----------
2025-06-16 15:30:53,519   INFO  cfg.MODEL.POST_PROCESSING.RECALL_THRESH_LIST: [0.3, 0.5, 0.7]
2025-06-16 15:30:53,519   INFO  cfg.MODEL.POST_PROCESSING.SCORE_THRESH: 0.1
2025-06-16 15:30:53,519   INFO  cfg.MODEL.POST_PROCESSING.OUTPUT_RAW_SCORE: False
2025-06-16 15:30:53,519   INFO  cfg.MODEL.POST_PROCESSING.EVAL_METRIC: kitti
2025-06-16 15:30:53,519   INFO  ----------- NMS_CONFIG -----------
2025-06-16 15:30:53,519   INFO  cfg.MODEL.POST_PROCESSING.NMS_CONFIG.MULTI_CLASSES_NMS: False
2025-06-16 15:30:53,519   INFO  cfg.MODEL.POST_PROCESSING.NMS_CONFIG.NMS_TYPE: nms_gpu
2025-06-16 15:30:53,519   INFO  cfg.MODEL.POST_PROCESSING.NMS_CONFIG.NMS_THRESH: 0.01
2025-06-16 15:30:53,519   INFO  cfg.MODEL.POST_PROCESSING.NMS_CONFIG.NMS_PRE_MAXSIZE: 4096
2025-06-16 15:30:53,519   INFO  cfg.MODEL.POST_PROCESSING.NMS_CONFIG.NMS_POST_MAXSIZE: 500
2025-06-16 15:30:53,519   INFO  ----------- OPTIMIZATION -----------
2025-06-16 15:30:53,519   INFO  cfg.OPTIMIZATION.BATCH_SIZE_PER_GPU: 2
2025-06-16 15:30:53,519   INFO  cfg.OPTIMIZATION.NUM_EPOCHS: 80
2025-06-16 15:30:53,519   INFO  cfg.OPTIMIZATION.OPTIMIZER: adam_onecycle
2025-06-16 15:30:53,519   INFO  cfg.OPTIMIZATION.LR: 0.003
2025-06-16 15:30:53,519   INFO  cfg.OPTIMIZATION.WEIGHT_DECAY: 0.01
2025-06-16 15:30:53,519   INFO  cfg.OPTIMIZATION.MOMENTUM: 0.9
2025-06-16 15:30:53,519   INFO  cfg.OPTIMIZATION.MOMS: [0.95, 0.85]
2025-06-16 15:30:53,519   INFO  cfg.OPTIMIZATION.PCT_START: 0.4
2025-06-16 15:30:53,519   INFO  cfg.OPTIMIZATION.DIV_FACTOR: 10
2025-06-16 15:30:53,519   INFO  cfg.OPTIMIZATION.DECAY_STEP_LIST: [35, 45]
2025-06-16 15:30:53,520   INFO  cfg.OPTIMIZATION.LR_DECAY: 0.1
2025-06-16 15:30:53,520   INFO  cfg.OPTIMIZATION.LR_CLIP: 1e-07
2025-06-16 15:30:53,520   INFO  cfg.OPTIMIZATION.LR_WARMUP: False
2025-06-16 15:30:53,520   INFO  cfg.OPTIMIZATION.WARMUP_EPOCH: 1
2025-06-16 15:30:53,520   INFO  cfg.OPTIMIZATION.GRAD_NORM_CLIP: 10
2025-06-16 15:30:53,520   INFO  cfg.TAG: pillarfocus_pop_rcnn
2025-06-16 15:30:53,520   INFO  cfg.EXP_GROUP_PATH: kitti_models
2025-06-16 15:30:53,548   INFO  ----------- Create dataloader & network & optimizer -----------
2025-06-16 15:30:53,745   INFO  Database filter by min points Car: 14357 => 13532
2025-06-16 15:30:53,746   INFO  Database filter by min points Pedestrian: 2207 => 2168
2025-06-16 15:30:53,746   INFO  Database filter by min points Cyclist: 734 => 705
2025-06-16 15:30:53,776   INFO  Database filter by difficulty Car: 13532 => 10759
2025-06-16 15:30:53,781   INFO  Database filter by difficulty Pedestrian: 2168 => 2075
2025-06-16 15:30:53,782   INFO  Database filter by difficulty Cyclist: 705 => 581
2025-06-16 15:30:53,788   INFO  Loading KITTI dataset
2025-06-16 15:30:53,922   INFO  Total samples for KITTI dataset: 3712
/root/anaconda3/envs/open1/lib/python3.9/site-packages/torch/functional.py:504: UserWarning: torch.meshgrid: in an upcoming release, it will be required to pass the indexing argument. (Triggered internally at ../aten/src/ATen/native/TensorShape.cpp:3483.)
  return _VF.meshgrid(tensors, **kwargs)  # type: ignore[attr-defined]
2025-06-16 15:30:54,409   INFO  ==> Loading parameters from checkpoint /det/OpenPCDet/output/kitti_models/pillarfocus_pop_rcnn/pillarfocus_full/ckpt/checkpoint_epoch_36.pth to GPU
2025-06-16 15:30:54,797   INFO  ==> Loading optimizer parameters from checkpoint /det/OpenPCDet/output/kitti_models/pillarfocus_pop_rcnn/pillarfocus_full/ckpt/checkpoint_epoch_36.pth to GPU
2025-06-16 15:30:54,812   INFO  ==> Done
2025-06-16 15:30:54,813   INFO  ----------- Model PillarFocusRCNN created, param count: 4817466 -----------
2025-06-16 15:30:54,813   INFO  PillarFocusRCNN(
  (vfe): PillarFocusVFE(
    (pfn_layers): ModuleList(
      (0): PFNLayer(
        (linear): Linear(in_features=10, out_features=64, bias=False)
        (norm): BatchNorm1d(64, eps=0.001, momentum=0.01, affine=True, track_running_stats=True)
      )
    )
  )
  (backbone_3d): None
  (map_to_bev_module): PillarFocusScatter(
    (spatial_conv): Sequential(
      (0): Conv2d(64, 16, kernel_size=(1, 1), stride=(1, 1))
      (1): ReLU(inplace=True)
      (2): Conv2d(16, 1, kernel_size=(1, 1), stride=(1, 1))
      (3): Sigmoid()
    )
  )
  (pfe): None
  (backbone_2d): BaseBEVBackbone(
    (blocks): ModuleList(
      (0): Sequential(
        (0): ZeroPad2d((1, 1, 1, 1))
        (1): Conv2d(64, 64, kernel_size=(3, 3), stride=(2, 2), bias=False)
        (2): BatchNorm2d(64, eps=0.001, momentum=0.01, affine=True, track_running_stats=True)
        (3): ReLU()
        (4): Conv2d(64, 64, kernel_size=(3, 3), stride=(1, 1), padding=(1, 1), bias=False)
        (5): BatchNorm2d(64, eps=0.001, momentum=0.01, affine=True, track_running_stats=True)
        (6): ReLU()
        (7): Conv2d(64, 64, kernel_size=(3, 3), stride=(1, 1), padding=(1, 1), bias=False)
        (8): BatchNorm2d(64, eps=0.001, momentum=0.01, affine=True, track_running_stats=True)
        (9): ReLU()
        (10): Conv2d(64, 64, kernel_size=(3, 3), stride=(1, 1), padding=(1, 1), bias=False)
        (11): BatchNorm2d(64, eps=0.001, momentum=0.01, affine=True, track_running_stats=True)
        (12): ReLU()
      )
      (1): Sequential(
        (0): ZeroPad2d((1, 1, 1, 1))
        (1): Conv2d(64, 128, kernel_size=(3, 3), stride=(2, 2), bias=False)
        (2): BatchNorm2d(128, eps=0.001, momentum=0.01, affine=True, track_running_stats=True)
        (3): ReLU()
        (4): Conv2d(128, 128, kernel_size=(3, 3), stride=(1, 1), padding=(1, 1), bias=False)
        (5): BatchNorm2d(128, eps=0.001, momentum=0.01, affine=True, track_running_stats=True)
        (6): ReLU()
        (7): Conv2d(128, 128, kernel_size=(3, 3), stride=(1, 1), padding=(1, 1), bias=False)
        (8): BatchNorm2d(128, eps=0.001, momentum=0.01, affine=True, track_running_stats=True)
        (9): ReLU()
        (10): Conv2d(128, 128, kernel_size=(3, 3), stride=(1, 1), padding=(1, 1), bias=False)
        (11): BatchNorm2d(128, eps=0.001, momentum=0.01, affine=True, track_running_stats=True)
        (12): ReLU()
        (13): Conv2d(128, 128, kernel_size=(3, 3), stride=(1, 1), padding=(1, 1), bias=False)
        (14): BatchNorm2d(128, eps=0.001, momentum=0.01, affine=True, track_running_stats=True)
        (15): ReLU()
        (16): Conv2d(128, 128, kernel_size=(3, 3), stride=(1, 1), padding=(1, 1), bias=False)
        (17): BatchNorm2d(128, eps=0.001, momentum=0.01, affine=True, track_running_stats=True)
        (18): ReLU()
      )
      (2): Sequential(
        (0): ZeroPad2d((1, 1, 1, 1))
        (1): Conv2d(128, 256, kernel_size=(3, 3), stride=(2, 2), bias=False)
        (2): BatchNorm2d(256, eps=0.001, momentum=0.01, affine=True, track_running_stats=True)
        (3): ReLU()
        (4): Conv2d(256, 256, kernel_size=(3, 3), stride=(1, 1), padding=(1, 1), bias=False)
        (5): BatchNorm2d(256, eps=0.001, momentum=0.01, affine=True, track_running_stats=True)
        (6): ReLU()
        (7): Conv2d(256, 256, kernel_size=(3, 3), stride=(1, 1), padding=(1, 1), bias=False)
        (8): BatchNorm2d(256, eps=0.001, momentum=0.01, affine=True, track_running_stats=True)
        (9): ReLU()
        (10): Conv2d(256, 256, kernel_size=(3, 3), stride=(1, 1), padding=(1, 1), bias=False)
        (11): BatchNorm2d(256, eps=0.001, momentum=0.01, affine=True, track_running_stats=True)
        (12): ReLU()
        (13): Conv2d(256, 256, kernel_size=(3, 3), stride=(1, 1), padding=(1, 1), bias=False)
        (14): BatchNorm2d(256, eps=0.001, momentum=0.01, affine=True, track_running_stats=True)
        (15): ReLU()
        (16): Conv2d(256, 256, kernel_size=(3, 3), stride=(1, 1), padding=(1, 1), bias=False)
        (17): BatchNorm2d(256, eps=0.001, momentum=0.01, affine=True, track_running_stats=True)
        (18): ReLU()
      )
    )
    (deblocks): ModuleList(
      (0): Sequential(
        (0): ConvTranspose2d(64, 128, kernel_size=(1, 1), stride=(1, 1), bias=False)
        (1): BatchNorm2d(128, eps=0.001, momentum=0.01, affine=True, track_running_stats=True)
        (2): ReLU()
      )
      (1): Sequential(
        (0): ConvTranspose2d(128, 128, kernel_size=(2, 2), stride=(2, 2), bias=False)
        (1): BatchNorm2d(128, eps=0.001, momentum=0.01, affine=True, track_running_stats=True)
        (2): ReLU()
      )
      (2): Sequential(
        (0): ConvTranspose2d(256, 128, kernel_size=(4, 4), stride=(4, 4), bias=False)
        (1): BatchNorm2d(128, eps=0.001, momentum=0.01, affine=True, track_running_stats=True)
        (2): ReLU()
      )
    )
  )
  (dense_head): AnchorHeadSingle(
    (cls_loss_func): SigmoidFocalClassificationLoss()
    (reg_loss_func): WeightedSmoothL1Loss()
    (dir_loss_func): WeightedCrossEntropyLoss()
    (conv_cls): Conv2d(384, 6, kernel_size=(1, 1), stride=(1, 1))
    (conv_box): Conv2d(384, 14, kernel_size=(1, 1), stride=(1, 1))
    (conv_dir_cls): Conv2d(384, 4, kernel_size=(1, 1), stride=(1, 1))
  )
  (point_head): None
  (roi_head): None
)
2025-06-16 15:30:54,815   INFO  **********************Start training kitti_models/pillarfocus_pop_rcnn(pillarfocus_full)**********************
==> Checkpoint trained from version: pcdet+0.6.0+8caccce
epochs:   0%|          | 0/44 [00:00<?, ?it/s]
train:   0%|          | 0/1856 [00:00<?, ?it/s][A2025-06-16 15:30:58,523   INFO  Train:   37/80 ( 46%) [   0/1856 (  0%)]  Loss: 0.3237 (0.324)  LR: 2.949e-03  Time cost: 00:02/1:27:44 [00:03/64:20:30]  Acc_iter 66817       Data time: 1.41(1.41)  Forward time: 1.42(1.42)  Batch time: 2.83(2.83)
2025-06-16 15:31:07,221   INFO  Train:   37/80 ( 46%) [  33/1856 (  2%)]  Loss: 0.3744 (0.394)  LR: 2.948e-03  Time cost: 00:11/10:18 [00:12/7:41:32]  Acc_iter 66850       Data time: 0.18(0.12)  Forward time: 0.18(0.21)  Batch time: 0.36(0.34)
epochs:   0%|          | 0/44 [00:22<?, ?it/s]
Traceback (most recent call last):
  File "/det/OpenPCDet/tools/train.py", line 233, in <module>
    main()
  File "/det/OpenPCDet/tools/train.py", line 178, in main
    train_model(
  File "/det/OpenPCDet/tools/train_utils/train_utils.py", line 180, in train_model
    accumulated_iter = train_one_epoch(
  File "/det/OpenPCDet/tools/train_utils/train_utils.py", line 56, in train_one_epoch
    loss, tb_dict, disp_dict = model_func(model, batch)
  File "/det/OpenPCDet/tools/../pcdet/models/__init__.py", line 43, in model_func
    load_data_to_gpu(batch_dict)
  File "/det/OpenPCDet/tools/../pcdet/models/__init__.py", line 36, in load_data_to_gpu
    batch_dict[key] = torch.from_numpy(val).float().cuda()
KeyboardInterrupt

                                               [A